#
# There is insufficient memory for the Java Runtime Environment to continue.
# Native memory allocation (malloc) failed to allocate 1131168 bytes for Chunk::new
# Possible reasons:
#   The system is out of physical RAM or swap space
#   The process is running with CompressedOops enabled, and the Java Heap may be blocking the growth of the native heap
# Possible solutions:
#   Reduce memory load on the system
#   Increase physical memory or swap space
#   Check if swap backing store is full
#   Decrease Java heap size (-Xmx/-Xms)
#   Decrease number of Java threads
#   Decrease Java thread stack sizes (-Xss)
#   Set larger code cache with -XX:ReservedCodeCacheSize=
#   JVM is running with Unscaled Compressed Oops mode in which the Java heap is
#     placed in the first 4GB address space. The Java Heap base address is the
#     maximum limit for the native heap growth. Please use -XX:HeapBaseMinAddress
#     to set the Java Heap base and to place the Java Heap above 4GB virtual address.
# This output file may be truncated or incomplete.
#
#  Out of Memory Error (arena.cpp:195), pid=8536, tid=6848
#
# JRE version: OpenJDK Runtime Environment (16.0.2+7) (build 16.0.2+7-67)
# Java VM: OpenJDK 64-Bit Server VM (16.0.2+7-67, mixed mode, tiered, compressed oops, compressed class ptrs, g1 gc, windows-amd64)
# No core dump will be written. Minidumps are not enabled by default on client versions of Windows
#

---------------  S U M M A R Y ------------

Command Line: -ea -Dfile.encoding=Cp1252 -XX:+ShowCodeDetailsInExceptionMessages org.testng.remote.RemoteTestNG -serport 58142 -protocol json -d F:\eclipse-workspace\SDET_2_PRA\test-output C:\Users\lenovo\AppData\Local\Temp\testng-eclipse-1475289111\testng-customsuite.xml

Host: Intel(R) Core(TM) i5-8250U CPU @ 1.60GHz, 8 cores, 7G,  Windows 10 , 64 bit Build 19041 (10.0.19041.1348)
Time: Fri Dec 17 13:42:13 2021 India Standard Time elapsed time: 0.906725 seconds (0d 0h 0m 0s)

---------------  T H R E A D  ---------------

Current thread (0x000002777883a8d0):  JavaThread "C2 CompilerThread1" daemon [_thread_in_native, id=6848, stack(0x000000a07ee00000,0x000000a07ef00000)]


Current CompileTask:
C2:    906 1158       4       jdk.internal.org.objectweb.asm.Frame::execute (2305 bytes)

Stack: [0x000000a07ee00000,0x000000a07ef00000]
Native frames: (J=compiled Java code, j=interpreted, Vv=VM code, C=native code)
V  [jvm.dll+0x6681ca]
V  [jvm.dll+0x7c9e69]
V  [jvm.dll+0x7cb61e]
V  [jvm.dll+0x7cbc73]
V  [jvm.dll+0x242c55]
V  [jvm.dll+0xadeba]
V  [jvm.dll+0xae45c]
V  [jvm.dll+0x35a8d7]
V  [jvm.dll+0x1b9aca]
V  [jvm.dll+0x215e16]
V  [jvm.dll+0x215100]
V  [jvm.dll+0x1a1beb]
V  [jvm.dll+0x225158]
V  [jvm.dll+0x22319c]
V  [jvm.dll+0x77fa62]
V  [jvm.dll+0x7795aa]
V  [jvm.dll+0x667066]
C  [ucrtbase.dll+0x21bb2]
C  [KERNEL32.DLL+0x17034]
C  [ntdll.dll+0x52651]


---------------  P R O C E S S  ---------------

Threads class SMR info:
_java_thread_list=0x00000277792a5dd0, length=16, elements={
0x000002775dbdac90, 0x0000027777a5a020, 0x0000027777a5aee0, 0x000002777842c5a0,
0x000002777842f1c0, 0x00000277784320d0, 0x000002777843aae0, 0x000002777843edc0,
0x000002777843f8b0, 0x0000027778442300, 0x00000277785afce0, 0x00000277785af240,
0x000002777883a8d0, 0x00000277785b0cd0, 0x00000277785aecf0, 0x00000277793e0220
}

Java Threads: ( => current thread )
  0x000002775dbdac90 JavaThread "main" [_thread_in_Java, id=15292, stack(0x000000a07db00000,0x000000a07dc00000)]
  0x0000027777a5a020 JavaThread "Reference Handler" daemon [_thread_blocked, id=5332, stack(0x000000a07e200000,0x000000a07e300000)]
  0x0000027777a5aee0 JavaThread "Finalizer" daemon [_thread_blocked, id=15320, stack(0x000000a07e300000,0x000000a07e400000)]
  0x000002777842c5a0 JavaThread "Signal Dispatcher" daemon [_thread_blocked, id=14124, stack(0x000000a07e400000,0x000000a07e500000)]
  0x000002777842f1c0 JavaThread "Attach Listener" daemon [_thread_blocked, id=3112, stack(0x000000a07e500000,0x000000a07e600000)]
  0x00000277784320d0 JavaThread "Service Thread" daemon [_thread_blocked, id=6268, stack(0x000000a07e600000,0x000000a07e700000)]
  0x000002777843aae0 JavaThread "Monitor Deflation Thread" daemon [_thread_blocked, id=7364, stack(0x000000a07e700000,0x000000a07e800000)]
  0x000002777843edc0 JavaThread "C2 CompilerThread0" daemon [_thread_in_native, id=12664, stack(0x000000a07e800000,0x000000a07e900000)]
  0x000002777843f8b0 JavaThread "C1 CompilerThread0" daemon [_thread_blocked, id=7212, stack(0x000000a07e900000,0x000000a07ea00000)]
  0x0000027778442300 JavaThread "Sweeper thread" daemon [_thread_blocked, id=8320, stack(0x000000a07ea00000,0x000000a07eb00000)]
  0x00000277785afce0 JavaThread "Notification Thread" daemon [_thread_blocked, id=10084, stack(0x000000a07eb00000,0x000000a07ec00000)]
  0x00000277785af240 JavaThread "Common-Cleaner" daemon [_thread_blocked, id=5956, stack(0x000000a07ed00000,0x000000a07ee00000)]
=>0x000002777883a8d0 JavaThread "C2 CompilerThread1" daemon [_thread_in_native, id=6848, stack(0x000000a07ee00000,0x000000a07ef00000)]
  0x00000277785b0cd0 JavaThread "ReaderThread" [_thread_in_native, id=10088, stack(0x000000a07f000000,0x000000a07f100000)]
  0x00000277785aecf0 JavaThread "ForkJoinPool.commonPool-worker-3" daemon [_thread_blocked, id=3964, stack(0x000000a07f800000,0x000000a07f900000)]
  0x00000277793e0220 JavaThread "C2 CompilerThread2" daemon [_thread_blocked, id=7080, stack(0x000000a07f900000,0x000000a07fa00000)]

Other Threads:
  0x0000027777a43e60 VMThread "VM Thread" [stack: 0x000000a07e100000,0x000000a07e200000] [id=11152]
  0x00000277785b2210 WatcherThread [stack: 0x000000a07ec00000,0x000000a07ed00000] [id=13440]
  0x000002775dc1bc80 GCTaskThread "GC Thread#0" [stack: 0x000000a07dc00000,0x000000a07dd00000] [id=10036]
  0x00000277791c8690 GCTaskThread "GC Thread#1" [stack: 0x000000a07f100000,0x000000a07f200000] [id=11796]
  0x00000277791f21b0 GCTaskThread "GC Thread#2" [stack: 0x000000a07f200000,0x000000a07f300000] [id=12532]
  0x00000277791f24c0 GCTaskThread "GC Thread#3" [stack: 0x000000a07f300000,0x000000a07f400000] [id=3932]
  0x000002777937ffb0 GCTaskThread "GC Thread#4" [stack: 0x000000a07f400000,0x000000a07f500000] [id=14304]
  0x00000277792a7570 GCTaskThread "GC Thread#5" [stack: 0x000000a07f500000,0x000000a07f600000] [id=7244]
  0x00000277791c7870 GCTaskThread "GC Thread#6" [stack: 0x000000a07f600000,0x000000a07f700000] [id=10020]
  0x000002775dc2ea20 ConcurrentGCThread "G1 Main Marker" [stack: 0x000000a07dd00000,0x000000a07de00000] [id=11252]
  0x000002775dc2fc30 ConcurrentGCThread "G1 Conc#0" [stack: 0x000000a07de00000,0x000000a07df00000] [id=8832]
  0x00000277778960e0 ConcurrentGCThread "G1 Refine#0" [stack: 0x000000a07df00000,0x000000a07e000000] [id=2004]
  0x00000277791f27d0 ConcurrentGCThread "G1 Refine#1" [stack: 0x000000a07f700000,0x000000a07f800000] [id=6000]
  0x0000027777896970 ConcurrentGCThread "G1 Service" [stack: 0x000000a07e000000,0x000000a07e100000] [id=11424]

Threads with active compile tasks:
C2 CompilerThread0      982 1317   !   4       java.util.concurrent.ConcurrentHashMap::putVal (432 bytes)
C1 CompilerThread0      982 1325       3       java.lang.invoke.DirectMethodHandle::make (268 bytes)
C2 CompilerThread1      982 1158       4       jdk.internal.org.objectweb.asm.Frame::execute (2305 bytes)

VM state: not at safepoint (normal execution)

VM Mutex/Monitor currently owned by a thread: None

Heap address: 0x0000000081600000, size: 2026 MB, Compressed Oops mode: 32-bit

CDS disabled.
Compressed class space mapped at: 0x0000000100000000-0x0000000140000000, reserved size: 1073741824
Narrow klass base: 0x0000000000000000, Narrow klass shift: 3, Narrow klass range: 0x140000000

GC Precious Log:
 CPUs: 8 total, 8 available
 Memory: 8101M
 Large Page Support: Disabled
 NUMA Support: Disabled
 Compressed Oops: Enabled (32-bit)
 Heap Region Size: 1M
 Heap Min Capacity: 8M
 Heap Initial Capacity: 128M
 Heap Max Capacity: 2026M
 Pre-touch: Disabled
 Parallel Workers: 8
 Concurrent Workers: 2
 Concurrent Refinement Workers: 8
 Periodic GC: Disabled

Heap:
 garbage-first heap   total 131072K, used 17100K [0x0000000081600000, 0x0000000100000000)
  region size 1024K, 14 young (14336K), 3 survivors (3072K)
 Metaspace       used 18050K, committed 18240K, reserved 1064960K
  class space    used 1893K, committed 1984K, reserved 1048576K

Heap Regions: E=young(eden), S=young(survivor), O=old, HS=humongous(starts), HC=humongous(continues), CS=collection set, F=free, OA=open archive, CA=closed archive, TAMS=top-at-mark-start (previous, next)
|   0|0x0000000081600000, 0x0000000081700000, 0x0000000081700000|100%| O|  |TAMS 0x0000000081600000, 0x0000000081600000| Untracked 
|   1|0x0000000081700000, 0x0000000081800000, 0x0000000081800000|100%| O|  |TAMS 0x0000000081700000, 0x0000000081700000| Untracked 
|   2|0x0000000081800000, 0x0000000081900000, 0x0000000081900000|100%| O|  |TAMS 0x0000000081800000, 0x0000000081800000| Untracked 
|   3|0x0000000081900000, 0x00000000819b3200, 0x0000000081a00000| 69%| O|  |TAMS 0x0000000081900000, 0x0000000081900000| Untracked 
|   4|0x0000000081a00000, 0x0000000081a00000, 0x0000000081b00000|  0%| F|  |TAMS 0x0000000081a00000, 0x0000000081a00000| Untracked 
|   5|0x0000000081b00000, 0x0000000081b00000, 0x0000000081c00000|  0%| F|  |TAMS 0x0000000081b00000, 0x0000000081b00000| Untracked 
|   6|0x0000000081c00000, 0x0000000081c00000, 0x0000000081d00000|  0%| F|  |TAMS 0x0000000081c00000, 0x0000000081c00000| Untracked 
|   7|0x0000000081d00000, 0x0000000081d00000, 0x0000000081e00000|  0%| F|  |TAMS 0x0000000081d00000, 0x0000000081d00000| Untracked 
|   8|0x0000000081e00000, 0x0000000081e00000, 0x0000000081f00000|  0%| F|  |TAMS 0x0000000081e00000, 0x0000000081e00000| Untracked 
|   9|0x0000000081f00000, 0x0000000081f00000, 0x0000000082000000|  0%| F|  |TAMS 0x0000000081f00000, 0x0000000081f00000| Untracked 
|  10|0x0000000082000000, 0x0000000082000000, 0x0000000082100000|  0%| F|  |TAMS 0x0000000082000000, 0x0000000082000000| Untracked 
|  11|0x0000000082100000, 0x0000000082100000, 0x0000000082200000|  0%| F|  |TAMS 0x0000000082100000, 0x0000000082100000| Untracked 
|  12|0x0000000082200000, 0x0000000082200000, 0x0000000082300000|  0%| F|  |TAMS 0x0000000082200000, 0x0000000082200000| Untracked 
|  13|0x0000000082300000, 0x0000000082300000, 0x0000000082400000|  0%| F|  |TAMS 0x0000000082300000, 0x0000000082300000| Untracked 
|  14|0x0000000082400000, 0x0000000082400000, 0x0000000082500000|  0%| F|  |TAMS 0x0000000082400000, 0x0000000082400000| Untracked 
|  15|0x0000000082500000, 0x0000000082500000, 0x0000000082600000|  0%| F|  |TAMS 0x0000000082500000, 0x0000000082500000| Untracked 
|  16|0x0000000082600000, 0x0000000082600000, 0x0000000082700000|  0%| F|  |TAMS 0x0000000082600000, 0x0000000082600000| Untracked 
|  17|0x0000000082700000, 0x0000000082700000, 0x0000000082800000|  0%| F|  |TAMS 0x0000000082700000, 0x0000000082700000| Untracked 
|  18|0x0000000082800000, 0x0000000082800000, 0x0000000082900000|  0%| F|  |TAMS 0x0000000082800000, 0x0000000082800000| Untracked 
|  19|0x0000000082900000, 0x0000000082900000, 0x0000000082a00000|  0%| F|  |TAMS 0x0000000082900000, 0x0000000082900000| Untracked 
|  20|0x0000000082a00000, 0x0000000082a00000, 0x0000000082b00000|  0%| F|  |TAMS 0x0000000082a00000, 0x0000000082a00000| Untracked 
|  21|0x0000000082b00000, 0x0000000082b00000, 0x0000000082c00000|  0%| F|  |TAMS 0x0000000082b00000, 0x0000000082b00000| Untracked 
|  22|0x0000000082c00000, 0x0000000082c00000, 0x0000000082d00000|  0%| F|  |TAMS 0x0000000082c00000, 0x0000000082c00000| Untracked 
|  23|0x0000000082d00000, 0x0000000082d00000, 0x0000000082e00000|  0%| F|  |TAMS 0x0000000082d00000, 0x0000000082d00000| Untracked 
|  24|0x0000000082e00000, 0x0000000082e00000, 0x0000000082f00000|  0%| F|  |TAMS 0x0000000082e00000, 0x0000000082e00000| Untracked 
|  25|0x0000000082f00000, 0x0000000082f00000, 0x0000000083000000|  0%| F|  |TAMS 0x0000000082f00000, 0x0000000082f00000| Untracked 
|  26|0x0000000083000000, 0x0000000083000000, 0x0000000083100000|  0%| F|  |TAMS 0x0000000083000000, 0x0000000083000000| Untracked 
|  27|0x0000000083100000, 0x0000000083100000, 0x0000000083200000|  0%| F|  |TAMS 0x0000000083100000, 0x0000000083100000| Untracked 
|  28|0x0000000083200000, 0x0000000083200000, 0x0000000083300000|  0%| F|  |TAMS 0x0000000083200000, 0x0000000083200000| Untracked 
|  29|0x0000000083300000, 0x0000000083300000, 0x0000000083400000|  0%| F|  |TAMS 0x0000000083300000, 0x0000000083300000| Untracked 
|  30|0x0000000083400000, 0x0000000083400000, 0x0000000083500000|  0%| F|  |TAMS 0x0000000083400000, 0x0000000083400000| Untracked 
|  31|0x0000000083500000, 0x0000000083500000, 0x0000000083600000|  0%| F|  |TAMS 0x0000000083500000, 0x0000000083500000| Untracked 
|  32|0x0000000083600000, 0x0000000083600000, 0x0000000083700000|  0%| F|  |TAMS 0x0000000083600000, 0x0000000083600000| Untracked 
|  33|0x0000000083700000, 0x0000000083700000, 0x0000000083800000|  0%| F|  |TAMS 0x0000000083700000, 0x0000000083700000| Untracked 
|  34|0x0000000083800000, 0x0000000083800000, 0x0000000083900000|  0%| F|  |TAMS 0x0000000083800000, 0x0000000083800000| Untracked 
|  35|0x0000000083900000, 0x0000000083900000, 0x0000000083a00000|  0%| F|  |TAMS 0x0000000083900000, 0x0000000083900000| Untracked 
|  36|0x0000000083a00000, 0x0000000083a00000, 0x0000000083b00000|  0%| F|  |TAMS 0x0000000083a00000, 0x0000000083a00000| Untracked 
|  37|0x0000000083b00000, 0x0000000083b00000, 0x0000000083c00000|  0%| F|  |TAMS 0x0000000083b00000, 0x0000000083b00000| Untracked 
|  38|0x0000000083c00000, 0x0000000083c00000, 0x0000000083d00000|  0%| F|  |TAMS 0x0000000083c00000, 0x0000000083c00000| Untracked 
|  39|0x0000000083d00000, 0x0000000083d00000, 0x0000000083e00000|  0%| F|  |TAMS 0x0000000083d00000, 0x0000000083d00000| Untracked 
|  40|0x0000000083e00000, 0x0000000083e00000, 0x0000000083f00000|  0%| F|  |TAMS 0x0000000083e00000, 0x0000000083e00000| Untracked 
|  41|0x0000000083f00000, 0x0000000083f00000, 0x0000000084000000|  0%| F|  |TAMS 0x0000000083f00000, 0x0000000083f00000| Untracked 
|  42|0x0000000084000000, 0x0000000084000000, 0x0000000084100000|  0%| F|  |TAMS 0x0000000084000000, 0x0000000084000000| Untracked 
|  43|0x0000000084100000, 0x0000000084100000, 0x0000000084200000|  0%| F|  |TAMS 0x0000000084100000, 0x0000000084100000| Untracked 
|  44|0x0000000084200000, 0x0000000084200000, 0x0000000084300000|  0%| F|  |TAMS 0x0000000084200000, 0x0000000084200000| Untracked 
|  45|0x0000000084300000, 0x0000000084300000, 0x0000000084400000|  0%| F|  |TAMS 0x0000000084300000, 0x0000000084300000| Untracked 
|  46|0x0000000084400000, 0x0000000084400000, 0x0000000084500000|  0%| F|  |TAMS 0x0000000084400000, 0x0000000084400000| Untracked 
|  47|0x0000000084500000, 0x0000000084500000, 0x0000000084600000|  0%| F|  |TAMS 0x0000000084500000, 0x0000000084500000| Untracked 
|  48|0x0000000084600000, 0x0000000084600000, 0x0000000084700000|  0%| F|  |TAMS 0x0000000084600000, 0x0000000084600000| Untracked 
|  49|0x0000000084700000, 0x0000000084700000, 0x0000000084800000|  0%| F|  |TAMS 0x0000000084700000, 0x0000000084700000| Untracked 
|  50|0x0000000084800000, 0x0000000084800000, 0x0000000084900000|  0%| F|  |TAMS 0x0000000084800000, 0x0000000084800000| Untracked 
|  51|0x0000000084900000, 0x0000000084900000, 0x0000000084a00000|  0%| F|  |TAMS 0x0000000084900000, 0x0000000084900000| Untracked 
|  52|0x0000000084a00000, 0x0000000084a00000, 0x0000000084b00000|  0%| F|  |TAMS 0x0000000084a00000, 0x0000000084a00000| Untracked 
|  53|0x0000000084b00000, 0x0000000084b00000, 0x0000000084c00000|  0%| F|  |TAMS 0x0000000084b00000, 0x0000000084b00000| Untracked 
|  54|0x0000000084c00000, 0x0000000084c00000, 0x0000000084d00000|  0%| F|  |TAMS 0x0000000084c00000, 0x0000000084c00000| Untracked 
|  55|0x0000000084d00000, 0x0000000084d00000, 0x0000000084e00000|  0%| F|  |TAMS 0x0000000084d00000, 0x0000000084d00000| Untracked 
|  56|0x0000000084e00000, 0x0000000084e00000, 0x0000000084f00000|  0%| F|  |TAMS 0x0000000084e00000, 0x0000000084e00000| Untracked 
|  57|0x0000000084f00000, 0x0000000084f00000, 0x0000000085000000|  0%| F|  |TAMS 0x0000000084f00000, 0x0000000084f00000| Untracked 
|  58|0x0000000085000000, 0x0000000085000000, 0x0000000085100000|  0%| F|  |TAMS 0x0000000085000000, 0x0000000085000000| Untracked 
|  59|0x0000000085100000, 0x0000000085100000, 0x0000000085200000|  0%| F|  |TAMS 0x0000000085100000, 0x0000000085100000| Untracked 
|  60|0x0000000085200000, 0x0000000085200000, 0x0000000085300000|  0%| F|  |TAMS 0x0000000085200000, 0x0000000085200000| Untracked 
|  61|0x0000000085300000, 0x0000000085300000, 0x0000000085400000|  0%| F|  |TAMS 0x0000000085300000, 0x0000000085300000| Untracked 
|  62|0x0000000085400000, 0x0000000085400000, 0x0000000085500000|  0%| F|  |TAMS 0x0000000085400000, 0x0000000085400000| Untracked 
|  63|0x0000000085500000, 0x0000000085500000, 0x0000000085600000|  0%| F|  |TAMS 0x0000000085500000, 0x0000000085500000| Untracked 
|  64|0x0000000085600000, 0x0000000085600000, 0x0000000085700000|  0%| F|  |TAMS 0x0000000085600000, 0x0000000085600000| Untracked 
|  65|0x0000000085700000, 0x0000000085700000, 0x0000000085800000|  0%| F|  |TAMS 0x0000000085700000, 0x0000000085700000| Untracked 
|  66|0x0000000085800000, 0x0000000085800000, 0x0000000085900000|  0%| F|  |TAMS 0x0000000085800000, 0x0000000085800000| Untracked 
|  67|0x0000000085900000, 0x0000000085900000, 0x0000000085a00000|  0%| F|  |TAMS 0x0000000085900000, 0x0000000085900000| Untracked 
|  68|0x0000000085a00000, 0x0000000085a00000, 0x0000000085b00000|  0%| F|  |TAMS 0x0000000085a00000, 0x0000000085a00000| Untracked 
|  69|0x0000000085b00000, 0x0000000085b00000, 0x0000000085c00000|  0%| F|  |TAMS 0x0000000085b00000, 0x0000000085b00000| Untracked 
|  70|0x0000000085c00000, 0x0000000085c00000, 0x0000000085d00000|  0%| F|  |TAMS 0x0000000085c00000, 0x0000000085c00000| Untracked 
|  71|0x0000000085d00000, 0x0000000085d00000, 0x0000000085e00000|  0%| F|  |TAMS 0x0000000085d00000, 0x0000000085d00000| Untracked 
|  72|0x0000000085e00000, 0x0000000085e00000, 0x0000000085f00000|  0%| F|  |TAMS 0x0000000085e00000, 0x0000000085e00000| Untracked 
|  73|0x0000000085f00000, 0x0000000085f00000, 0x0000000086000000|  0%| F|  |TAMS 0x0000000085f00000, 0x0000000085f00000| Untracked 
|  74|0x0000000086000000, 0x0000000086000000, 0x0000000086100000|  0%| F|  |TAMS 0x0000000086000000, 0x0000000086000000| Untracked 
|  75|0x0000000086100000, 0x0000000086100000, 0x0000000086200000|  0%| F|  |TAMS 0x0000000086100000, 0x0000000086100000| Untracked 
|  76|0x0000000086200000, 0x0000000086200000, 0x0000000086300000|  0%| F|  |TAMS 0x0000000086200000, 0x0000000086200000| Untracked 
|  77|0x0000000086300000, 0x0000000086300000, 0x0000000086400000|  0%| F|  |TAMS 0x0000000086300000, 0x0000000086300000| Untracked 
|  78|0x0000000086400000, 0x0000000086400000, 0x0000000086500000|  0%| F|  |TAMS 0x0000000086400000, 0x0000000086400000| Untracked 
|  79|0x0000000086500000, 0x0000000086500000, 0x0000000086600000|  0%| F|  |TAMS 0x0000000086500000, 0x0000000086500000| Untracked 
|  80|0x0000000086600000, 0x0000000086600000, 0x0000000086700000|  0%| F|  |TAMS 0x0000000086600000, 0x0000000086600000| Untracked 
|  81|0x0000000086700000, 0x0000000086700000, 0x0000000086800000|  0%| F|  |TAMS 0x0000000086700000, 0x0000000086700000| Untracked 
|  82|0x0000000086800000, 0x0000000086800000, 0x0000000086900000|  0%| F|  |TAMS 0x0000000086800000, 0x0000000086800000| Untracked 
|  83|0x0000000086900000, 0x0000000086900000, 0x0000000086a00000|  0%| F|  |TAMS 0x0000000086900000, 0x0000000086900000| Untracked 
|  84|0x0000000086a00000, 0x0000000086a00000, 0x0000000086b00000|  0%| F|  |TAMS 0x0000000086a00000, 0x0000000086a00000| Untracked 
|  85|0x0000000086b00000, 0x0000000086b00000, 0x0000000086c00000|  0%| F|  |TAMS 0x0000000086b00000, 0x0000000086b00000| Untracked 
|  86|0x0000000086c00000, 0x0000000086c00000, 0x0000000086d00000|  0%| F|  |TAMS 0x0000000086c00000, 0x0000000086c00000| Untracked 
|  87|0x0000000086d00000, 0x0000000086d00000, 0x0000000086e00000|  0%| F|  |TAMS 0x0000000086d00000, 0x0000000086d00000| Untracked 
|  88|0x0000000086e00000, 0x0000000086e00000, 0x0000000086f00000|  0%| F|  |TAMS 0x0000000086e00000, 0x0000000086e00000| Untracked 
|  89|0x0000000086f00000, 0x0000000086f00000, 0x0000000087000000|  0%| F|  |TAMS 0x0000000086f00000, 0x0000000086f00000| Untracked 
|  90|0x0000000087000000, 0x0000000087000000, 0x0000000087100000|  0%| F|  |TAMS 0x0000000087000000, 0x0000000087000000| Untracked 
|  91|0x0000000087100000, 0x0000000087100000, 0x0000000087200000|  0%| F|  |TAMS 0x0000000087100000, 0x0000000087100000| Untracked 
|  92|0x0000000087200000, 0x0000000087200000, 0x0000000087300000|  0%| F|  |TAMS 0x0000000087200000, 0x0000000087200000| Untracked 
|  93|0x0000000087300000, 0x0000000087300000, 0x0000000087400000|  0%| F|  |TAMS 0x0000000087300000, 0x0000000087300000| Untracked 
|  94|0x0000000087400000, 0x0000000087400000, 0x0000000087500000|  0%| F|  |TAMS 0x0000000087400000, 0x0000000087400000| Untracked 
|  95|0x0000000087500000, 0x0000000087500000, 0x0000000087600000|  0%| F|  |TAMS 0x0000000087500000, 0x0000000087500000| Untracked 
|  96|0x0000000087600000, 0x0000000087600000, 0x0000000087700000|  0%| F|  |TAMS 0x0000000087600000, 0x0000000087600000| Untracked 
|  97|0x0000000087700000, 0x0000000087700000, 0x0000000087800000|  0%| F|  |TAMS 0x0000000087700000, 0x0000000087700000| Untracked 
|  98|0x0000000087800000, 0x0000000087800000, 0x0000000087900000|  0%| F|  |TAMS 0x0000000087800000, 0x0000000087800000| Untracked 
|  99|0x0000000087900000, 0x0000000087900000, 0x0000000087a00000|  0%| F|  |TAMS 0x0000000087900000, 0x0000000087900000| Untracked 
| 100|0x0000000087a00000, 0x0000000087a00000, 0x0000000087b00000|  0%| F|  |TAMS 0x0000000087a00000, 0x0000000087a00000| Untracked 
| 101|0x0000000087b00000, 0x0000000087b00000, 0x0000000087c00000|  0%| F|  |TAMS 0x0000000087b00000, 0x0000000087b00000| Untracked 
| 102|0x0000000087c00000, 0x0000000087d00000, 0x0000000087d00000|100%| S|CS|TAMS 0x0000000087c00000, 0x0000000087c00000| Complete 
| 103|0x0000000087d00000, 0x0000000087e00000, 0x0000000087e00000|100%| S|CS|TAMS 0x0000000087d00000, 0x0000000087d00000| Complete 
| 104|0x0000000087e00000, 0x0000000087f00000, 0x0000000087f00000|100%| S|CS|TAMS 0x0000000087e00000, 0x0000000087e00000| Complete 
| 105|0x0000000087f00000, 0x0000000087f00000, 0x0000000088000000|  0%| F|  |TAMS 0x0000000087f00000, 0x0000000087f00000| Untracked 
| 106|0x0000000088000000, 0x0000000088000000, 0x0000000088100000|  0%| F|  |TAMS 0x0000000088000000, 0x0000000088000000| Untracked 
| 107|0x0000000088100000, 0x0000000088100000, 0x0000000088200000|  0%| F|  |TAMS 0x0000000088100000, 0x0000000088100000| Untracked 
| 108|0x0000000088200000, 0x0000000088200000, 0x0000000088300000|  0%| F|  |TAMS 0x0000000088200000, 0x0000000088200000| Untracked 
| 109|0x0000000088300000, 0x0000000088300000, 0x0000000088400000|  0%| F|  |TAMS 0x0000000088300000, 0x0000000088300000| Untracked 
| 110|0x0000000088400000, 0x0000000088400000, 0x0000000088500000|  0%| F|  |TAMS 0x0000000088400000, 0x0000000088400000| Untracked 
| 111|0x0000000088500000, 0x0000000088500000, 0x0000000088600000|  0%| F|  |TAMS 0x0000000088500000, 0x0000000088500000| Untracked 
| 112|0x0000000088600000, 0x0000000088600000, 0x0000000088700000|  0%| F|  |TAMS 0x0000000088600000, 0x0000000088600000| Untracked 
| 113|0x0000000088700000, 0x0000000088700000, 0x0000000088800000|  0%| F|  |TAMS 0x0000000088700000, 0x0000000088700000| Untracked 
| 114|0x0000000088800000, 0x0000000088800000, 0x0000000088900000|  0%| F|  |TAMS 0x0000000088800000, 0x0000000088800000| Untracked 
| 115|0x0000000088900000, 0x0000000088900000, 0x0000000088a00000|  0%| F|  |TAMS 0x0000000088900000, 0x0000000088900000| Untracked 
| 116|0x0000000088a00000, 0x0000000088a00000, 0x0000000088b00000|  0%| F|  |TAMS 0x0000000088a00000, 0x0000000088a00000| Untracked 
| 117|0x0000000088b00000, 0x0000000088c00000, 0x0000000088c00000|100%| E|  |TAMS 0x0000000088b00000, 0x0000000088b00000| Complete 
| 118|0x0000000088c00000, 0x0000000088d00000, 0x0000000088d00000|100%| E|CS|TAMS 0x0000000088c00000, 0x0000000088c00000| Complete 
| 119|0x0000000088d00000, 0x0000000088e00000, 0x0000000088e00000|100%| E|CS|TAMS 0x0000000088d00000, 0x0000000088d00000| Complete 
| 120|0x0000000088e00000, 0x0000000088f00000, 0x0000000088f00000|100%| E|CS|TAMS 0x0000000088e00000, 0x0000000088e00000| Complete 
| 121|0x0000000088f00000, 0x0000000089000000, 0x0000000089000000|100%| E|CS|TAMS 0x0000000088f00000, 0x0000000088f00000| Complete 
| 122|0x0000000089000000, 0x0000000089100000, 0x0000000089100000|100%| E|CS|TAMS 0x0000000089000000, 0x0000000089000000| Complete 
| 123|0x0000000089100000, 0x0000000089200000, 0x0000000089200000|100%| E|CS|TAMS 0x0000000089100000, 0x0000000089100000| Complete 
| 124|0x0000000089200000, 0x0000000089300000, 0x0000000089300000|100%| E|CS|TAMS 0x0000000089200000, 0x0000000089200000| Complete 
| 125|0x0000000089300000, 0x0000000089400000, 0x0000000089400000|100%| E|CS|TAMS 0x0000000089300000, 0x0000000089300000| Complete 
| 126|0x0000000089400000, 0x0000000089500000, 0x0000000089500000|100%| E|CS|TAMS 0x0000000089400000, 0x0000000089400000| Complete 
| 127|0x0000000089500000, 0x0000000089600000, 0x0000000089600000|100%| E|CS|TAMS 0x0000000089500000, 0x0000000089500000| Complete 

Card table byte_map: [0x0000027770880000,0x0000027770c80000] _byte_map_base: 0x0000027770475000

Marking Bits (Prev, Next): (CMBitMap*) 0x000002775dc1e310, (CMBitMap*) 0x000002775dc1e350
 Prev Bits: [0x0000027771080000, 0x0000027773028000)
 Next Bits: [0x0000027773030000, 0x0000027774fd8000)

Polling page: 0x000002775d3b0000

Metaspace:

Usage:
  Non-class:     15.81 MB used.
      Class:      1.86 MB used.
       Both:     17.67 MB used.

Virtual space:
  Non-class space:       16.00 MB reserved,      15.94 MB (>99%) committed,  2 nodes.
      Class space:        1.00 GB reserved,       1.94 MB ( <1%) committed,  1 nodes.
              Both:        1.02 GB reserved,      17.88 MB (  2%) committed. 

Chunk freelists:
   Non-Class:  107.00 KB
       Class:  2.01 MB
        Both:  2.12 MB

MaxMetaspaceSize: 17179869184.00 GB
CompressedClassSpaceSize: 1.00 GB
 - commit_granule_bytes: 65536.
 - commit_granule_words: 8192.
 - virtual_space_node_default_size: 1048576.
 - enlarge_chunks_in_place: 1.
 - new_chunks_are_fully_committed: 0.
 - uncommit_free_chunks: 1.
 - use_allocation_guard: 0.
 - handle_deallocations: 1.


Internal statistics:

num_allocs_failed_limit: 0.
num_arena_births: 126.
num_arena_deaths: 0.
num_vsnodes_births: 3.
num_vsnodes_deaths: 0.
num_space_committed: 286.
num_space_uncommitted: 0.
num_chunks_returned_to_freelist: 0.
num_chunks_taken_from_freelist: 421.
num_chunk_merges: 0.
num_chunk_splits: 248.
num_chunks_enlarged: 178.
num_purges: 0.

CodeHeap 'non-profiled nmethods': size=120000Kb used=467Kb max_used=467Kb free=119532Kb
 bounds [0x0000027768c20000, 0x0000027768e90000, 0x0000027770150000]
CodeHeap 'profiled nmethods': size=120000Kb used=2366Kb max_used=2366Kb free=117633Kb
 bounds [0x00000277616f0000, 0x0000027761960000, 0x0000027768c20000]
CodeHeap 'non-nmethods': size=5760Kb used=1181Kb max_used=1204Kb free=4578Kb
 bounds [0x0000027761150000, 0x00000277613c0000, 0x00000277616f0000]
 total_blobs=1799 nmethods=1329 adapters=383
 compilation: enabled
              stopped_count=0, restarted_count=0
 full_count=0

Compilation events (20 events):
Event: 0.895 Thread 0x000002777843f8b0 1276       3       java.util.regex.Pattern$Branch::match (66 bytes)
Event: 0.895 Thread 0x000002777843f8b0 nmethod 1276 0x0000027761926410 code [0x0000027761926600, 0x0000027761926ad8]
Event: 0.895 Thread 0x000002777843f8b0 1278       3       java.util.regex.Pattern::lambda$Range$10 (7 bytes)
Event: 0.896 Thread 0x000002777843f8b0 nmethod 1278 0x0000027761926c90 code [0x0000027761926e40, 0x0000027761927018]
Event: 0.896 Thread 0x000002777843f8b0 1277       3       java.util.regex.Pattern$$Lambda$15/0x00000001000e1db8::is (13 bytes)
Event: 0.896 Thread 0x000002777843f8b0 nmethod 1277 0x0000027761927110 code [0x00000277619272c0, 0x0000027761927518]
Event: 0.896 Thread 0x000002777843f8b0 1279       3       java.util.regex.Pattern::inRange (16 bytes)
Event: 0.896 Thread 0x000002777843f8b0 nmethod 1279 0x0000027761927610 code [0x00000277619277a0, 0x0000027761927918]
Event: 0.896 Thread 0x000002777843f8b0 1282       3       java.util.regex.Matcher::search (154 bytes)
Event: 0.896 Thread 0x000002777843f8b0 nmethod 1282 0x0000027761927990 code [0x0000027761927b80, 0x00000277619280f8]
Event: 0.896 Thread 0x000002777843f8b0 1280       3       java.util.regex.Pattern$BmpCharPredicate$$Lambda$16/0x00000001000e23e0::is (15 bytes)
Event: 0.897 Thread 0x000002777843f8b0 nmethod 1280 0x0000027761928310 code [0x00000277619284c0, 0x00000277619286a8]
Event: 0.897 Thread 0x000002777843f8b0 1283       3       java.util.regex.Pattern$BmpCharPropertyGreedy::match (89 bytes)
Event: 0.898 Thread 0x000002777843f8b0 nmethod 1283 0x0000027761928790 code [0x0000027761928980, 0x0000027761928fc8]
Event: 0.898 Thread 0x000002777843f8b0 1281       3       java.util.regex.Pattern$BmpCharPredicate::lambda$union$2 (26 bytes)
Event: 0.898 Thread 0x000002777843f8b0 nmethod 1281 0x0000027761929210 code [0x00000277619293e0, 0x0000027761929718]
Event: 0.899 Thread 0x000002777843f8b0 1286       3       java.util.regex.Pattern$GroupTail::match (111 bytes)
Event: 0.899 Thread 0x000002777843f8b0 nmethod 1286 0x0000027761929810 code [0x00000277619299e0, 0x0000027761929d88]
Event: 0.901 Thread 0x000002777843f8b0 1287   !   3       jdk.internal.loader.URLClassPath$JarLoader::getResource (354 bytes)
Event: 0.903 Thread 0x000002777843f8b0 nmethod 1287 0x0000027761929f90 code [0x000002776192a420, 0x000002776192c418]

GC Heap History (2 events):
Event: 0.719 GC heap before
{Heap before GC invocations=0 (full 0):
 garbage-first heap   total 131072K, used 22528K [0x0000000081600000, 0x0000000100000000)
  region size 1024K, 23 young (23552K), 0 survivors (0K)
 Metaspace       used 15167K, committed 15360K, reserved 1064960K
  class space    used 1503K, committed 1600K, reserved 1048576K
}
Event: 0.723 GC heap after
{Heap after GC invocations=1 (full 0):
 garbage-first heap   total 131072K, used 6860K [0x0000000081600000, 0x0000000100000000)
  region size 1024K, 3 young (3072K), 3 survivors (3072K)
 Metaspace       used 15167K, committed 15360K, reserved 1064960K
  class space    used 1503K, committed 1600K, reserved 1048576K
}

Deoptimization events (20 events):
Event: 0.524 Thread 0x000002775dbdac90 DEOPT PACKING pc=0x00000277617d1e25 sp=0x000000a07dbfde30
Event: 0.524 Thread 0x000002775dbdac90 DEOPT UNPACKING pc=0x000002776119dece sp=0x000000a07dbfd280 mode 0
Event: 0.711 Thread 0x000002775dbdac90 Uncommon trap: trap_request=0xffffffde fr.pc=0x0000027768c7bd44 relative=0x0000000000000124
Event: 0.711 Thread 0x000002775dbdac90 Uncommon trap: reason=class_check action=maybe_recompile pc=0x0000027768c7bd44 method=jdk.internal.misc.Unsafe.allocateUninitializedArray(Ljava/lang/Class;I)Ljava/lang/Object; @ 51 c2
Event: 0.711 Thread 0x000002775dbdac90 DEOPT PACKING pc=0x0000027768c7bd44 sp=0x000000a07dbf9990
Event: 0.711 Thread 0x000002775dbdac90 DEOPT UNPACKING pc=0x000002776119d72e sp=0x000000a07dbf9918 mode 2
Event: 0.711 Thread 0x000002775dbdac90 Uncommon trap: trap_request=0xffffffde fr.pc=0x0000027768c7bd44 relative=0x0000000000000124
Event: 0.711 Thread 0x000002775dbdac90 Uncommon trap: reason=class_check action=maybe_recompile pc=0x0000027768c7bd44 method=jdk.internal.misc.Unsafe.allocateUninitializedArray(Ljava/lang/Class;I)Ljava/lang/Object; @ 51 c2
Event: 0.711 Thread 0x000002775dbdac90 DEOPT PACKING pc=0x0000027768c7bd44 sp=0x000000a07dbf9590
Event: 0.711 Thread 0x000002775dbdac90 DEOPT UNPACKING pc=0x000002776119d72e sp=0x000000a07dbf9518 mode 2
Event: 0.716 Thread 0x000002775dbdac90 Uncommon trap: trap_request=0xffffffde fr.pc=0x0000027768c7bd44 relative=0x0000000000000124
Event: 0.716 Thread 0x000002775dbdac90 Uncommon trap: reason=class_check action=maybe_recompile pc=0x0000027768c7bd44 method=jdk.internal.misc.Unsafe.allocateUninitializedArray(Ljava/lang/Class;I)Ljava/lang/Object; @ 51 c2
Event: 0.716 Thread 0x000002775dbdac90 DEOPT PACKING pc=0x0000027768c7bd44 sp=0x000000a07dbfc740
Event: 0.716 Thread 0x000002775dbdac90 DEOPT UNPACKING pc=0x000002776119d72e sp=0x000000a07dbfc6c8 mode 2
Event: 0.716 Thread 0x000002775dbdac90 Uncommon trap: trap_request=0xffffffde fr.pc=0x0000027768c7bd44 relative=0x0000000000000124
Event: 0.716 Thread 0x000002775dbdac90 Uncommon trap: reason=class_check action=maybe_recompile pc=0x0000027768c7bd44 method=jdk.internal.misc.Unsafe.allocateUninitializedArray(Ljava/lang/Class;I)Ljava/lang/Object; @ 51 c2
Event: 0.716 Thread 0x000002775dbdac90 DEOPT PACKING pc=0x0000027768c7bd44 sp=0x000000a07dbfc560
Event: 0.716 Thread 0x000002775dbdac90 DEOPT UNPACKING pc=0x000002776119d72e sp=0x000000a07dbfc4e8 mode 2
Event: 0.804 Thread 0x000002775dbdac90 DEOPT PACKING pc=0x000002776178b848 sp=0x000000a07dbfbcb0
Event: 0.804 Thread 0x000002775dbdac90 DEOPT UNPACKING pc=0x000002776119dece sp=0x000000a07dbfb110 mode 0

Classes unloaded (0 events):
No events

Classes redefined (0 events):
No events

Internal exceptions (20 events):
Event: 0.581 Thread 0x000002775dbdac90 Exception <a 'java/lang/NoSuchMethodError'{0x0000000088310e48}: 'java.lang.Object java.lang.invoke.Invokers$Holder.linkToTargetMethod(java.lang.Object, java.lang.Object, java.lang.Object, java.lang.Object, java.lang.Object, java.lang.Object, java.lang.Object, java.lang.Object, java.lang.Object)'> (0x0000000088310e48) 
thrown [t:\workspace\open\src\hotspot\share\interpreter\linkResolver.cpp, line 790]
Event: 0.591 Thread 0x000002775dbdac90 Exception <a 'java/lang/NoSuchMethodError'{0x00000000883592b8}: 'java.lang.Object java.lang.invoke.DirectMethodHandle$Holder.newInvokeSpecial(java.lang.Object, java.lang.Object, java.lang.Object, java.lang.Object, java.lang.Object, java.lang.Object, java.lang.Object)'> (0x00000000883592b8) 
thrown [t:\workspace\open\src\hotspot\share\interpreter\linkResolver.cpp, line 790]
Event: 0.591 Thread 0x000002775dbdac90 Exception <a 'java/lang/NoSuchMethodError'{0x000000008835e120}: 'java.lang.Object java.lang.invoke.Invokers$Holder.linkToTargetMethod(java.lang.Object, java.lang.Object, java.lang.Object, java.lang.Object, java.lang.Object, java.lang.Object, java.lang.Object)'> (0x000000008835e120) 
thrown [t:\workspace\open\src\hotspot\share\interpreter\linkResolver.cpp, line 790]
Event: 0.594 Thread 0x000002775dbdac90 Exception <a 'java/lang/NoSuchMethodError'{0x000000008836a940}: 'void java.lang.invoke.DirectMethodHandle$Holder.invokeStatic(java.lang.Object, java.lang.Object, java.lang.Object, java.lang.Object)'> (0x000000008836a940) 
thrown [t:\workspace\open\src\hotspot\share\interpreter\linkResolver.cpp, line 790]
Event: 0.606 Thread 0x000002775dbdac90 Exception <a 'java/lang/NoSuchMethodError'{0x00000000883d9ed8}: 'int java.lang.invoke.DirectMethodHandle$Holder.invokeSpecial(java.lang.Object, java.lang.Object, java.lang.Object)'> (0x00000000883d9ed8) 
thrown [t:\workspace\open\src\hotspot\share\interpreter\linkResolver.cpp, line 790]
Event: 0.619 Thread 0x000002775dbdac90 Exception <a 'java/lang/NoSuchMethodError'{0x00000000882335c0}: 'java.lang.Object java.lang.invoke.DirectMethodHandle$Holder.invokeInterface(java.lang.Object, java.lang.Object)'> (0x00000000882335c0) 
thrown [t:\workspace\open\src\hotspot\share\interpreter\linkResolver.cpp, line 790]
Event: 0.620 Thread 0x000002775dbdac90 Exception <a 'java/lang/IncompatibleClassChangeError'{0x0000000088236fb8}: Found class java.lang.Object, but interface was expected> (0x0000000088236fb8) 
thrown [t:\workspace\open\src\hotspot\share\interpreter\linkResolver.cpp, line 857]
Event: 0.640 Thread 0x000002775dbdac90 Exception <a 'java/lang/NoSuchMethodError'{0x00000000882e66b8}: 'java.lang.Object java.lang.invoke.DirectMethodHandle$Holder.newInvokeSpecial(java.lang.Object, int, java.lang.Object)'> (0x00000000882e66b8) 
thrown [t:\workspace\open\src\hotspot\share\interpreter\linkResolver.cpp, line 790]
Event: 0.652 Thread 0x000002775dbdac90 Exception <a 'java/lang/NoSuchMethodError'{0x00000000881345a0}: 'java.lang.Object java.lang.invoke.DirectMethodHandle$Holder.invokeStatic(java.lang.Object, java.lang.Object, int, java.lang.Object, java.lang.Object)'> (0x00000000881345a0) 
thrown [t:\workspace\open\src\hotspot\share\interpreter\linkResolver.cpp, line 790]
Event: 0.653 Thread 0x000002775dbdac90 Exception <a 'java/lang/NoSuchMethodError'{0x000000008813c498}: 'java.lang.Object java.lang.invoke.DirectMethodHandle$Holder.newInvokeSpecial(java.lang.Object, java.lang.Object, int, java.lang.Object)'> (0x000000008813c498) 
thrown [t:\workspace\open\src\hotspot\share\interpreter\linkResolver.cpp, line 790]
Event: 0.653 Thread 0x000002775dbdac90 Exception <a 'java/lang/NoSuchMethodError'{0x0000000088140990}: 'java.lang.Object java.lang.invoke.DirectMethodHandle$Holder.invokeSpecial(java.lang.Object, java.lang.Object, java.lang.Object, int, java.lang.Object)'> (0x0000000088140990) 
thrown [t:\workspace\open\src\hotspot\share\interpreter\linkResolver.cpp, line 790]
Event: 0.653 Thread 0x000002775dbdac90 Exception <a 'java/lang/NoSuchMethodError'{0x0000000088144750}: 'java.lang.Object java.lang.invoke.Invokers$Holder.linkToTargetMethod(java.lang.Object, int, java.lang.Object, java.lang.Object)'> (0x0000000088144750) 
thrown [t:\workspace\open\src\hotspot\share\interpreter\linkResolver.cpp, line 790]
Event: 0.660 Thread 0x000002775dbdac90 Exception <a 'java/lang/NoSuchMethodError'{0x0000000088187428}: 'void java.lang.invoke.DirectMethodHandle$Holder.invokeStatic(java.lang.Object, java.lang.Object, java.lang.Object)'> (0x0000000088187428) 
thrown [t:\workspace\open\src\hotspot\share\interpreter\linkResolver.cpp, line 790]
Event: 0.694 Thread 0x000002775dbdac90 Exception <a 'java/lang/NoSuchMethodError'{0x0000000087f133f0}: 'void java.lang.invoke.DirectMethodHandle$Holder.invokeInterface(java.lang.Object, java.lang.Object)'> (0x0000000087f133f0) 
thrown [t:\workspace\open\src\hotspot\share\interpreter\linkResolver.cpp, line 790]
Event: 0.733 Thread 0x000002775dbdac90 Exception <a 'java/net/SocketException'{0x00000000895686b8}: Socket is not connected: shutdown> (0x00000000895686b8) 
thrown [t:\workspace\open\src\hotspot\share\prims\jni.cpp, line 600]
Event: 0.790 Thread 0x000002775dbdac90 Exception <a 'java/lang/NoSuchMethodError'{0x000000008927bd30}: 'void java.lang.invoke.DirectMethodHandle$Holder.invokeStaticInit(java.lang.Object, java.lang.Object)'> (0x000000008927bd30) 
thrown [t:\workspace\open\src\hotspot\share\interpreter\linkResolver.cpp, line 790]
Event: 0.799 Thread 0x000002775dbdac90 Exception <a 'java/lang/NoSuchMethodError'{0x00000000892bc328}: 'java.lang.Object java.lang.invoke.DirectMethodHandle$Holder.invokeSpecialIFC(java.lang.Object, java.lang.Object, java.lang.Object, java.lang.Object)'> (0x00000000892bc328) 
thrown [t:\workspace\open\src\hotspot\share\interpreter\linkResolver.cpp, line 790]
Event: 0.839 Thread 0x000002775dbdac90 Exception <a 'java/lang/NoClassDefFoundError'{0x000000008904ac18}: org/slf4j/impl/StaticLoggerBinder> (0x000000008904ac18) 
thrown [t:\workspace\open\src\hotspot\share\classfile\systemDictionary.cpp, line 245]
Event: 0.855 Thread 0x000002775dbdac90 Exception <a 'java/lang/NoClassDefFoundError'{0x00000000890c0250}> (0x00000000890c0250) 
thrown [t:\workspace\open\src\hotspot\share\oops\instanceKlass.cpp, line 1197]
Event: 0.889 Thread 0x000002775dbdac90 Exception <a 'java/lang/NoSuchMethodError'{0x0000000088e1b2f0}: 'void java.lang.invoke.DirectMethodHandle$Holder.invokeSpecial(java.lang.Object, java.lang.Object, java.lang.Object, java.lang.Object, java.lang.Object)'> (0x0000000088e1b2f0) 
thrown [t:\workspace\open\src\hotspot\share\interpreter\linkResolver.cpp, line 790]

Events (20 events):
Event: 0.891 loading class java/lang/ProcessEnvironment$NameComparator
Event: 0.891 loading class java/lang/ProcessEnvironment$NameComparator done
Event: 0.891 loading class java/lang/ProcessEnvironment$EntryComparator
Event: 0.891 loading class java/lang/ProcessEnvironment$EntryComparator done
Event: 0.891 loading class java/lang/ProcessEnvironment$CheckedEntrySet
Event: 0.891 loading class java/lang/ProcessEnvironment$CheckedEntrySet done
Event: 0.891 loading class java/lang/ProcessEnvironment$CheckedEntrySet$1
Event: 0.892 loading class java/lang/ProcessEnvironment$CheckedEntrySet$1 done
Event: 0.892 loading class java/lang/ProcessEnvironment$CheckedEntry
Event: 0.892 loading class java/lang/ProcessEnvironment$CheckedEntry done
Event: 0.892 loading class java/util/Collections$UnmodifiableMap$UnmodifiableEntrySet
Event: 0.892 loading class java/util/Collections$UnmodifiableMap$UnmodifiableEntrySet done
Event: 0.892 loading class java/util/Collections$UnmodifiableMap$UnmodifiableEntrySet$1
Event: 0.892 loading class java/util/Collections$UnmodifiableMap$UnmodifiableEntrySet$1 done
Event: 0.892 loading class java/util/Collections$UnmodifiableMap$UnmodifiableEntrySet$UnmodifiableEntry
Event: 0.893 loading class java/util/Collections$UnmodifiableMap$UnmodifiableEntrySet$UnmodifiableEntry done
Event: 0.894 loading class java/util/regex/Pattern$SliceI
Event: 0.894 loading class java/util/regex/Pattern$SliceI done
Event: 0.894 loading class java/util/regex/Pattern$1
Event: 0.894 loading class java/util/regex/Pattern$1 done


Dynamic libraries:
0x00007ff7eb790000 - 0x00007ff7eb79e000 	C:\Users\lenovo\.p2\pool\plugins\org.eclipse.justj.openjdk.hotspot.jre.full.win32.x86_64_16.0.2.v20210721-1149\jre\bin\javaw.exe
0x00007ff9d58d0000 - 0x00007ff9d5ac5000 	C:\WINDOWS\SYSTEM32\ntdll.dll
0x00007ff9d4c90000 - 0x00007ff9d4d4e000 	C:\WINDOWS\System32\KERNEL32.DLL
0x00007ff9d3570000 - 0x00007ff9d3838000 	C:\WINDOWS\System32\KERNELBASE.dll
0x00007ff9d2ff0000 - 0x00007ff9d30f0000 	C:\WINDOWS\System32\ucrtbase.dll
0x00007ff9cc680000 - 0x00007ff9cc698000 	C:\Users\lenovo\.p2\pool\plugins\org.eclipse.justj.openjdk.hotspot.jre.full.win32.x86_64_16.0.2.v20210721-1149\jre\bin\jli.dll
0x00007ff9cdb20000 - 0x00007ff9cdb39000 	C:\Users\lenovo\.p2\pool\plugins\org.eclipse.justj.openjdk.hotspot.jre.full.win32.x86_64_16.0.2.v20210721-1149\jre\bin\VCRUNTIME140.dll
0x00007ff9d4e70000 - 0x00007ff9d5011000 	C:\WINDOWS\System32\USER32.dll
0x00007ff9d3840000 - 0x00007ff9d3862000 	C:\WINDOWS\System32\win32u.dll
0x00007ff9b62b0000 - 0x00007ff9b654a000 	C:\WINDOWS\WinSxS\amd64_microsoft.windows.common-controls_6595b64144ccf1df_6.0.19041.1110_none_60b5254171f9507e\COMCTL32.dll
0x00007ff9d4bf0000 - 0x00007ff9d4c1b000 	C:\WINDOWS\System32\GDI32.dll
0x00007ff9d3c80000 - 0x00007ff9d3d1e000 	C:\WINDOWS\System32\msvcrt.dll
0x00007ff9d3250000 - 0x00007ff9d335b000 	C:\WINDOWS\System32\gdi32full.dll
0x00007ff9d34d0000 - 0x00007ff9d356d000 	C:\WINDOWS\System32\msvcp_win.dll
0x00007ff9d5860000 - 0x00007ff9d5890000 	C:\WINDOWS\System32\IMM32.DLL
0x00007ff9cc670000 - 0x00007ff9cc67c000 	C:\Users\lenovo\.p2\pool\plugins\org.eclipse.justj.openjdk.hotspot.jre.full.win32.x86_64_16.0.2.v20210721-1149\jre\bin\vcruntime140_1.dll
0x00007ff9b3090000 - 0x00007ff9b3121000 	C:\Users\lenovo\.p2\pool\plugins\org.eclipse.justj.openjdk.hotspot.jre.full.win32.x86_64_16.0.2.v20210721-1149\jre\bin\msvcp140.dll
0x00007ff97f080000 - 0x00007ff97fc2b000 	C:\Users\lenovo\.p2\pool\plugins\org.eclipse.justj.openjdk.hotspot.jre.full.win32.x86_64_16.0.2.v20210721-1149\jre\bin\server\jvm.dll
0x00007ff9d4d50000 - 0x00007ff9d4dfc000 	C:\WINDOWS\System32\ADVAPI32.dll
0x00007ff9d57c0000 - 0x00007ff9d585b000 	C:\WINDOWS\System32\sechost.dll
0x00007ff9d5630000 - 0x00007ff9d575a000 	C:\WINDOWS\System32\RPCRT4.dll
0x00007ff9d4be0000 - 0x00007ff9d4be8000 	C:\WINDOWS\System32\PSAPI.DLL
0x00007ff9bb4e0000 - 0x00007ff9bb4e9000 	C:\WINDOWS\SYSTEM32\WSOCK32.dll
0x00007ff9b5280000 - 0x00007ff9b52a7000 	C:\WINDOWS\SYSTEM32\WINMM.dll
0x00007ff9cc150000 - 0x00007ff9cc15a000 	C:\WINDOWS\SYSTEM32\VERSION.dll
0x00007ff9d4e00000 - 0x00007ff9d4e6b000 	C:\WINDOWS\System32\WS2_32.dll
0x00007ff9d0ef0000 - 0x00007ff9d0f02000 	C:\WINDOWS\SYSTEM32\kernel.appcore.dll
0x00007ff9c36f0000 - 0x00007ff9c36fa000 	C:\Users\lenovo\.p2\pool\plugins\org.eclipse.justj.openjdk.hotspot.jre.full.win32.x86_64_16.0.2.v20210721-1149\jre\bin\jimage.dll
0x00007ff9c2100000 - 0x00007ff9c22e4000 	C:\WINDOWS\SYSTEM32\DBGHELP.DLL
0x00007ff9c20d0000 - 0x00007ff9c20fc000 	C:\WINDOWS\SYSTEM32\dbgcore.DLL
0x00007ff9d3440000 - 0x00007ff9d34c3000 	C:\WINDOWS\System32\bcryptPrimitives.dll
0x00007ff983f80000 - 0x00007ff983fa5000 	C:\Users\lenovo\.p2\pool\plugins\org.eclipse.justj.openjdk.hotspot.jre.full.win32.x86_64_16.0.2.v20210721-1149\jre\bin\java.dll
0x00007ff984e30000 - 0x00007ff984e48000 	C:\Users\lenovo\.p2\pool\plugins\org.eclipse.justj.openjdk.hotspot.jre.full.win32.x86_64_16.0.2.v20210721-1149\jre\bin\zip.dll
0x00007ff9d44a0000 - 0x00007ff9d4bdf000 	C:\WINDOWS\System32\SHELL32.dll
0x00007ff9d10f0000 - 0x00007ff9d1880000 	C:\WINDOWS\SYSTEM32\windows.storage.dll
0x00007ff9d3920000 - 0x00007ff9d3c75000 	C:\WINDOWS\System32\combase.dll
0x00007ff9d2a40000 - 0x00007ff9d2a6e000 	C:\WINDOWS\SYSTEM32\Wldp.dll
0x00007ff9d5580000 - 0x00007ff9d562d000 	C:\WINDOWS\System32\SHCORE.dll
0x00007ff9d3d20000 - 0x00007ff9d3d75000 	C:\WINDOWS\System32\shlwapi.dll
0x00007ff9d2f30000 - 0x00007ff9d2f4f000 	C:\WINDOWS\SYSTEM32\profapi.dll
0x00007ff97f060000 - 0x00007ff97f079000 	C:\Users\lenovo\.p2\pool\plugins\org.eclipse.justj.openjdk.hotspot.jre.full.win32.x86_64_16.0.2.v20210721-1149\jre\bin\net.dll
0x00007ff9c4560000 - 0x00007ff9c466c000 	C:\WINDOWS\SYSTEM32\WINHTTP.dll
0x00007ff9d27a0000 - 0x00007ff9d280a000 	C:\WINDOWS\system32\mswsock.dll
0x00007ff97f040000 - 0x00007ff97f053000 	C:\Users\lenovo\.p2\pool\plugins\org.eclipse.justj.openjdk.hotspot.jre.full.win32.x86_64_16.0.2.v20210721-1149\jre\bin\nio.dll
0x00007ff9d24e0000 - 0x00007ff9d25ab000 	C:\WINDOWS\SYSTEM32\DNSAPI.dll
0x00007ff9d2440000 - 0x00007ff9d247b000 	C:\WINDOWS\SYSTEM32\IPHLPAPI.DLL
0x00007ff9d3f70000 - 0x00007ff9d3f78000 	C:\WINDOWS\System32\NSI.dll
0x00007ff9c42b0000 - 0x00007ff9c42ba000 	C:\Windows\System32\rasadhlp.dll
0x00007ff9c3b50000 - 0x00007ff9c3bcf000 	C:\WINDOWS\System32\fwpuclnt.dll
0x00007ff9d33b0000 - 0x00007ff9d33d7000 	C:\WINDOWS\System32\bcrypt.dll
0x00007ff9d2990000 - 0x00007ff9d29a8000 	C:\WINDOWS\SYSTEM32\CRYPTSP.dll
0x00007ff9d20b0000 - 0x00007ff9d20e4000 	C:\WINDOWS\system32\rsaenh.dll
0x00007ff9d2eb0000 - 0x00007ff9d2ede000 	C:\WINDOWS\SYSTEM32\USERENV.dll
0x00007ff9d29b0000 - 0x00007ff9d29bc000 	C:\WINDOWS\SYSTEM32\CRYPTBASE.dll
0x00007ff9c9650000 - 0x00007ff9c9667000 	C:\WINDOWS\SYSTEM32\dhcpcsvc6.DLL
0x00007ff9c9630000 - 0x00007ff9c964d000 	C:\WINDOWS\SYSTEM32\dhcpcsvc.DLL
0x00007ff9b8950000 - 0x00007ff9b8960000 	C:\Users\lenovo\.p2\pool\plugins\org.eclipse.justj.openjdk.hotspot.jre.full.win32.x86_64_16.0.2.v20210721-1149\jre\bin\verify.dll
0x00007ff9ceea0000 - 0x00007ff9ceea9000 	C:\Users\lenovo\.p2\pool\plugins\org.eclipse.justj.openjdk.hotspot.jre.full.win32.x86_64_16.0.2.v20210721-1149\jre\bin\management.dll
0x00007ff9cc7f0000 - 0x00007ff9cc7fb000 	C:\Users\lenovo\.p2\pool\plugins\org.eclipse.justj.openjdk.hotspot.jre.full.win32.x86_64_16.0.2.v20210721-1149\jre\bin\management_ext.dll

dbghelp: loaded successfully - version: 4.0.5 - missing functions: none
symbol engine: initialized successfully - sym options: 0x614 - pdb path: .;C:\Users\lenovo\.p2\pool\plugins\org.eclipse.justj.openjdk.hotspot.jre.full.win32.x86_64_16.0.2.v20210721-1149\jre\bin;C:\WINDOWS\SYSTEM32;C:\WINDOWS\WinSxS\amd64_microsoft.windows.common-controls_6595b64144ccf1df_6.0.19041.1110_none_60b5254171f9507e;C:\Users\lenovo\.p2\pool\plugins\org.eclipse.justj.openjdk.hotspot.jre.full.win32.x86_64_16.0.2.v20210721-1149\jre\bin\server

VM Arguments:
jvm_args: -ea -Dfile.encoding=Cp1252 -XX:+ShowCodeDetailsInExceptionMessages 
java_command: org.testng.remote.RemoteTestNG -serport 58142 -protocol json -d F:\eclipse-workspace\SDET_2_PRA\test-output C:\Users\lenovo\AppData\Local\Temp\testng-eclipse-1475289111\testng-customsuite.xml
java_class_path (initial): F:\KCSM7\eclipse\configuration\org.eclipse.osgi\442\0\.cp\lib\testng-remote.jar;F:\eclipse-workspace\SDET_2_PRA\target\test-classes;F:\eclipse-workspace\SDET_2_PRA\target\classes;C:\Users\lenovo\.p2\pool\plugins\org.testng_7.4.0.r202105021533.jar;C:\Users\lenovo\.p2\pool\plugins\com.beust.jcommander_1.78.0.jar;C:\Users\lenovo\.p2\pool\plugins\org.apache-extras.beanshell.bsh_2.0.0.b6.jar;C:\Users\lenovo\.p2\pool\plugins\org.yaml.snakeyaml_1.21.0.jar;C:\Users\lenovo\.p2\pool\plugins\org.webjars.jquery_3.5.1.jar;C:\Users\lenovo\.m2\repository\org\seleniumhq\selenium\selenium-java\4.1.0\selenium-java-4.1.0.jar;C:\Users\lenovo\.m2\repository\org\seleniumhq\selenium\selenium-api\4.1.0\selenium-api-4.1.0.jar;C:\Users\lenovo\.m2\repository\org\seleniumhq\selenium\selenium-chrome-driver\4.1.0\selenium-chrome-driver-4.1.0.jar;C:\Users\lenovo\.m2\repository\com\google\auto\service\auto-service-annotations\1.0.1\auto-service-annotations-1.0.1.jar;C:\Users\lenovo\.m2\repository\com\google\auto\service\auto-service\1.0.1\auto-service-1.0.1.jar;C:\Users\lenovo\.m2\repository\com\google\auto\auto-common\1.2\auto-common-1.2.jar;C:\Users\lenovo\.m2\repository\com\google\guava\guava\31.0.1-jre\guava-31.0.1-jre.jar;C:\Users\lenovo\.m2\repository\com\google\guava\failureaccess\1.0.1\failureaccess-1.0.1.jar;C:\Users\lenovo\.m2\repository\com\google\guava\listenablefuture\9999.0-empty-to-avoid-conflict-with-guava\listenablefuture-9999.0-empty-to-avoid-conflict-with-guava.jar;C:\Users\lenovo\.m2\repository\com\google\code\findbugs\jsr305\3.0.2\jsr305-3.0.2.jar;C:\Users\lenovo\.m2\repository\org\checkerframework\checker-qual\3.12.0\checker-qual-3.12.0.jar;C:\Users\lenovo\.m2\repository\com\google\errorprone\error_prone_annotations\2.7.1\error_prone_annotations-2.7.1.jar;C:\Users\lenovo\.m2\repository\com\google\j2objc\j2objc-annotations\1.3\j2objc-annotations-1.3.jar;C:\Users\lenovo\.m2\repository\org\seleniumhq\selenium\selenium-chromium-driver\4.1.0\selenium-c
Launcher Type: SUN_STANDARD

[Global flags]
     intx CICompilerCount                          = 4                                         {product} {ergonomic}
     uint ConcGCThreads                            = 2                                         {product} {ergonomic}
     uint G1ConcRefinementThreads                  = 8                                         {product} {ergonomic}
   size_t G1HeapRegionSize                         = 1048576                                   {product} {ergonomic}
    uintx GCDrainStackTargetSize                   = 64                                        {product} {ergonomic}
   size_t InitialHeapSize                          = 134217728                                 {product} {ergonomic}
   size_t MarkStackSize                            = 4194304                                   {product} {ergonomic}
   size_t MaxHeapSize                              = 2124414976                                {product} {ergonomic}
   size_t MaxNewSize                               = 1274019840                                {product} {ergonomic}
   size_t MinHeapDeltaBytes                        = 1048576                                   {product} {ergonomic}
   size_t MinHeapSize                              = 8388608                                   {product} {ergonomic}
    uintx NonNMethodCodeHeapSize                   = 5839372                                {pd product} {ergonomic}
    uintx NonProfiledCodeHeapSize                  = 122909434                              {pd product} {ergonomic}
    uintx ProfiledCodeHeapSize                     = 122909434                              {pd product} {ergonomic}
    uintx ReservedCodeCacheSize                    = 251658240                              {pd product} {ergonomic}
     bool SegmentedCodeCache                       = true                                      {product} {ergonomic}
     bool ShowCodeDetailsInExceptionMessages       = true                                   {manageable} {command line}
   size_t SoftMaxHeapSize                          = 2124414976                             {manageable} {ergonomic}
     bool UseCompressedClassPointers               = true                           {product lp64_product} {ergonomic}
     bool UseCompressedOops                        = true                           {product lp64_product} {ergonomic}
     bool UseG1GC                                  = true                                      {product} {ergonomic}
     bool UseLargePagesIndividualAllocation        = false                                  {pd product} {ergonomic}

Logging:
Log output configuration:
 #0: stdout all=warning uptime,level,tags
 #1: stderr all=off uptime,level,tags

Environment Variables:
JAVA_HOME=C:\Program Files\Java\jdk1.8.0_162
PATH=C:/Users/lenovo/.p2/pool/plugins/org.eclipse.justj.openjdk.hotspot.jre.full.win32.x86_64_16.0.2.v20210721-1149/jre/bin/server;C:/Users/lenovo/.p2/pool/plugins/org.eclipse.justj.openjdk.hotspot.jre.full.win32.x86_64_16.0.2.v20210721-1149/jre/bin;F:\oracle\product\10.2.0\db_1\bin;C:\ProgramData\Oracle\Java\javapath;C:\WINDOWS\system32\wbem;C:\WINDOWS;C:\WINDOWS\System32\Wbem;"C:\WINDOWS\System32\WindowsPowerShell\v1.0\;C:\Program Files\Java\jdk1.8.0_102";C:\WINDOWS\System32\OpenSSH\;C:\Program Files (x86)\OpenCTM 1.0.3\bin;C:\Program Files (x86)\Brackets\command;C:\Program Files\Java;C:\Program Files\Java\jdk1.8.0_162\bin;C:\WINDOWS\system32;C:\WINDOWS\System32\WindowsPowerShell\v1.0\;C:\Program Files\nodejs\;C:\apache-maven-3.8.4-bin\apache-maven-3.8.4\bin;C:\Program Files\Git\cmd;C:\Users\lenovo\AppData\Local\Microsoft\WindowsApps;;C:\Users\lenovo\AppData\Local\Programs\Microsoft VS Code\bin;C:\Users\lenovo\AppData\Roaming\npm;C:\WINDOWS\system32;
USERNAME=lenovo
OS=Windows_NT
PROCESSOR_IDENTIFIER=Intel64 Family 6 Model 142 Stepping 10, GenuineIntel



---------------  S Y S T E M  ---------------

OS:
 Windows 10 , 64 bit Build 19041 (10.0.19041.1348)
OS uptime: 0 days 2:09 hours

CPU: total 8 (initial active 8) (4 cores per cpu, 2 threads per core) family 6 model 142 stepping 10 microcode 0xb4, cx8, cmov, fxsr, ht, mmx, 3dnowpref, sse, sse2, sse3, ssse3, sse4.1, sse4.2, popcnt, lzcnt, tsc, tscinvbit, avx, avx2, aes, erms, clmul, bmi1, bmi2, adx, fma, vzeroupper, clflush, clflushopt

Memory: 4k page, system-wide physical 8101M (842M free)
TotalPageFile size 32677M (AvailPageFile size 19M)
current process WorkingSet (physical memory assigned to process): 106M, peak: 106M
current process commit charge ("private bytes"): 245M, peak: 245M

vm_info: OpenJDK 64-Bit Server VM (16.0.2+7-67) for windows-amd64 JRE (16.0.2+7-67), built on Jun  8 2021 23:21:43 by "mach5one" with MS VC++ 16.7 (VS2019)

END.
