#
# There is insufficient memory for the Java Runtime Environment to continue.
# Native memory allocation (mmap) failed to map 134217728 bytes for G1 virtual space
# Possible reasons:
#   The system is out of physical RAM or swap space
#   The process is running with CompressedOops enabled, and the Java Heap may be blocking the growth of the native heap
# Possible solutions:
#   Reduce memory load on the system
#   Increase physical memory or swap space
#   Check if swap backing store is full
#   Decrease Java heap size (-Xmx/-Xms)
#   Decrease number of Java threads
#   Decrease Java thread stack sizes (-Xss)
#   Set larger code cache with -XX:ReservedCodeCacheSize=
#   JVM is running with Unscaled Compressed Oops mode in which the Java heap is
#     placed in the first 4GB address space. The Java Heap base address is the
#     maximum limit for the native heap growth. Please use -XX:HeapBaseMinAddress
#     to set the Java Heap base and to place the Java Heap above 4GB virtual address.
# This output file may be truncated or incomplete.
#
#  Out of Memory Error (os_windows.cpp:3466), pid=13800, tid=9040
#
# JRE version:  (16.0.2+7) (build )
# Java VM: OpenJDK 64-Bit Server VM (16.0.2+7-67, mixed mode, sharing, tiered, compressed oops, compressed class ptrs, g1 gc, windows-amd64)
# No core dump will be written. Minidumps are not enabled by default on client versions of Windows
#

---------------  S U M M A R Y ------------

Command Line: -ea -Dfile.encoding=Cp1252 -XX:+ShowCodeDetailsInExceptionMessages org.testng.remote.RemoteTestNG -serport 64321 -protocol json -d F:\eclipse-workspace\SDET_2_PRA\test-output C:\Users\lenovo\AppData\Local\Temp\testng-eclipse-1745269432\testng-customsuite.xml

Host: Intel(R) Core(TM) i5-8250U CPU @ 1.60GHz, 8 cores, 7G,  Windows 10 , 64 bit Build 19041 (10.0.19041.1348)
Time: Wed Dec 29 18:32:04 2021 India Standard Time elapsed time: 0.015971 seconds (0d 0h 0m 0s)

---------------  T H R E A D  ---------------

Current thread (0x000001bc8cf3abc0):  JavaThread "Unknown thread" [_thread_in_vm, id=9040, stack(0x000000132fc00000,0x000000132fd00000)]

Stack: [0x000000132fc00000,0x000000132fd00000]
Native frames: (J=compiled Java code, j=interpreted, Vv=VM code, C=native code)
V  [jvm.dll+0x6681ca]
V  [jvm.dll+0x7c9e69]
V  [jvm.dll+0x7cb61e]
V  [jvm.dll+0x7cbc73]
V  [jvm.dll+0x242c55]
V  [jvm.dll+0x664f89]
V  [jvm.dll+0x659b75]
V  [jvm.dll+0x2fbfbb]
V  [jvm.dll+0x3031b6]
V  [jvm.dll+0x35299e]
V  [jvm.dll+0x352bcf]
V  [jvm.dll+0x2d3028]
V  [jvm.dll+0x2d4264]
V  [jvm.dll+0x79c741]
V  [jvm.dll+0x360791]
V  [jvm.dll+0x77a3f0]
V  [jvm.dll+0x3e4e8f]
V  [jvm.dll+0x3e6961]
C  [jli.dll+0x52fb]
C  [ucrtbase.dll+0x21bb2]
C  [KERNEL32.DLL+0x17034]
C  [ntdll.dll+0x52651]


---------------  P R O C E S S  ---------------

Threads class SMR info:
_java_thread_list=0x00007ff8e106cbb8, length=0, elements={
}

Java Threads: ( => current thread )

Other Threads:
  0x000001bc8f0ffc10 GCTaskThread "GC Thread#0" [stack: 0x000000132fd00000,0x000000132fe00000] [id=8448]
  0x000001bc8f111aa0 ConcurrentGCThread "G1 Main Marker" [stack: 0x000000132fe00000,0x000000132ff00000] [id=15268]
  0x000001bc8f113d40 ConcurrentGCThread "G1 Conc#0" [stack: 0x000000132ff00000,0x0000001330000000] [id=8428]

[error occurred during error reporting (printing all threads), id 0xc0000005, EXCEPTION_ACCESS_VIOLATION (0xc0000005) at pc=0x00007ff8e0843ee7]

VM state: not at safepoint (not fully initialized)

VM Mutex/Monitor currently owned by a thread:  ([mutex/lock_event])
[0x000001bc8f0be1f0] Heap_lock - owner thread: 0x000001bc8cf3abc0

Heap address: 0x0000000081600000, size: 2026 MB, Compressed Oops mode: 32-bit

CDS archive(s) mapped at: [0x0000000000000000-0x0000000000000000-0x0000000000000000), size 0, SharedBaseAddress: 0x0000000800000000, ArchiveRelocationMode: 0.
Narrow klass base: 0x0000000000000000, Narrow klass shift: 0, Narrow klass range: 0x0

GC Precious Log:
<Empty>

Heap:
 garbage-first heap   total 0K, used 0K [0x0000000081600000, 0x0000000100000000)
  region size 1024K, 0 young (0K), 0 survivors (0K)

[error occurred during error reporting (printing heap information), id 0xc0000005, EXCEPTION_ACCESS_VIOLATION (0xc0000005) at pc=0x00007ff8e0c21eed]

GC Heap History (0 events):
No events

Deoptimization events (0 events):
No events

Classes unloaded (0 events):
No events

Classes redefined (0 events):
No events

Internal exceptions (0 events):
No events

Events (1 events):
Event: 0.007 Loaded shared library C:\Users\lenovo\.p2\pool\plugins\org.eclipse.justj.openjdk.hotspot.jre.full.win32.x86_64_16.0.2.v20210721-1149\jre\bin\java.dll


Dynamic libraries:
0x00007ff6dac60000 - 0x00007ff6dac6e000 	C:\Users\lenovo\.p2\pool\plugins\org.eclipse.justj.openjdk.hotspot.jre.full.win32.x86_64_16.0.2.v20210721-1149\jre\bin\javaw.exe
0x00007ff923b70000 - 0x00007ff923d65000 	C:\WINDOWS\SYSTEM32\ntdll.dll
0x00007ff923660000 - 0x00007ff92371e000 	C:\WINDOWS\System32\KERNEL32.DLL
0x00007ff9216c0000 - 0x00007ff921988000 	C:\WINDOWS\System32\KERNELBASE.dll
0x00007ff9215c0000 - 0x00007ff9216c0000 	C:\WINDOWS\System32\ucrtbase.dll
0x00007ff91d190000 - 0x00007ff91d1a8000 	C:\Users\lenovo\.p2\pool\plugins\org.eclipse.justj.openjdk.hotspot.jre.full.win32.x86_64_16.0.2.v20210721-1149\jre\bin\jli.dll
0x00007ff91d170000 - 0x00007ff91d189000 	C:\Users\lenovo\.p2\pool\plugins\org.eclipse.justj.openjdk.hotspot.jre.full.win32.x86_64_16.0.2.v20210721-1149\jre\bin\VCRUNTIME140.dll
0x00007ff9229c0000 - 0x00007ff922b61000 	C:\WINDOWS\System32\USER32.dll
0x00007ff9098a0000 - 0x00007ff909b3a000 	C:\WINDOWS\WinSxS\amd64_microsoft.windows.common-controls_6595b64144ccf1df_6.0.19041.1110_none_60b5254171f9507e\COMCTL32.dll
0x00007ff921280000 - 0x00007ff9212a2000 	C:\WINDOWS\System32\win32u.dll
0x00007ff9223f0000 - 0x00007ff92248e000 	C:\WINDOWS\System32\msvcrt.dll
0x00007ff923900000 - 0x00007ff92392b000 	C:\WINDOWS\System32\GDI32.dll
0x00007ff9212b0000 - 0x00007ff9213bd000 	C:\WINDOWS\System32\gdi32full.dll
0x00007ff9213c0000 - 0x00007ff92145d000 	C:\WINDOWS\System32\msvcp_win.dll
0x00007ff923720000 - 0x00007ff923750000 	C:\WINDOWS\System32\IMM32.DLL
0x00007ff91d160000 - 0x00007ff91d16c000 	C:\Users\lenovo\.p2\pool\plugins\org.eclipse.justj.openjdk.hotspot.jre.full.win32.x86_64_16.0.2.v20210721-1149\jre\bin\vcruntime140_1.dll
0x00007ff919d00000 - 0x00007ff919d91000 	C:\Users\lenovo\.p2\pool\plugins\org.eclipse.justj.openjdk.hotspot.jre.full.win32.x86_64_16.0.2.v20210721-1149\jre\bin\msvcp140.dll
0x00007ff8e0560000 - 0x00007ff8e110b000 	C:\Users\lenovo\.p2\pool\plugins\org.eclipse.justj.openjdk.hotspot.jre.full.win32.x86_64_16.0.2.v20210721-1149\jre\bin\server\jvm.dll
0x00007ff922490000 - 0x00007ff92253c000 	C:\WINDOWS\System32\ADVAPI32.dll
0x00007ff923860000 - 0x00007ff9238fb000 	C:\WINDOWS\System32\sechost.dll
0x00007ff922d30000 - 0x00007ff922e5a000 	C:\WINDOWS\System32\RPCRT4.dll
0x00007ff922990000 - 0x00007ff922998000 	C:\WINDOWS\System32\PSAPI.DLL
0x00007ff90b770000 - 0x00007ff90b779000 	C:\WINDOWS\SYSTEM32\WSOCK32.dll
0x00007ff9070c0000 - 0x00007ff9070e7000 	C:\WINDOWS\SYSTEM32\WINMM.dll
0x00007ff919ee0000 - 0x00007ff919eea000 	C:\WINDOWS\SYSTEM32\VERSION.dll
0x00007ff923ac0000 - 0x00007ff923b2b000 	C:\WINDOWS\System32\WS2_32.dll
0x00007ff91f170000 - 0x00007ff91f182000 	C:\WINDOWS\SYSTEM32\kernel.appcore.dll
0x00007ff909460000 - 0x00007ff90946a000 	C:\Users\lenovo\.p2\pool\plugins\org.eclipse.justj.openjdk.hotspot.jre.full.win32.x86_64_16.0.2.v20210721-1149\jre\bin\jimage.dll
0x00007ff90f390000 - 0x00007ff90f574000 	C:\WINDOWS\SYSTEM32\DBGHELP.DLL
0x00007ff90fba0000 - 0x00007ff90fbcc000 	C:\WINDOWS\SYSTEM32\dbgcore.DLL
0x00007ff9219e0000 - 0x00007ff921a62000 	C:\WINDOWS\System32\bcryptPrimitives.dll
0x00007ff909430000 - 0x00007ff909455000 	C:\Users\lenovo\.p2\pool\plugins\org.eclipse.justj.openjdk.hotspot.jre.full.win32.x86_64_16.0.2.v20210721-1149\jre\bin\java.dll

dbghelp: loaded successfully - version: 4.0.5 - missing functions: none
symbol engine: initialized successfully - sym options: 0x614 - pdb path: .;C:\Users\lenovo\.p2\pool\plugins\org.eclipse.justj.openjdk.hotspot.jre.full.win32.x86_64_16.0.2.v20210721-1149\jre\bin;C:\WINDOWS\SYSTEM32;C:\WINDOWS\WinSxS\amd64_microsoft.windows.common-controls_6595b64144ccf1df_6.0.19041.1110_none_60b5254171f9507e;C:\Users\lenovo\.p2\pool\plugins\org.eclipse.justj.openjdk.hotspot.jre.full.win32.x86_64_16.0.2.v20210721-1149\jre\bin\server

VM Arguments:
jvm_args: -ea -Dfile.encoding=Cp1252 -XX:+ShowCodeDetailsInExceptionMessages 
java_command: org.testng.remote.RemoteTestNG -serport 64321 -protocol json -d F:\eclipse-workspace\SDET_2_PRA\test-output C:\Users\lenovo\AppData\Local\Temp\testng-eclipse-1745269432\testng-customsuite.xml
java_class_path (initial): F:\KCSM7\eclipse\configuration\org.eclipse.osgi\442\0\.cp\lib\testng-remote.jar;F:\eclipse-workspace\SDET_2_PRA\target\test-classes;F:\eclipse-workspace\SDET_2_PRA\target\classes;C:\Users\lenovo\.p2\pool\plugins\org.testng_7.4.0.r202105021533.jar;C:\Users\lenovo\.p2\pool\plugins\com.beust.jcommander_1.78.0.jar;C:\Users\lenovo\.p2\pool\plugins\org.apache-extras.beanshell.bsh_2.0.0.b6.jar;C:\Users\lenovo\.p2\pool\plugins\org.yaml.snakeyaml_1.21.0.jar;C:\Users\lenovo\.p2\pool\plugins\org.webjars.jquery_3.5.1.jar;C:\Users\lenovo\.m2\repository\org\seleniumhq\selenium\selenium-java\4.1.0\selenium-java-4.1.0.jar;C:\Users\lenovo\.m2\repository\org\seleniumhq\selenium\selenium-api\4.1.0\selenium-api-4.1.0.jar;C:\Users\lenovo\.m2\repository\org\seleniumhq\selenium\selenium-chrome-driver\4.1.0\selenium-chrome-driver-4.1.0.jar;C:\Users\lenovo\.m2\repository\com\google\auto\service\auto-service-annotations\1.0.1\auto-service-annotations-1.0.1.jar;C:\Users\lenovo\.m2\repository\com\google\auto\service\auto-service\1.0.1\auto-service-1.0.1.jar;C:\Users\lenovo\.m2\repository\com\google\auto\auto-common\1.2\auto-common-1.2.jar;C:\Users\lenovo\.m2\repository\com\google\guava\guava\31.0.1-jre\guava-31.0.1-jre.jar;C:\Users\lenovo\.m2\repository\com\google\guava\failureaccess\1.0.1\failureaccess-1.0.1.jar;C:\Users\lenovo\.m2\repository\com\google\guava\listenablefuture\9999.0-empty-to-avoid-conflict-with-guava\listenablefuture-9999.0-empty-to-avoid-conflict-with-guava.jar;C:\Users\lenovo\.m2\repository\com\google\code\findbugs\jsr305\3.0.2\jsr305-3.0.2.jar;C:\Users\lenovo\.m2\repository\org\checkerframework\checker-qual\3.12.0\checker-qual-3.12.0.jar;C:\Users\lenovo\.m2\repository\com\google\errorprone\error_prone_annotations\2.7.1\error_prone_annotations-2.7.1.jar;C:\Users\lenovo\.m2\repository\com\google\j2objc\j2objc-annotations\1.3\j2objc-annotations-1.3.jar;C:\Users\lenovo\.m2\repository\org\seleniumhq\selenium\selenium-chromium-driver\4.1.0\selenium-c
Launcher Type: SUN_STANDARD

[Global flags]
     intx CICompilerCount                          = 4                                         {product} {ergonomic}
     uint ConcGCThreads                            = 2                                         {product} {ergonomic}
     uint G1ConcRefinementThreads                  = 8                                         {product} {ergonomic}
   size_t G1HeapRegionSize                         = 1048576                                   {product} {ergonomic}
    uintx GCDrainStackTargetSize                   = 64                                        {product} {ergonomic}
   size_t InitialHeapSize                          = 134217728                                 {product} {ergonomic}
   size_t MarkStackSize                            = 4194304                                   {product} {ergonomic}
   size_t MaxHeapSize                              = 2124414976                                {product} {ergonomic}
   size_t MinHeapDeltaBytes                        = 1048576                                   {product} {ergonomic}
   size_t MinHeapSize                              = 8388608                                   {product} {ergonomic}
    uintx NonNMethodCodeHeapSize                   = 5839372                                {pd product} {ergonomic}
    uintx NonProfiledCodeHeapSize                  = 122909434                              {pd product} {ergonomic}
    uintx ProfiledCodeHeapSize                     = 122909434                              {pd product} {ergonomic}
    uintx ReservedCodeCacheSize                    = 251658240                              {pd product} {ergonomic}
     bool SegmentedCodeCache                       = true                                      {product} {ergonomic}
     bool ShowCodeDetailsInExceptionMessages       = true                                   {manageable} {command line}
   size_t SoftMaxHeapSize                          = 2124414976                             {manageable} {ergonomic}
     bool UseCompressedClassPointers               = true                           {product lp64_product} {ergonomic}
     bool UseCompressedOops                        = true                           {product lp64_product} {ergonomic}
     bool UseG1GC                                  = true                                      {product} {ergonomic}
     bool UseLargePagesIndividualAllocation        = false                                  {pd product} {ergonomic}

Logging:
Log output configuration:
 #0: stdout all=warning uptime,level,tags
 #1: stderr all=off uptime,level,tags

Environment Variables:
JAVA_HOME=C:\Program Files\Java\jdk1.8.0_162
PATH=C:/Users/lenovo/.p2/pool/plugins/org.eclipse.justj.openjdk.hotspot.jre.full.win32.x86_64_16.0.2.v20210721-1149/jre/bin/server;C:/Users/lenovo/.p2/pool/plugins/org.eclipse.justj.openjdk.hotspot.jre.full.win32.x86_64_16.0.2.v20210721-1149/jre/bin;F:\oracle\product\10.2.0\db_1\bin;C:\ProgramData\Oracle\Java\javapath;C:\WINDOWS\system32\wbem;C:\WINDOWS;C:\WINDOWS\System32\Wbem;"C:\WINDOWS\System32\WindowsPowerShell\v1.0\;C:\Program Files\Java\jdk1.8.0_102";C:\WINDOWS\System32\OpenSSH\;C:\Program Files (x86)\OpenCTM 1.0.3\bin;C:\Program Files (x86)\Brackets\command;C:\Program Files\Java;C:\Program Files\Java\jdk1.8.0_162\bin;C:\WINDOWS\system32;C:\WINDOWS\System32\WindowsPowerShell\v1.0\;C:\Program Files\nodejs\;C:\apache-maven-3.8.4-bin\apache-maven-3.8.4\bin;C:\Program Files\Git\cmd;C:\Users\lenovo\AppData\Local\Microsoft\WindowsApps;;C:\Users\lenovo\AppData\Local\Programs\Microsoft VS Code\bin;C:\Users\lenovo\AppData\Roaming\npm;C:\WINDOWS\system32;
USERNAME=lenovo
OS=Windows_NT
PROCESSOR_IDENTIFIER=Intel64 Family 6 Model 142 Stepping 10, GenuineIntel



---------------  S Y S T E M  ---------------

OS:
 Windows 10 , 64 bit Build 19041 (10.0.19041.1348)
OS uptime: 0 days 2:25 hours

CPU: total 8 (initial active 8) (4 cores per cpu, 2 threads per core) family 6 model 142 stepping 10 microcode 0xb4, cx8, cmov, fxsr, ht, mmx, 3dnowpref, sse, sse2, sse3, ssse3, sse4.1, sse4.2, popcnt, lzcnt, tsc, tscinvbit, avx, avx2, aes, erms, clmul, bmi1, bmi2, adx, fma, vzeroupper, clflush, clflushopt

Memory: 4k page, system-wide physical 8101M (684M free)
TotalPageFile size 32677M (AvailPageFile size 27M)
current process WorkingSet (physical memory assigned to process): 10M, peak: 10M
current process commit charge ("private bytes"): 60M, peak: 187M

vm_info: OpenJDK 64-Bit Server VM (16.0.2+7-67) for windows-amd64 JRE (16.0.2+7-67), built on Jun  8 2021 23:21:43 by "mach5one" with MS VC++ 16.7 (VS2019)

END.
