#
# There is insufficient memory for the Java Runtime Environment to continue.
# Native memory allocation (malloc) failed to allocate 1950576 bytes for Chunk::new
# Possible reasons:
#   The system is out of physical RAM or swap space
#   The process is running with CompressedOops enabled, and the Java Heap may be blocking the growth of the native heap
# Possible solutions:
#   Reduce memory load on the system
#   Increase physical memory or swap space
#   Check if swap backing store is full
#   Decrease Java heap size (-Xmx/-Xms)
#   Decrease number of Java threads
#   Decrease Java thread stack sizes (-Xss)
#   Set larger code cache with -XX:ReservedCodeCacheSize=
#   JVM is running with Unscaled Compressed Oops mode in which the Java heap is
#     placed in the first 4GB address space. The Java Heap base address is the
#     maximum limit for the native heap growth. Please use -XX:HeapBaseMinAddress
#     to set the Java Heap base and to place the Java Heap above 4GB virtual address.
# This output file may be truncated or incomplete.
#
#  Out of Memory Error (arena.cpp:195), pid=16728, tid=14416
#
# JRE version: OpenJDK Runtime Environment (16.0.2+7) (build 16.0.2+7-67)
# Java VM: OpenJDK 64-Bit Server VM (16.0.2+7-67, mixed mode, tiered, compressed oops, compressed class ptrs, g1 gc, windows-amd64)
# No core dump will be written. Minidumps are not enabled by default on client versions of Windows
#

---------------  S U M M A R Y ------------

Command Line: -ea -Dfile.encoding=Cp1252 -XX:+ShowCodeDetailsInExceptionMessages org.testng.remote.RemoteTestNG -serport 50134 -protocol json -d F:\eclipse-workspace\SDET_2_PRA\test-output C:\Users\lenovo\AppData\Local\Temp\testng-eclipse-1809109849\testng-customsuite.xml

Host: Intel(R) Core(TM) i5-8250U CPU @ 1.60GHz, 8 cores, 7G,  Windows 10 , 64 bit Build 19041 (10.0.19041.1348)
Time: Wed Dec 15 22:42:55 2021 India Standard Time elapsed time: 7.168683 seconds (0d 0h 0m 7s)

---------------  T H R E A D  ---------------

Current thread (0x00000282ab435ed0):  JavaThread "C2 CompilerThread0" daemon [_thread_in_native, id=14416, stack(0x00000098adb00000,0x00000098adc00000)]


Current CompileTask:
C2:   7168 1891       4       java.lang.invoke.MethodType::makeImpl (108 bytes)

Stack: [0x00000098adb00000,0x00000098adc00000]
Native frames: (J=compiled Java code, j=interpreted, Vv=VM code, C=native code)
V  [jvm.dll+0x6681ca]
V  [jvm.dll+0x7c9e69]
V  [jvm.dll+0x7cb61e]
V  [jvm.dll+0x7cbc73]
V  [jvm.dll+0x242c55]
V  [jvm.dll+0xadeba]
V  [jvm.dll+0xae45c]
V  [jvm.dll+0x35a882]
V  [jvm.dll+0x324de1]
V  [jvm.dll+0x32428a]
V  [jvm.dll+0x215cec]
V  [jvm.dll+0x215100]
V  [jvm.dll+0x1a1beb]
V  [jvm.dll+0x225158]
V  [jvm.dll+0x22319c]
V  [jvm.dll+0x77fa62]
V  [jvm.dll+0x7795aa]
V  [jvm.dll+0x667066]
C  [ucrtbase.dll+0x21bb2]
C  [KERNEL32.DLL+0x17034]
C  [ntdll.dll+0x52651]


---------------  P R O C E S S  ---------------

Threads class SMR info:
_java_thread_list=0x00000282adf047f0, length=24, elements={
0x000002828ebaba70, 0x00000282aa9f1020, 0x00000282aa9f2590, 0x00000282aaa1d340,
0x00000282ab409300, 0x00000282ab40c3c0, 0x00000282ab430020, 0x00000282ab435ed0,
0x00000282ab436820, 0x00000282ab43c0d0, 0x00000282ab58edd0, 0x00000282ab5abf50,
0x00000282ac0ad540, 0x00000282ac145a50, 0x00000282ac145f70, 0x00000282ace14ca0,
0x00000282acb52d30, 0x00000282ac5eaac0, 0x00000282ac29de10, 0x00000282ade8ce70,
0x00000282acc825a0, 0x00000282acc82af0, 0x00000282acc815b0, 0x00000282acc83040
}

Java Threads: ( => current thread )
  0x000002828ebaba70 JavaThread "Forwarding newSession on session null to remote" [_thread_in_vm, id=3348, stack(0x00000098ace00000,0x00000098acf00000)]
  0x00000282aa9f1020 JavaThread "Reference Handler" daemon [_thread_blocked, id=16092, stack(0x00000098ad500000,0x00000098ad600000)]
  0x00000282aa9f2590 JavaThread "Finalizer" daemon [_thread_blocked, id=16680, stack(0x00000098ad600000,0x00000098ad700000)]
  0x00000282aaa1d340 JavaThread "Signal Dispatcher" daemon [_thread_blocked, id=9656, stack(0x00000098ad700000,0x00000098ad800000)]
  0x00000282ab409300 JavaThread "Attach Listener" daemon [_thread_blocked, id=9424, stack(0x00000098ad800000,0x00000098ad900000)]
  0x00000282ab40c3c0 JavaThread "Service Thread" daemon [_thread_blocked, id=11124, stack(0x00000098ad900000,0x00000098ada00000)]
  0x00000282ab430020 JavaThread "Monitor Deflation Thread" daemon [_thread_blocked, id=15824, stack(0x00000098ada00000,0x00000098adb00000)]
=>0x00000282ab435ed0 JavaThread "C2 CompilerThread0" daemon [_thread_in_native, id=14416, stack(0x00000098adb00000,0x00000098adc00000)]
  0x00000282ab436820 JavaThread "C1 CompilerThread0" daemon [_thread_blocked, id=5212, stack(0x00000098adc00000,0x00000098add00000)]
  0x00000282ab43c0d0 JavaThread "Sweeper thread" daemon [_thread_blocked, id=8136, stack(0x00000098add00000,0x00000098ade00000)]
  0x00000282ab58edd0 JavaThread "Notification Thread" daemon [_thread_blocked, id=1792, stack(0x00000098ade00000,0x00000098adf00000)]
  0x00000282ab5abf50 JavaThread "Common-Cleaner" daemon [_thread_blocked, id=15308, stack(0x00000098ae000000,0x00000098ae100000)]
  0x00000282ac0ad540 JavaThread "ReaderThread" [_thread_in_native, id=13652, stack(0x00000098ae300000,0x00000098ae400000)]
  0x00000282ac145a50 JavaThread "ForkJoinPool.commonPool-worker-3" daemon [_thread_blocked, id=5352, stack(0x00000098ae400000,0x00000098ae500000)]
  0x00000282ac145f70 JavaThread "ForkJoinPool.commonPool-worker-5" daemon [_thread_blocked, id=14268, stack(0x00000098ae500000,0x00000098ae600000)]
  0x00000282ace14ca0 JavaThread "AsyncHttpClient-1-1" daemon [_thread_blocked, id=8860, stack(0x00000098aed00000,0x00000098aee00000)]
  0x00000282acb52d30 JavaThread "Exec Default Executor" daemon [_thread_in_native, id=272, stack(0x00000098af000000,0x00000098af100000)]
  0x00000282ac5eaac0 JavaThread "Driver Service Executor" daemon [_thread_blocked, id=10700, stack(0x00000098af100000,0x00000098af200000)]
  0x00000282ac29de10 JavaThread "Driver Service Executor" daemon [_thread_blocked, id=7840, stack(0x00000098af200000,0x00000098af300000)]
  0x00000282ade8ce70 JavaThread "UrlChecker-2" daemon [_thread_blocked, id=4020, stack(0x00000098af300000,0x00000098af400000)]
  0x00000282acc825a0 JavaThread "Exec Stream Pumper" daemon [_thread_in_native, id=16556, stack(0x00000098af400000,0x00000098af500000)]
  0x00000282acc82af0 JavaThread "Exec Stream Pumper" daemon [_thread_in_native, id=6484, stack(0x00000098af500000,0x00000098af600000)]
  0x00000282acc815b0 JavaThread "Keep-Alive-Timer" daemon [_thread_in_vm, id=7856, stack(0x00000098ae100000,0x00000098ae200000)]
  0x00000282acc83040 JavaThread "AsyncHttpClient-1-2" daemon [_thread_in_native, id=14340, stack(0x00000098aec00000,0x00000098aed00000)]

Other Threads:
  0x00000282aa9dae50 VMThread "VM Thread" [stack: 0x00000098ad400000,0x00000098ad500000] [id=14772]
  0x00000282ab591300 WatcherThread [stack: 0x00000098adf00000,0x00000098ae000000] [id=6256]
  0x000002828ebeacd0 GCTaskThread "GC Thread#0" [stack: 0x00000098acf00000,0x00000098ad000000] [id=2380]
  0x00000282ac193ba0 GCTaskThread "GC Thread#1" [stack: 0x00000098ae600000,0x00000098ae700000] [id=1724]
  0x00000282ac18fb40 GCTaskThread "GC Thread#2" [stack: 0x00000098ae700000,0x00000098ae800000] [id=11036]
  0x00000282ac18fe50 GCTaskThread "GC Thread#3" [stack: 0x00000098ae800000,0x00000098ae900000] [id=1304]
  0x00000282ac19db00 GCTaskThread "GC Thread#4" [stack: 0x00000098ae900000,0x00000098aea00000] [id=15636]
  0x00000282ac19de10 GCTaskThread "GC Thread#5" [stack: 0x00000098aea00000,0x00000098aeb00000] [id=13884]
  0x00000282ac24fda0 GCTaskThread "GC Thread#6" [stack: 0x00000098aeb00000,0x00000098aec00000] [id=16584]
  0x00000282acc36b10 GCTaskThread "GC Thread#7" [stack: 0x00000098aee00000,0x00000098aef00000] [id=17080]
  0x000002828ebfca60 ConcurrentGCThread "G1 Main Marker" [stack: 0x00000098ad000000,0x00000098ad100000] [id=14548]
  0x000002828ebfd4d0 ConcurrentGCThread "G1 Conc#0" [stack: 0x00000098ad100000,0x00000098ad200000] [id=11100]
  0x00000282acda1770 ConcurrentGCThread "G1 Conc#1" [stack: 0x00000098aef00000,0x00000098af000000] [id=6204]
  0x00000282aa830090 ConcurrentGCThread "G1 Refine#0" [stack: 0x00000098ad200000,0x00000098ad300000] [id=13780]
  0x00000282aa831a30 ConcurrentGCThread "G1 Service" [stack: 0x00000098ad300000,0x00000098ad400000] [id=14256]

Threads with active compile tasks:
C2 CompilerThread0     7551 1891       4       java.lang.invoke.MethodType::makeImpl (108 bytes)

VM state: not at safepoint (normal execution)

VM Mutex/Monitor currently owned by a thread:  ([mutex/lock_event])
[0x000002828eba5cc0] MetaspaceExpand_lock - owner thread: 0x000002828ebaba70

Heap address: 0x0000000081600000, size: 2026 MB, Compressed Oops mode: 32-bit

CDS disabled.
Compressed class space mapped at: 0x0000000100000000-0x0000000140000000, reserved size: 1073741824
Narrow klass base: 0x0000000000000000, Narrow klass shift: 3, Narrow klass range: 0x140000000

GC Precious Log:
 CPUs: 8 total, 8 available
 Memory: 8101M
 Large Page Support: Disabled
 NUMA Support: Disabled
 Compressed Oops: Enabled (32-bit)
 Heap Region Size: 1M
 Heap Min Capacity: 8M
 Heap Initial Capacity: 128M
 Heap Max Capacity: 2026M
 Pre-touch: Disabled
 Parallel Workers: 8
 Concurrent Workers: 2
 Concurrent Refinement Workers: 8
 Periodic GC: Disabled

Heap:
 garbage-first heap   total 40960K, used 31518K [0x0000000081600000, 0x0000000100000000)
  region size 1024K, 9 young (9216K), 5 survivors (5120K)
 Metaspace       used 29677K, committed 29952K, reserved 1081344K
  class space    used 3383K, committed 3520K, reserved 1048576K

Heap Regions: E=young(eden), S=young(survivor), O=old, HS=humongous(starts), HC=humongous(continues), CS=collection set, F=free, OA=open archive, CA=closed archive, TAMS=top-at-mark-start (previous, next)
|   0|0x0000000081600000, 0x0000000081700000, 0x0000000081700000|100%| O|  |TAMS 0x0000000081700000, 0x0000000081700000| Untracked 
|   1|0x0000000081700000, 0x0000000081800000, 0x0000000081800000|100%| O|  |TAMS 0x0000000081800000, 0x0000000081800000| Untracked 
|   2|0x0000000081800000, 0x0000000081900000, 0x0000000081900000|100%| O|  |TAMS 0x0000000081900000, 0x0000000081900000| Untracked 
|   3|0x0000000081900000, 0x0000000081a00000, 0x0000000081a00000|100%| O|  |TAMS 0x0000000081993800, 0x0000000081a00000| Untracked 
|   4|0x0000000081a00000, 0x0000000081b00000, 0x0000000081b00000|100%| O|  |TAMS 0x0000000081a00000, 0x0000000081b00000| Untracked 
|   5|0x0000000081b00000, 0x0000000081c00000, 0x0000000081c00000|100%| O|  |TAMS 0x0000000081b00000, 0x0000000081c00000| Untracked 
|   6|0x0000000081c00000, 0x0000000081c71200, 0x0000000081d00000| 44%| O|  |TAMS 0x0000000081c00000, 0x0000000081c71200| Untracked 
|   7|0x0000000081d00000, 0x0000000081e00000, 0x0000000081e00000|100%| S|CS|TAMS 0x0000000081d00000, 0x0000000081d00000| Complete 
|   8|0x0000000081e00000, 0x0000000081f00000, 0x0000000081f00000|100%| S|CS|TAMS 0x0000000081e00000, 0x0000000081e00000| Complete 
|   9|0x0000000081f00000, 0x0000000082000000, 0x0000000082000000|100%|HS|  |TAMS 0x0000000081f00000, 0x0000000081f00000| Complete 
|  10|0x0000000082000000, 0x0000000082100000, 0x0000000082100000|100%|HC|  |TAMS 0x0000000082000000, 0x0000000082000000| Complete 
|  11|0x0000000082100000, 0x0000000082200000, 0x0000000082200000|100%|HC|  |TAMS 0x0000000082100000, 0x0000000082100000| Complete 
|  12|0x0000000082200000, 0x0000000082300000, 0x0000000082300000|100%|HC|  |TAMS 0x0000000082200000, 0x0000000082200000| Complete 
|  13|0x0000000082300000, 0x0000000082400000, 0x0000000082400000|100%|HC|  |TAMS 0x0000000082300000, 0x0000000082300000| Complete 
|  14|0x0000000082400000, 0x0000000082500000, 0x0000000082500000|100%|HC|  |TAMS 0x0000000082400000, 0x0000000082400000| Complete 
|  15|0x0000000082500000, 0x0000000082600000, 0x0000000082600000|100%|HC|  |TAMS 0x0000000082500000, 0x0000000082500000| Complete 
|  16|0x0000000082600000, 0x0000000082700000, 0x0000000082700000|100%|HC|  |TAMS 0x0000000082600000, 0x0000000082600000| Complete 
|  17|0x0000000082700000, 0x0000000082800000, 0x0000000082800000|100%|HC|  |TAMS 0x0000000082700000, 0x0000000082700000| Complete 
|  18|0x0000000082800000, 0x0000000082900000, 0x0000000082900000|100%|HC|  |TAMS 0x0000000082800000, 0x0000000082800000| Complete 
|  19|0x0000000082900000, 0x0000000082a00000, 0x0000000082a00000|100%|HC|  |TAMS 0x0000000082900000, 0x0000000082900000| Complete 
|  20|0x0000000082a00000, 0x0000000082b00000, 0x0000000082b00000|100%|HC|  |TAMS 0x0000000082a00000, 0x0000000082a00000| Complete 
|  21|0x0000000082b00000, 0x0000000082c00000, 0x0000000082c00000|100%|HC|  |TAMS 0x0000000082b00000, 0x0000000082b00000| Complete 
|  22|0x0000000082c00000, 0x0000000082d00000, 0x0000000082d00000|100%|HC|  |TAMS 0x0000000082c00000, 0x0000000082c00000| Complete 
|  23|0x0000000082d00000, 0x0000000082e00000, 0x0000000082e00000|100%|HC|  |TAMS 0x0000000082d00000, 0x0000000082d00000| Complete 
|  24|0x0000000082e00000, 0x0000000082f00000, 0x0000000082f00000|100%|HC|  |TAMS 0x0000000082e00000, 0x0000000082e00000| Complete 
|  25|0x0000000082f00000, 0x0000000083000000, 0x0000000083000000|100%|HC|  |TAMS 0x0000000082f00000, 0x0000000082f00000| Complete 
|  26|0x0000000083000000, 0x0000000083000000, 0x0000000083100000|  0%| F|  |TAMS 0x0000000083000000, 0x0000000083000000| Untracked 
|  27|0x0000000083100000, 0x0000000083100000, 0x0000000083200000|  0%| F|  |TAMS 0x0000000083100000, 0x0000000083100000| Untracked 
|  28|0x0000000083200000, 0x0000000083200000, 0x0000000083300000|  0%| F|  |TAMS 0x0000000083200000, 0x0000000083200000| Untracked 
|  29|0x0000000083300000, 0x0000000083300000, 0x0000000083400000|  0%| F|  |TAMS 0x0000000083300000, 0x0000000083300000| Untracked 
|  30|0x0000000083400000, 0x0000000083400000, 0x0000000083500000|  0%| F|  |TAMS 0x0000000083400000, 0x0000000083400000| Untracked 
|  31|0x0000000083500000, 0x0000000083500000, 0x0000000083600000|  0%| F|  |TAMS 0x0000000083500000, 0x0000000083500000| Untracked 
|  32|0x0000000083600000, 0x0000000083600000, 0x0000000083700000|  0%| F|  |TAMS 0x0000000083600000, 0x0000000083600000| Untracked 
|  33|0x0000000083700000, 0x0000000083800000, 0x0000000083800000|100%| S|CS|TAMS 0x0000000083700000, 0x0000000083700000| Complete 
|  34|0x0000000083800000, 0x0000000083900000, 0x0000000083900000|100%| S|CS|TAMS 0x0000000083800000, 0x0000000083800000| Complete 
|  35|0x0000000083900000, 0x00000000839568a0, 0x0000000083a00000| 33%| S|CS|TAMS 0x0000000083900000, 0x0000000083900000| Complete 
| 101|0x0000000087b00000, 0x0000000087be9c48, 0x0000000087c00000| 91%| E|  |TAMS 0x0000000087b00000, 0x0000000087b00000| Complete 
| 105|0x0000000087f00000, 0x0000000088000000, 0x0000000088000000|100%| E|CS|TAMS 0x0000000087f00000, 0x0000000087f00000| Complete 
| 106|0x0000000088000000, 0x0000000088100000, 0x0000000088100000|100%| E|CS|TAMS 0x0000000088000000, 0x0000000088000000| Complete 
| 127|0x0000000089500000, 0x0000000089600000, 0x0000000089600000|100%| E|CS|TAMS 0x0000000089500000, 0x0000000089500000| Complete 

Card table byte_map: [0x00000282a3790000,0x00000282a3b90000] _byte_map_base: 0x00000282a3385000

Marking Bits (Prev, Next): (CMBitMap*) 0x000002828ebec390, (CMBitMap*) 0x000002828ebec350
 Prev Bits: [0x00000282a5f40000, 0x00000282a7ee8000)
 Next Bits: [0x00000282a3f90000, 0x00000282a5f38000)

Polling page: 0x000002828ec80000

Metaspace:

Usage:
  Non-class:     25.68 MB used.
      Class:      3.30 MB used.
       Both:     28.98 MB used.

Virtual space:
  Non-class space:       32.00 MB reserved,      25.81 MB ( 81%) committed,  4 nodes.
      Class space:        1.00 GB reserved,       3.44 MB ( <1%) committed,  1 nodes.
              Both:        1.03 GB reserved,      29.25 MB (  3%) committed. 

Chunk freelists:
   Non-Class:  1.98 MB
       Class:  495.00 KB
        Both:  2.47 MB

MaxMetaspaceSize: 17179869184.00 GB
CompressedClassSpaceSize: 1.00 GB
 - commit_granule_bytes: 65536.
 - commit_granule_words: 8192.
 - virtual_space_node_default_size: 1048576.
 - enlarge_chunks_in_place: 1.
 - new_chunks_are_fully_committed: 0.
 - uncommit_free_chunks: 1.
 - use_allocation_guard: 0.
 - handle_deallocations: 1.


Internal statistics:

num_allocs_failed_limit: 3.
num_arena_births: 198.
num_arena_deaths: 0.
num_vsnodes_births: 5.
num_vsnodes_deaths: 0.
num_space_committed: 468.
num_space_uncommitted: 0.
num_chunks_returned_to_freelist: 3.
num_chunks_taken_from_freelist: 791.
num_chunk_merges: 0.
num_chunk_splits: 512.
num_chunks_enlarged: 394.
num_purges: 0.

CodeHeap 'non-profiled nmethods': size=120000Kb used=859Kb max_used=859Kb free=119140Kb
 bounds [0x000002829b3f0000, 0x000002829b660000, 0x00000282a2920000]
CodeHeap 'profiled nmethods': size=120000Kb used=3598Kb max_used=3598Kb free=116401Kb
 bounds [0x0000028293ec0000, 0x0000028294250000, 0x000002829b3f0000]
CodeHeap 'non-nmethods': size=5760Kb used=1268Kb max_used=1305Kb free=4491Kb
 bounds [0x0000028293920000, 0x0000028293b90000, 0x0000028293ec0000]
 total_blobs=2489 nmethods=1915 adapters=486
 compilation: enabled
              stopped_count=0, restarted_count=0
 full_count=0

Compilation events (20 events):
Event: 6.710 Thread 0x00000282ab436820 nmethod 1900 0x0000028294233b90 code [0x0000028294233d40, 0x0000028294233ef8]
Event: 6.712 Thread 0x00000282ab436820 1901       3       java.lang.invoke.BoundMethodHandle::bindArgumentL (11 bytes)
Event: 6.713 Thread 0x00000282ab436820 nmethod 1901 0x0000028294234010 code [0x0000028294234200, 0x00000282942346f8]
Event: 6.713 Thread 0x00000282ab436820 1902       3       java.lang.invoke.LambdaFormEditor::bindArgumentL (59 bytes)
Event: 6.713 Thread 0x00000282ab436820 nmethod 1902 0x0000028294234910 code [0x0000028294234ae0, 0x0000028294234d88]
Event: 6.717 Thread 0x00000282ab436820 1903       3       java.lang.Class::protectionDomain (48 bytes)
Event: 6.717 Thread 0x00000282ab436820 nmethod 1903 0x0000028294234e90 code [0x00000282942350c0, 0x00000282942356f8]
Event: 6.717 Thread 0x00000282ab436820 1904       3       java.lang.invoke.MethodHandles$Lookup::resolveOrFail (53 bytes)
Event: 6.718 Thread 0x00000282ab436820 nmethod 1904 0x0000028294235910 code [0x0000028294235b60, 0x0000028294236358]
Event: 6.718 Thread 0x00000282ab436820 1905       3       java.lang.invoke.MethodHandles$Lookup::checkMethodName (45 bytes)
Event: 6.718 Thread 0x00000282ab436820 nmethod 1905 0x0000028294236690 code [0x00000282942368e0, 0x0000028294237008]
Event: 6.719 Thread 0x00000282ab436820 1906       3       java.lang.invoke.DelegatingMethodHandle::<init> (10 bytes)
Event: 6.719 Thread 0x00000282ab436820 nmethod 1906 0x0000028294237310 code [0x00000282942374e0, 0x0000028294237898]
Event: 6.719 Thread 0x00000282ab436820 1907       3       java.lang.invoke.DelegatingMethodHandle::chooseDelegatingForm (24 bytes)
Event: 6.719 Thread 0x00000282ab436820 nmethod 1907 0x0000028294237a10 code [0x0000028294237bc0, 0x0000028294237ee8]
Event: 6.720 Thread 0x00000282ab436820 1908       3       java.lang.reflect.AccessibleObject::checkCanSetAccessible (386 bytes)
Event: 6.724 Thread 0x00000282ab436820 nmethod 1908 0x0000028294237f90 code [0x0000028294238700, 0x000002829423c088]
Event: 7.000 Thread 0x00000282ab436820 1910       3       java.io.DataInputStream::readUTF (501 bytes)
Event: 7.001 Thread 0x00000282ab436820 nmethod 1910 0x000002829423d410 code [0x000002829423d860, 0x000002829423f868]
Event: 7.001 Thread 0x00000282ab436820 1912       3       java.io.DataInputStream::readFully (59 bytes)

GC Heap History (6 events):
Event: 0.785 GC heap before
{Heap before GC invocations=0 (full 0):
 garbage-first heap   total 131072K, used 22528K [0x0000000081600000, 0x0000000100000000)
  region size 1024K, 23 young (23552K), 0 survivors (0K)
 Metaspace       used 14794K, committed 15040K, reserved 1064960K
  class space    used 1448K, committed 1536K, reserved 1048576K
}
Event: 0.791 GC heap after
{Heap after GC invocations=1 (full 0):
 garbage-first heap   total 131072K, used 6734K [0x0000000081600000, 0x0000000100000000)
  region size 1024K, 3 young (3072K), 3 survivors (3072K)
 Metaspace       used 14794K, committed 15040K, reserved 1064960K
  class space    used 1448K, committed 1536K, reserved 1048576K
}
Event: 1.179 GC heap before
{Heap before GC invocations=1 (full 0):
 garbage-first heap   total 131072K, used 27214K [0x0000000081600000, 0x0000000100000000)
  region size 1024K, 24 young (24576K), 3 survivors (3072K)
 Metaspace       used 20998K, committed 21248K, reserved 1073152K
  class space    used 2217K, committed 2368K, reserved 1048576K
}
Event: 1.182 GC heap after
{Heap after GC invocations=2 (full 0):
 garbage-first heap   total 131072K, used 8797K [0x0000000081600000, 0x0000000100000000)
  region size 1024K, 3 young (3072K), 3 survivors (3072K)
 Metaspace       used 20998K, committed 21248K, reserved 1073152K
  class space    used 2217K, committed 2368K, reserved 1048576K
}
Event: 2.658 GC heap before
{Heap before GC invocations=3 (full 0):
 garbage-first heap   total 37888K, used 33373K [0x0000000081600000, 0x0000000100000000)
  region size 1024K, 28 young (28672K), 3 survivors (3072K)
 Metaspace       used 28467K, committed 28736K, reserved 1081344K
  class space    used 3231K, committed 3328K, reserved 1048576K
}
Event: 2.666 GC heap after
{Heap after GC invocations=4 (full 0):
 garbage-first heap   total 40960K, used 11038K [0x0000000081600000, 0x0000000100000000)
  region size 1024K, 5 young (5120K), 5 survivors (5120K)
 Metaspace       used 28467K, committed 28736K, reserved 1081344K
  class space    used 3231K, committed 3328K, reserved 1048576K
}

Deoptimization events (20 events):
Event: 1.379 Thread 0x000002828ebaba70 Uncommon trap: trap_request=0xffffffde fr.pc=0x000002829b495b78 relative=0x0000000000000498
Event: 1.379 Thread 0x000002828ebaba70 Uncommon trap: reason=class_check action=maybe_recompile pc=0x000002829b495b78 method=java.util.regex.Pattern$Start.match(Ljava/util/regex/Matcher;ILjava/lang/CharSequence;)Z @ 44 c2
Event: 1.379 Thread 0x000002828ebaba70 DEOPT PACKING pc=0x000002829b495b78 sp=0x00000098acefd3f0
Event: 1.379 Thread 0x000002828ebaba70 DEOPT UNPACKING pc=0x000002829396d72e sp=0x00000098acefd340 mode 2
Event: 1.387 Thread 0x000002828ebaba70 Uncommon trap: trap_request=0xffffff45 fr.pc=0x000002829b44bbc0 relative=0x0000000000000600
Event: 1.387 Thread 0x000002828ebaba70 Uncommon trap: reason=unstable_if action=reinterpret pc=0x000002829b44bbc0 method=java.lang.String.replace(CC)Ljava/lang/String; @ 2 c2
Event: 1.387 Thread 0x000002828ebaba70 DEOPT PACKING pc=0x000002829b44bbc0 sp=0x00000098acefd330
Event: 1.387 Thread 0x000002828ebaba70 DEOPT UNPACKING pc=0x000002829396d72e sp=0x00000098acefd2e0 mode 2
Event: 1.397 Thread 0x00000282ade8ce70 Uncommon trap: trap_request=0xffffffde fr.pc=0x000002829b495b78 relative=0x0000000000000498
Event: 1.397 Thread 0x00000282ade8ce70 Uncommon trap: reason=class_check action=maybe_recompile pc=0x000002829b495b78 method=java.util.regex.Pattern$Start.match(Ljava/util/regex/Matcher;ILjava/lang/CharSequence;)Z @ 44 c2
Event: 1.397 Thread 0x00000282ade8ce70 DEOPT PACKING pc=0x000002829b495b78 sp=0x00000098af3fde70
Event: 1.397 Thread 0x00000282ade8ce70 DEOPT UNPACKING pc=0x000002829396d72e sp=0x00000098af3fddb0 mode 2
Event: 1.399 Thread 0x00000282ade8ce70 Uncommon trap: trap_request=0xffffff45 fr.pc=0x000002829b46dbd8 relative=0x00000000000000b8
Event: 1.399 Thread 0x00000282ade8ce70 Uncommon trap: reason=unstable_if action=reinterpret pc=0x000002829b46dbd8 method=java.lang.CharacterDataLatin1.digit(II)I @ 12 c2
Event: 1.399 Thread 0x00000282ade8ce70 DEOPT PACKING pc=0x000002829b46dbd8 sp=0x00000098af3fe450
Event: 1.399 Thread 0x00000282ade8ce70 DEOPT UNPACKING pc=0x000002829396d72e sp=0x00000098af3fe308 mode 2
Event: 1.419 Thread 0x00000282ade8ce70 Uncommon trap: trap_request=0xffffff45 fr.pc=0x000002829b46dfc8 relative=0x00000000000000a8
Event: 1.419 Thread 0x00000282ade8ce70 Uncommon trap: reason=unstable_if action=reinterpret pc=0x000002829b46dfc8 method=java.lang.CharacterDataLatin1.digit(II)I @ 12 c2
Event: 1.419 Thread 0x00000282ade8ce70 DEOPT PACKING pc=0x000002829b46dfc8 sp=0x00000098af3fe3a0
Event: 1.419 Thread 0x00000282ade8ce70 DEOPT UNPACKING pc=0x000002829396d72e sp=0x00000098af3fe318 mode 2

Classes unloaded (0 events):
No events

Classes redefined (0 events):
No events

Internal exceptions (20 events):
Event: 1.431 Thread 0x00000282acb52d30 Exception <a 'java/lang/NoSuchMethodError'{0x0000000082c17358}: 'java.lang.Object java.lang.invoke.DirectMethodHandle$Holder.newInvokeSpecial(java.lang.Object, long)'> (0x0000000082c17358) 
thrown [t:\workspace\open\src\hotspot\share\interpreter\linkResolver.cpp, line 790]
Event: 1.435 Thread 0x00000282acb52d30 Exception <a 'java/lang/NoSuchMethodError'{0x0000000082c21a28}: 'java.lang.Object java.lang.invoke.DirectMethodHandle$Holder.invokeStaticInit(java.lang.Object, java.lang.Object, long, java.lang.Object)'> (0x0000000082c21a28) 
thrown [t:\workspace\open\src\hotspot\share\interpreter\linkResolver.cpp, line 790]
Event: 1.435 Thread 0x00000282acb52d30 Exception <a 'java/lang/NoSuchMethodError'{0x0000000082c27da0}: 'java.lang.Object java.lang.invoke.DirectMethodHandle$Holder.newInvokeSpecial(java.lang.Object, java.lang.Object, long)'> (0x0000000082c27da0) 
thrown [t:\workspace\open\src\hotspot\share\interpreter\linkResolver.cpp, line 790]
Event: 1.436 Thread 0x00000282acb52d30 Exception <a 'java/lang/NoSuchMethodError'{0x0000000082c2bb10}: 'java.lang.Object java.lang.invoke.Invokers$Holder.linkToTargetMethod(java.lang.Object, long, java.lang.Object)'> (0x0000000082c2bb10) 
thrown [t:\workspace\open\src\hotspot\share\interpreter\linkResolver.cpp, line 790]
Event: 1.450 Thread 0x00000282ade8ce70 Exception <a 'java/net/ConnectException'{0x0000000082cab580}: Connection refused: no further information> (0x0000000082cab580) 
thrown [t:\workspace\open\src\hotspot\share\prims\jni.cpp, line 600]
Event: 1.450 Thread 0x00000282ade8ce70 Exception <a 'java/net/SocketException'{0x0000000082cab8b8}: Socket is not connected: shutdown> (0x0000000082cab8b8) 
thrown [t:\workspace\open\src\hotspot\share\prims\jni.cpp, line 600]
Event: 1.497 Thread 0x00000282ade8ce70 Exception <a 'java/net/ConnectException'{0x0000000082cac850}: Connection refused: no further information> (0x0000000082cac850) 
thrown [t:\workspace\open\src\hotspot\share\prims\jni.cpp, line 600]
Event: 1.497 Thread 0x00000282ade8ce70 Exception <a 'java/net/SocketException'{0x0000000082cacb88}: Socket is not connected: shutdown> (0x0000000082cacb88) 
thrown [t:\workspace\open\src\hotspot\share\prims\jni.cpp, line 600]
Event: 1.606 Thread 0x00000282ade8ce70 Exception <a 'java/net/ConnectException'{0x0000000082cadb20}: Connection refused: no further information> (0x0000000082cadb20) 
thrown [t:\workspace\open\src\hotspot\share\prims\jni.cpp, line 600]
Event: 1.606 Thread 0x00000282ade8ce70 Exception <a 'java/net/SocketException'{0x0000000082cade58}: Socket is not connected: shutdown> (0x0000000082cade58) 
thrown [t:\workspace\open\src\hotspot\share\prims\jni.cpp, line 600]
Event: 1.777 Thread 0x00000282ade8ce70 Exception <a 'java/net/ConnectException'{0x0000000082caedf0}: Connection refused: no further information> (0x0000000082caedf0) 
thrown [t:\workspace\open\src\hotspot\share\prims\jni.cpp, line 600]
Event: 1.777 Thread 0x00000282ade8ce70 Exception <a 'java/net/SocketException'{0x0000000082caf128}: Socket is not connected: shutdown> (0x0000000082caf128) 
thrown [t:\workspace\open\src\hotspot\share\prims\jni.cpp, line 600]
Event: 2.143 Thread 0x000002828ebaba70 Exception <a 'java/lang/NoSuchMethodError'{0x0000000082b09900}: 'double java.lang.invoke.DirectMethodHandle$Holder.invokeVirtual(java.lang.Object, java.lang.Object)'> (0x0000000082b09900) 
thrown [t:\workspace\open\src\hotspot\share\interpreter\linkResolver.cpp, line 790]
Event: 2.144 Thread 0x000002828ebaba70 Exception <a 'java/lang/NoSuchMethodError'{0x0000000082b10310}: 'float java.lang.invoke.DirectMethodHandle$Holder.invokeVirtual(java.lang.Object, java.lang.Object)'> (0x0000000082b10310) 
thrown [t:\workspace\open\src\hotspot\share\interpreter\linkResolver.cpp, line 790]
Event: 2.145 Thread 0x000002828ebaba70 Exception <a 'java/lang/NoSuchMethodError'{0x0000000082b195b8}: 'long java.lang.invoke.DirectMethodHandle$Holder.invokeVirtual(java.lang.Object, java.lang.Object)'> (0x0000000082b195b8) 
thrown [t:\workspace\open\src\hotspot\share\interpreter\linkResolver.cpp, line 790]
Event: 2.186 Thread 0x000002828ebaba70 Exception <a 'java/lang/NoSuchMethodError'{0x0000000082a627e8}: 'void java.lang.invoke.DirectMethodHandle$Holder.invokeStatic(java.lang.Object, java.lang.Object, int)'> (0x0000000082a627e8) 
thrown [t:\workspace\open\src\hotspot\share\interpreter\linkResolver.cpp, line 790]
Event: 2.218 Thread 0x000002828ebaba70 Exception <a 'java/lang/NoSuchMethodError'{0x000000008291fa90}: 'java.lang.Object java.lang.invoke.DirectMethodHandle$Holder.newInvokeSpecial(java.lang.Object, java.lang.Object, java.lang.Object, java.lang.Object, java.lang.Object)'> (0x000000008291fa90) 
thrown [t:\workspace\open\src\hotspot\share\interpreter\linkResolver.cpp, line 790]
Event: 2.251 Thread 0x000002828ebaba70 Exception <a 'java/lang/NoSuchMethodError'{0x00000000829fcaf0}: 'int java.lang.invoke.DirectMethodHandle$Holder.invokeSpecialIFC(java.lang.Object, java.lang.Object, java.lang.Object)'> (0x00000000829fcaf0) 
thrown [t:\workspace\open\src\hotspot\share\interpreter\linkResolver.cpp, line 790]
Event: 2.362 Thread 0x000002828ebaba70 Exception <a 'java/lang/NoSuchMethodError'{0x00000000825796c8}: 'void java.lang.invoke.DirectMethodHandle$Holder.invokeSpecial(java.lang.Object, java.lang.Object, java.lang.Object, java.lang.Object, java.lang.Object, java.lang.Object)'> (0x00000000825796c8) 
thrown [t:\workspace\open\src\hotspot\share\interpreter\linkResolver.cpp, line 790]
Event: 6.710 Thread 0x000002828ebaba70 Exception <a 'java/lang/NoSuchMethodError'{0x0000000087faa2c0}: 'java.lang.Object java.lang.invoke.DirectMethodHandle$Holder.invokeSpecialIFC(java.lang.Object, java.lang.Object, java.lang.Object)'> (0x0000000087faa2c0) 
thrown [t:\workspace\open\src\hotspot\share\interpreter\linkResolver.cpp, line 790]

Events (20 events):
Event: 6.720 loading class jdk/internal/logger/SurrogateLogger
Event: 6.720 loading class jdk/internal/logger/SimpleConsoleLogger
Event: 6.721 loading class jdk/internal/logger/SimpleConsoleLogger done
Event: 6.721 loading class jdk/internal/logger/SurrogateLogger done
Event: 6.721 loading class jdk/internal/logger/SimpleConsoleLogger$Formatting
Event: 6.721 loading class jdk/internal/logger/SimpleConsoleLogger$Formatting done
Event: 6.721 loading class java/util/logging/Handler$1
Event: 6.721 loading class java/util/logging/Handler$1 done
Event: 6.722 loading class java/util/logging/StreamHandler$1
Event: 6.722 loading class java/util/logging/StreamHandler$1 done
Event: 6.722 loading class java/util/logging/LogManager$CloseOnReset
Event: 6.722 loading class java/util/logging/LogManager$CloseOnReset done
Event: 6.722 loading class java/util/TimeZone
Event: 6.722 loading class java/util/TimeZone done
Event: 6.856 loading class sun/util/calendar/ZoneInfo
Event: 6.857 loading class sun/util/calendar/ZoneInfo done
Event: 6.857 loading class sun/util/calendar/ZoneInfoFile
Event: 6.858 loading class sun/util/calendar/ZoneInfoFile done
Event: 6.858 loading class sun/util/calendar/ZoneInfoFile$1
Event: 6.858 loading class sun/util/calendar/ZoneInfoFile$1 done


Dynamic libraries:
0x00007ff7c8b80000 - 0x00007ff7c8b8e000 	C:\Users\lenovo\.p2\pool\plugins\org.eclipse.justj.openjdk.hotspot.jre.full.win32.x86_64_16.0.2.v20210721-1149\jre\bin\javaw.exe
0x00007ffebbe50000 - 0x00007ffebc045000 	C:\WINDOWS\SYSTEM32\ntdll.dll
0x00007ffeb9f00000 - 0x00007ffeb9fbe000 	C:\WINDOWS\System32\KERNEL32.DLL
0x00007ffeb97d0000 - 0x00007ffeb9a98000 	C:\WINDOWS\System32\KERNELBASE.dll
0x00007ffeb9b30000 - 0x00007ffeb9c30000 	C:\WINDOWS\System32\ucrtbase.dll
0x00007ffeb6c70000 - 0x00007ffeb6c88000 	C:\Users\lenovo\.p2\pool\plugins\org.eclipse.justj.openjdk.hotspot.jre.full.win32.x86_64_16.0.2.v20210721-1149\jre\bin\jli.dll
0x00007ffeb6c50000 - 0x00007ffeb6c69000 	C:\Users\lenovo\.p2\pool\plugins\org.eclipse.justj.openjdk.hotspot.jre.full.win32.x86_64_16.0.2.v20210721-1149\jre\bin\VCRUNTIME140.dll
0x00007ffeba430000 - 0x00007ffeba5d1000 	C:\WINDOWS\System32\USER32.dll
0x00007ffeb9c30000 - 0x00007ffeb9c52000 	C:\WINDOWS\System32\win32u.dll
0x00007ffe9b6c0000 - 0x00007ffe9b95a000 	C:\WINDOWS\WinSxS\amd64_microsoft.windows.common-controls_6595b64144ccf1df_6.0.19041.1110_none_60b5254171f9507e\COMCTL32.dll
0x00007ffebb400000 - 0x00007ffebb42b000 	C:\WINDOWS\System32\GDI32.dll
0x00007ffeb9fc0000 - 0x00007ffeba05e000 	C:\WINDOWS\System32\msvcrt.dll
0x00007ffeb9570000 - 0x00007ffeb967b000 	C:\WINDOWS\System32\gdi32full.dll
0x00007ffeb9680000 - 0x00007ffeb971d000 	C:\WINDOWS\System32\msvcp_win.dll
0x00007ffebb3d0000 - 0x00007ffebb400000 	C:\WINDOWS\System32\IMM32.DLL
0x00007ffeb6d00000 - 0x00007ffeb6d0c000 	C:\Users\lenovo\.p2\pool\plugins\org.eclipse.justj.openjdk.hotspot.jre.full.win32.x86_64_16.0.2.v20210721-1149\jre\bin\vcruntime140_1.dll
0x00007ffeaa570000 - 0x00007ffeaa601000 	C:\Users\lenovo\.p2\pool\plugins\org.eclipse.justj.openjdk.hotspot.jre.full.win32.x86_64_16.0.2.v20210721-1149\jre\bin\msvcp140.dll
0x00007ffe788c0000 - 0x00007ffe7946b000 	C:\Users\lenovo\.p2\pool\plugins\org.eclipse.justj.openjdk.hotspot.jre.full.win32.x86_64_16.0.2.v20210721-1149\jre\bin\server\jvm.dll
0x00007ffeba380000 - 0x00007ffeba42c000 	C:\WINDOWS\System32\ADVAPI32.dll
0x00007ffeba060000 - 0x00007ffeba0fb000 	C:\WINDOWS\System32\sechost.dll
0x00007ffebb1b0000 - 0x00007ffebb2da000 	C:\WINDOWS\System32\RPCRT4.dll
0x00007ffebaf80000 - 0x00007ffebaf88000 	C:\WINDOWS\System32\PSAPI.DLL
0x00007ffea0570000 - 0x00007ffea0579000 	C:\WINDOWS\SYSTEM32\WSOCK32.dll
0x00007ffeb4650000 - 0x00007ffeb4677000 	C:\WINDOWS\SYSTEM32\WINMM.dll
0x00007ffebb8b0000 - 0x00007ffebb91b000 	C:\WINDOWS\System32\WS2_32.dll
0x00007ffeb1f10000 - 0x00007ffeb1f1a000 	C:\WINDOWS\SYSTEM32\VERSION.dll
0x00007ffeb7470000 - 0x00007ffeb7482000 	C:\WINDOWS\SYSTEM32\kernel.appcore.dll
0x00007ffeb6ca0000 - 0x00007ffeb6caa000 	C:\Users\lenovo\.p2\pool\plugins\org.eclipse.justj.openjdk.hotspot.jre.full.win32.x86_64_16.0.2.v20210721-1149\jre\bin\jimage.dll
0x00007ffea42d0000 - 0x00007ffea44b4000 	C:\WINDOWS\SYSTEM32\DBGHELP.DLL
0x00007ffea42a0000 - 0x00007ffea42cc000 	C:\WINDOWS\SYSTEM32\dbgcore.DLL
0x00007ffeb9aa0000 - 0x00007ffeb9b23000 	C:\WINDOWS\System32\bcryptPrimitives.dll
0x00007ffeb45e0000 - 0x00007ffeb4605000 	C:\Users\lenovo\.p2\pool\plugins\org.eclipse.justj.openjdk.hotspot.jre.full.win32.x86_64_16.0.2.v20210721-1149\jre\bin\java.dll
0x00007ffeb3ce0000 - 0x00007ffeb3cf8000 	C:\Users\lenovo\.p2\pool\plugins\org.eclipse.justj.openjdk.hotspot.jre.full.win32.x86_64_16.0.2.v20210721-1149\jre\bin\zip.dll
0x00007ffeba770000 - 0x00007ffebaeaf000 	C:\WINDOWS\System32\SHELL32.dll
0x00007ffeb7670000 - 0x00007ffeb7e00000 	C:\WINDOWS\SYSTEM32\windows.storage.dll
0x00007ffebbab0000 - 0x00007ffebbe05000 	C:\WINDOWS\System32\combase.dll
0x00007ffeb8fc0000 - 0x00007ffeb8fee000 	C:\WINDOWS\SYSTEM32\Wldp.dll
0x00007ffeba120000 - 0x00007ffeba1cd000 	C:\WINDOWS\System32\SHCORE.dll
0x00007ffeba710000 - 0x00007ffeba765000 	C:\WINDOWS\System32\shlwapi.dll
0x00007ffeb94b0000 - 0x00007ffeb94cf000 	C:\WINDOWS\SYSTEM32\profapi.dll
0x00007ffeb3cc0000 - 0x00007ffeb3cd9000 	C:\Users\lenovo\.p2\pool\plugins\org.eclipse.justj.openjdk.hotspot.jre.full.win32.x86_64_16.0.2.v20210721-1149\jre\bin\net.dll
0x00007ffeaa220000 - 0x00007ffeaa32c000 	C:\WINDOWS\SYSTEM32\WINHTTP.dll
0x00007ffeb8d20000 - 0x00007ffeb8d8a000 	C:\WINDOWS\system32\mswsock.dll
0x00007ffeb3ca0000 - 0x00007ffeb3cb3000 	C:\Users\lenovo\.p2\pool\plugins\org.eclipse.justj.openjdk.hotspot.jre.full.win32.x86_64_16.0.2.v20210721-1149\jre\bin\nio.dll
0x00007ffeb8a10000 - 0x00007ffeb8adb000 	C:\WINDOWS\SYSTEM32\DNSAPI.dll
0x00007ffeb89c0000 - 0x00007ffeb89fb000 	C:\WINDOWS\SYSTEM32\IPHLPAPI.DLL
0x00007ffebb3c0000 - 0x00007ffebb3c8000 	C:\WINDOWS\System32\NSI.dll
0x00007ffea9d20000 - 0x00007ffea9d2a000 	C:\Windows\System32\rasadhlp.dll
0x00007ffea9fc0000 - 0x00007ffeaa03f000 	C:\WINDOWS\System32\fwpuclnt.dll
0x00007ffeb9d10000 - 0x00007ffeb9d37000 	C:\WINDOWS\System32\bcrypt.dll
0x00007ffeb8f10000 - 0x00007ffeb8f28000 	C:\WINDOWS\SYSTEM32\CRYPTSP.dll
0x00007ffeb8630000 - 0x00007ffeb8664000 	C:\WINDOWS\system32\rsaenh.dll
0x00007ffeb9470000 - 0x00007ffeb949e000 	C:\WINDOWS\SYSTEM32\USERENV.dll
0x00007ffeb8f30000 - 0x00007ffeb8f3c000 	C:\WINDOWS\SYSTEM32\CRYPTBASE.dll
0x00007ffeafd30000 - 0x00007ffeafd47000 	C:\WINDOWS\SYSTEM32\dhcpcsvc6.DLL
0x00007ffeafd10000 - 0x00007ffeafd2d000 	C:\WINDOWS\SYSTEM32\dhcpcsvc.DLL
0x00007ffeb3db0000 - 0x00007ffeb3dc0000 	C:\Users\lenovo\.p2\pool\plugins\org.eclipse.justj.openjdk.hotspot.jre.full.win32.x86_64_16.0.2.v20210721-1149\jre\bin\verify.dll
0x00007ffea5e00000 - 0x00007ffea5e09000 	C:\Users\lenovo\.p2\pool\plugins\org.eclipse.justj.openjdk.hotspot.jre.full.win32.x86_64_16.0.2.v20210721-1149\jre\bin\management.dll
0x00007ffea5df0000 - 0x00007ffea5dfb000 	C:\Users\lenovo\.p2\pool\plugins\org.eclipse.justj.openjdk.hotspot.jre.full.win32.x86_64_16.0.2.v20210721-1149\jre\bin\management_ext.dll
0x00007ffea5de0000 - 0x00007ffea5dee000 	C:\Users\lenovo\.p2\pool\plugins\org.eclipse.justj.openjdk.hotspot.jre.full.win32.x86_64_16.0.2.v20210721-1149\jre\bin\sunmscapi.dll
0x00007ffeb9d40000 - 0x00007ffeb9e96000 	C:\WINDOWS\System32\CRYPT32.dll
0x00007ffeb9030000 - 0x00007ffeb9057000 	C:\WINDOWS\SYSTEM32\ncrypt.dll
0x00007ffeb8ff0000 - 0x00007ffeb902b000 	C:\WINDOWS\SYSTEM32\NTASN1.dll
0x00007ffeb6c40000 - 0x00007ffeb6c47000 	C:\WINDOWS\system32\wshunix.dll
0x00007ffea3b90000 - 0x00007ffea3ba7000 	C:\WINDOWS\system32\napinsp.dll
0x00007ffea3a90000 - 0x00007ffea3aab000 	C:\WINDOWS\system32\pnrpnsp.dll
0x00007ffeb20b0000 - 0x00007ffeb20c5000 	C:\WINDOWS\system32\wshbth.dll
0x00007ffeb4f40000 - 0x00007ffeb4f5d000 	C:\WINDOWS\system32\NLAapi.dll
0x00007ffea3a70000 - 0x00007ffea3a82000 	C:\WINDOWS\System32\winrnr.dll

dbghelp: loaded successfully - version: 4.0.5 - missing functions: none
symbol engine: initialized successfully - sym options: 0x614 - pdb path: .;C:\Users\lenovo\.p2\pool\plugins\org.eclipse.justj.openjdk.hotspot.jre.full.win32.x86_64_16.0.2.v20210721-1149\jre\bin;C:\WINDOWS\SYSTEM32;C:\WINDOWS\WinSxS\amd64_microsoft.windows.common-controls_6595b64144ccf1df_6.0.19041.1110_none_60b5254171f9507e;C:\Users\lenovo\.p2\pool\plugins\org.eclipse.justj.openjdk.hotspot.jre.full.win32.x86_64_16.0.2.v20210721-1149\jre\bin\server

VM Arguments:
jvm_args: -ea -Dfile.encoding=Cp1252 -XX:+ShowCodeDetailsInExceptionMessages 
java_command: org.testng.remote.RemoteTestNG -serport 50134 -protocol json -d F:\eclipse-workspace\SDET_2_PRA\test-output C:\Users\lenovo\AppData\Local\Temp\testng-eclipse-1809109849\testng-customsuite.xml
java_class_path (initial): F:\KCSM7\eclipse\configuration\org.eclipse.osgi\442\0\.cp\lib\testng-remote.jar;F:\eclipse-workspace\SDET_2_PRA\target\test-classes;F:\eclipse-workspace\SDET_2_PRA\target\classes;C:\Users\lenovo\.p2\pool\plugins\org.testng_7.4.0.r202105021533.jar;C:\Users\lenovo\.p2\pool\plugins\com.beust.jcommander_1.78.0.jar;C:\Users\lenovo\.p2\pool\plugins\org.apache-extras.beanshell.bsh_2.0.0.b6.jar;C:\Users\lenovo\.p2\pool\plugins\org.yaml.snakeyaml_1.21.0.jar;C:\Users\lenovo\.p2\pool\plugins\org.webjars.jquery_3.5.1.jar;C:\Users\lenovo\.m2\repository\org\seleniumhq\selenium\selenium-java\4.1.0\selenium-java-4.1.0.jar;C:\Users\lenovo\.m2\repository\org\seleniumhq\selenium\selenium-api\4.1.0\selenium-api-4.1.0.jar;C:\Users\lenovo\.m2\repository\org\seleniumhq\selenium\selenium-chrome-driver\4.1.0\selenium-chrome-driver-4.1.0.jar;C:\Users\lenovo\.m2\repository\com\google\auto\service\auto-service-annotations\1.0.1\auto-service-annotations-1.0.1.jar;C:\Users\lenovo\.m2\repository\com\google\auto\service\auto-service\1.0.1\auto-service-1.0.1.jar;C:\Users\lenovo\.m2\repository\com\google\auto\auto-common\1.2\auto-common-1.2.jar;C:\Users\lenovo\.m2\repository\com\google\guava\guava\31.0.1-jre\guava-31.0.1-jre.jar;C:\Users\lenovo\.m2\repository\com\google\guava\failureaccess\1.0.1\failureaccess-1.0.1.jar;C:\Users\lenovo\.m2\repository\com\google\guava\listenablefuture\9999.0-empty-to-avoid-conflict-with-guava\listenablefuture-9999.0-empty-to-avoid-conflict-with-guava.jar;C:\Users\lenovo\.m2\repository\com\google\code\findbugs\jsr305\3.0.2\jsr305-3.0.2.jar;C:\Users\lenovo\.m2\repository\org\checkerframework\checker-qual\3.12.0\checker-qual-3.12.0.jar;C:\Users\lenovo\.m2\repository\com\google\errorprone\error_prone_annotations\2.7.1\error_prone_annotations-2.7.1.jar;C:\Users\lenovo\.m2\repository\com\google\j2objc\j2objc-annotations\1.3\j2objc-annotations-1.3.jar;C:\Users\lenovo\.m2\repository\org\seleniumhq\selenium\selenium-chromium-driver\4.1.0\selenium-c
Launcher Type: SUN_STANDARD

[Global flags]
     intx CICompilerCount                          = 4                                         {product} {ergonomic}
     uint ConcGCThreads                            = 2                                         {product} {ergonomic}
     uint G1ConcRefinementThreads                  = 8                                         {product} {ergonomic}
   size_t G1HeapRegionSize                         = 1048576                                   {product} {ergonomic}
    uintx GCDrainStackTargetSize                   = 64                                        {product} {ergonomic}
   size_t InitialHeapSize                          = 134217728                                 {product} {ergonomic}
   size_t MarkStackSize                            = 4194304                                   {product} {ergonomic}
   size_t MaxHeapSize                              = 2124414976                                {product} {ergonomic}
   size_t MaxNewSize                               = 1274019840                                {product} {ergonomic}
   size_t MinHeapDeltaBytes                        = 1048576                                   {product} {ergonomic}
   size_t MinHeapSize                              = 8388608                                   {product} {ergonomic}
    uintx NonNMethodCodeHeapSize                   = 5839372                                {pd product} {ergonomic}
    uintx NonProfiledCodeHeapSize                  = 122909434                              {pd product} {ergonomic}
    uintx ProfiledCodeHeapSize                     = 122909434                              {pd product} {ergonomic}
    uintx ReservedCodeCacheSize                    = 251658240                              {pd product} {ergonomic}
     bool SegmentedCodeCache                       = true                                      {product} {ergonomic}
     bool ShowCodeDetailsInExceptionMessages       = true                                   {manageable} {command line}
   size_t SoftMaxHeapSize                          = 2124414976                             {manageable} {ergonomic}
     bool UseCompressedClassPointers               = true                           {product lp64_product} {ergonomic}
     bool UseCompressedOops                        = true                           {product lp64_product} {ergonomic}
     bool UseG1GC                                  = true                                      {product} {ergonomic}
     bool UseLargePagesIndividualAllocation        = false                                  {pd product} {ergonomic}

Logging:
Log output configuration:
 #0: stdout all=warning uptime,level,tags
 #1: stderr all=off uptime,level,tags

Environment Variables:
JAVA_HOME=C:\Program Files\Java\jdk1.8.0_162
PATH=C:/Users/lenovo/.p2/pool/plugins/org.eclipse.justj.openjdk.hotspot.jre.full.win32.x86_64_16.0.2.v20210721-1149/jre/bin/server;C:/Users/lenovo/.p2/pool/plugins/org.eclipse.justj.openjdk.hotspot.jre.full.win32.x86_64_16.0.2.v20210721-1149/jre/bin;F:\oracle\product\10.2.0\db_1\bin;C:\ProgramData\Oracle\Java\javapath;C:\WINDOWS\system32\wbem;C:\WINDOWS;C:\WINDOWS\System32\Wbem;"C:\WINDOWS\System32\WindowsPowerShell\v1.0\;C:\Program Files\Java\jdk1.8.0_102";C:\WINDOWS\System32\OpenSSH\;C:\Program Files (x86)\OpenCTM 1.0.3\bin;C:\Program Files (x86)\Brackets\command;C:\Program Files\Java;C:\Program Files\Java\jdk1.8.0_162\bin;C:\WINDOWS\system32;C:\WINDOWS\System32\WindowsPowerShell\v1.0\;C:\Program Files\nodejs\;C:\apache-maven-3.8.4-bin\apache-maven-3.8.4\bin;C:\Program Files\Git\cmd;C:\Users\lenovo\AppData\Local\Microsoft\WindowsApps;;C:\Users\lenovo\AppData\Local\Programs\Microsoft VS Code\bin;C:\Users\lenovo\AppData\Roaming\npm;C:\WINDOWS\System32;
USERNAME=lenovo
OS=Windows_NT
PROCESSOR_IDENTIFIER=Intel64 Family 6 Model 142 Stepping 10, GenuineIntel



---------------  S Y S T E M  ---------------

OS:
 Windows 10 , 64 bit Build 19041 (10.0.19041.1348)
OS uptime: 0 days 6:06 hours

CPU: total 8 (initial active 8) (4 cores per cpu, 2 threads per core) family 6 model 142 stepping 10 microcode 0xb4, cx8, cmov, fxsr, ht, mmx, 3dnowpref, sse, sse2, sse3, ssse3, sse4.1, sse4.2, popcnt, lzcnt, tsc, tscinvbit, avx, avx2, aes, erms, clmul, bmi1, bmi2, adx, fma, vzeroupper, clflush, clflushopt

Memory: 4k page, system-wide physical 8101M (510M free)
TotalPageFile size 32677M (AvailPageFile size 2M)
current process WorkingSet (physical memory assigned to process): 146M, peak: 156M
current process commit charge ("private bytes"): 183M, peak: 255M

vm_info: OpenJDK 64-Bit Server VM (16.0.2+7-67) for windows-amd64 JRE (16.0.2+7-67), built on Jun  8 2021 23:21:43 by "mach5one" with MS VC++ 16.7 (VS2019)

END.
