#
# There is insufficient memory for the Java Runtime Environment to continue.
# Native memory allocation (mmap) failed to map 1048576 bytes for G1 virtual space
# Possible reasons:
#   The system is out of physical RAM or swap space
#   The process is running with CompressedOops enabled, and the Java Heap may be blocking the growth of the native heap
# Possible solutions:
#   Reduce memory load on the system
#   Increase physical memory or swap space
#   Check if swap backing store is full
#   Decrease Java heap size (-Xmx/-Xms)
#   Decrease number of Java threads
#   Decrease Java thread stack sizes (-Xss)
#   Set larger code cache with -XX:ReservedCodeCacheSize=
#   JVM is running with Unscaled Compressed Oops mode in which the Java heap is
#     placed in the first 4GB address space. The Java Heap base address is the
#     maximum limit for the native heap growth. Please use -XX:HeapBaseMinAddress
#     to set the Java Heap base and to place the Java Heap above 4GB virtual address.
# This output file may be truncated or incomplete.
#
#  Out of Memory Error (os_windows.cpp:3466), pid=1820, tid=16024
#
# JRE version: OpenJDK Runtime Environment (16.0.2+7) (build 16.0.2+7-67)
# Java VM: OpenJDK 64-Bit Server VM (16.0.2+7-67, mixed mode, tiered, compressed oops, compressed class ptrs, g1 gc, windows-amd64)
# No core dump will be written. Minidumps are not enabled by default on client versions of Windows
#

---------------  S U M M A R Y ------------

Command Line: -ea -Dfile.encoding=Cp1252 -XX:+ShowCodeDetailsInExceptionMessages org.testng.remote.RemoteTestNG -serport 63692 -protocol json -d F:\eclipse-workspace\SDET_2_PRA\test-output C:\Users\lenovo\AppData\Local\Temp\testng-eclipse-1132713161\testng-customsuite.xml

Host: Intel(R) Core(TM) i5-8250U CPU @ 1.60GHz, 8 cores, 7G,  Windows 10 , 64 bit Build 19041 (10.0.19041.1348)
Time: Fri Dec 17 13:37:55 2021 India Standard Time elapsed time: 120.038749 seconds (0d 0h 2m 0s)

---------------  T H R E A D  ---------------

Current thread (0x0000022fea5cd160):  GCTaskThread "GC Thread#5" [stack: 0x0000004330200000,0x0000004330300000] [id=16024]

Stack: [0x0000004330200000,0x0000004330300000]
Native frames: (J=compiled Java code, j=interpreted, Vv=VM code, C=native code)
V  [jvm.dll+0x6681ca]
V  [jvm.dll+0x7c9e69]
V  [jvm.dll+0x7cb61e]
V  [jvm.dll+0x7cbc73]
V  [jvm.dll+0x242c55]
V  [jvm.dll+0x664f89]
V  [jvm.dll+0x659b75]
V  [jvm.dll+0x2fbfbb]
V  [jvm.dll+0x3031b6]
V  [jvm.dll+0x35268b]
V  [jvm.dll+0x352cb0]
V  [jvm.dll+0x352d6d]
V  [jvm.dll+0x2d4d05]
V  [jvm.dll+0x2d4a57]
V  [jvm.dll+0x2c25bb]
V  [jvm.dll+0x2c3499]
V  [jvm.dll+0x2c3937]
V  [jvm.dll+0x2c3391]
V  [jvm.dll+0x2fd8cd]
V  [jvm.dll+0x2fdc27]
V  [jvm.dll+0x30edaa]
V  [jvm.dll+0x6557dd]
V  [jvm.dll+0x655e2f]
V  [jvm.dll+0x2bfd0f]
V  [jvm.dll+0x2bfc55]
V  [jvm.dll+0x77da22]
V  [jvm.dll+0x77d8d9]
V  [jvm.dll+0x77dfa0]
V  [jvm.dll+0x30f35d]
V  [jvm.dll+0x30f1c8]
V  [jvm.dll+0x2d6b14]
V  [jvm.dll+0x2d84ab]
V  [jvm.dll+0x7f7f0b]
V  [jvm.dll+0x7795aa]
V  [jvm.dll+0x667066]
C  [ucrtbase.dll+0x21bb2]
C  [KERNEL32.DLL+0x17034]
C  [ntdll.dll+0x52651]

JavaThread 0x0000022fcf179bb0 (nid = 264) was being processed
Java frames: (J=compiled Java code, j=interpreted, Vv=VM code)
v  ~RuntimeStub::fast_new_instance Runtime1 stub
J 1408 c1 java.util.regex.Pattern.matcher(Ljava/lang/CharSequence;)Ljava/util/regex/Matcher; java.base@16.0.2 (44 bytes) @ 0x0000022fd2f03289 [0x0000022fd2f02fe0+0x00000000000002a9]
j  org.testng.remote.strprotocol.MessageHelper.replace(Ljava/lang/String;Ljava/lang/CharSequence;Ljava/lang/CharSequence;)Ljava/lang/String;+12
j  org.testng.remote.strprotocol.MessageHelper.replaceUnicodeCharactersWithAscii(Ljava/lang/String;)Ljava/lang/String;+26
j  org.testng.remote.strprotocol.TestResultMessage.<init>(Ljava/lang/String;Ljava/lang/String;Lorg/testng/ITestResult;)V+335
j  org.testng.remote.strprotocol.TestResultMessage.<init>(Lorg/testng/ITestContext;Lorg/testng/ITestResult;)V+22
j  org.testng.remote.strprotocol.RemoteTestListener1.onTestStart(Lorg/testng/ITestResult;)V+47
j  org.testng.internal.TestListenerHelper.runTestListeners(Lorg/testng/ITestResult;Ljava/util/List;)V+143
j  org.testng.internal.TestInvoker.runTestResultListener(Lorg/testng/ITestResult;)V+10
j  org.testng.internal.TestInvoker.invokeMethod(Lorg/testng/internal/TestMethodArguments;Lorg/testng/xml/XmlSuite;Lorg/testng/internal/ITestInvoker$FailureContext;)Lorg/testng/ITestResult;+338
j  org.testng.internal.TestInvoker.invokeTestMethod(Lorg/testng/internal/TestMethodArguments;Lorg/testng/xml/XmlSuite;Lorg/testng/internal/ITestInvoker$FailureContext;)Lorg/testng/ITestResult;+16
j  org.testng.internal.MethodRunner.runInSequence(Lorg/testng/internal/TestMethodArguments;Lorg/testng/internal/ITestInvoker;Lorg/testng/ITestContext;Ljava/util/concurrent/atomic/AtomicInteger;Lorg/testng/internal/ITestInvoker$FailureContext;Ljava/util/Iterator;Z)Ljava/util/List;+127
j  org.testng.internal.TestInvoker$MethodInvocationAgent.invoke(I)I+313
j  org.testng.internal.TestInvoker.invokeTestMethods(Lorg/testng/ITestNGMethod;Lorg/testng/internal/ConfigurationGroupMethods;Ljava/lang/Object;Lorg/testng/ITestContext;)Ljava/util/List;+389
j  org.testng.internal.TestMethodWorker.invokeTestMethods(Lorg/testng/ITestNGMethod;Ljava/lang/Object;)V+14
j  org.testng.internal.TestMethodWorker.run()V+127
j  org.testng.TestRunner$$Lambda$143+0x00000001001868b8.accept(Ljava/lang/Object;)V+7
j  java.util.ArrayList.forEach(Ljava/util/function/Consumer;)V+46 java.base@16.0.2
j  org.testng.TestRunner.privateRun(Lorg/testng/xml/XmlTest;)V+380
j  org.testng.TestRunner.run()V+25
j  org.testng.SuiteRunner.runTest(Lorg/testng/TestRunner;)V+21
j  org.testng.SuiteRunner.runSequentially()V+31
j  org.testng.SuiteRunner.privateRun()V+332
j  org.testng.SuiteRunner.run()V+6
j  org.testng.SuiteRunnerWorker.runSuite(Lorg/testng/internal/SuiteRunnerMap;Lorg/testng/xml/XmlSuite;)V+87
j  org.testng.SuiteRunnerWorker.run()V+12
j  org.testng.TestNG.runSuitesSequentially(Lorg/testng/xml/XmlSuite;Lorg/testng/internal/SuiteRunnerMap;ILjava/lang/String;)V+66
j  org.testng.TestNG.runSuitesLocally()Ljava/util/List;+156
j  org.testng.TestNG.runSuites()Ljava/util/List;+1
j  org.testng.TestNG.run()V+25
j  org.testng.remote.AbstractRemoteTestNG.run()V+149
j  org.testng.remote.RemoteTestNG.initAndRun(Lorg/testng/remote/IRemoteTestNG;[Ljava/lang/String;Lorg/testng/CommandLineArgs;Lorg/testng/remote/RemoteArgs;)V+184
j  org.testng.remote.RemoteTestNG.main([Ljava/lang/String;)V+201
v  ~StubRoutines::call_stub

---------------  P R O C E S S  ---------------

Threads class SMR info:
_java_thread_list=0x0000022fea39d590, length=23, elements={
0x0000022fcf179bb0, 0x0000022fe8fdf420, 0x0000022fe8fe02e0, 0x0000022fe8fedfb0,
0x0000022fe8ff0bd0, 0x0000022fe8ff36e0, 0x0000022fe991b400, 0x0000022fe9928170,
0x0000022fe9928b70, 0x0000022fe992b5c0, 0x0000022fe9a88cd0, 0x0000022fe9a9fb30,
0x0000022fea1fc2f0, 0x0000022fea5c3f70, 0x0000022fea82de70, 0x0000022feab6e030,
0x0000022feaa642f0, 0x0000022feaa64810, 0x0000022feac9bcf0, 0x0000022feac9c240,
0x0000022feac9c790, 0x0000022feac9cce0, 0x0000022feabcdd00
}

Java Threads: ( => current thread )
  0x0000022fcf179bb0 JavaThread "main" [_thread_blocked, id=264, stack(0x000000432e900000,0x000000432ea00000)]
  0x0000022fe8fdf420 JavaThread "Reference Handler" daemon [_thread_blocked, id=12372, stack(0x000000432f000000,0x000000432f100000)]
  0x0000022fe8fe02e0 JavaThread "Finalizer" daemon [_thread_blocked, id=11720, stack(0x000000432f100000,0x000000432f200000)]
  0x0000022fe8fedfb0 JavaThread "Signal Dispatcher" daemon [_thread_blocked, id=17048, stack(0x000000432f200000,0x000000432f300000)]
  0x0000022fe8ff0bd0 JavaThread "Attach Listener" daemon [_thread_blocked, id=9424, stack(0x000000432f300000,0x000000432f400000)]
  0x0000022fe8ff36e0 JavaThread "Service Thread" daemon [_thread_blocked, id=14936, stack(0x000000432f400000,0x000000432f500000)]
  0x0000022fe991b400 JavaThread "Monitor Deflation Thread" daemon [_thread_blocked, id=7056, stack(0x000000432f500000,0x000000432f600000)]
  0x0000022fe9928170 JavaThread "C2 CompilerThread0" daemon [_thread_blocked, id=10080, stack(0x000000432f600000,0x000000432f700000)]
  0x0000022fe9928b70 JavaThread "C1 CompilerThread0" daemon [_thread_blocked, id=4024, stack(0x000000432f700000,0x000000432f800000)]
  0x0000022fe992b5c0 JavaThread "Sweeper thread" daemon [_thread_blocked, id=16280, stack(0x000000432f800000,0x000000432f900000)]
  0x0000022fe9a88cd0 JavaThread "Notification Thread" daemon [_thread_blocked, id=1676, stack(0x000000432f900000,0x000000432fa00000)]
  0x0000022fe9a9fb30 JavaThread "Common-Cleaner" daemon [_thread_blocked, id=17404, stack(0x000000432fb00000,0x000000432fc00000)]
  0x0000022fea1fc2f0 JavaThread "ReaderThread" [_thread_in_native, id=13748, stack(0x000000432fe00000,0x000000432ff00000)]
  0x0000022fea5c3f70 JavaThread "ForkJoinPool.commonPool-worker-3" daemon [_thread_blocked, id=16528, stack(0x0000004330400000,0x0000004330500000)]
  0x0000022fea82de70 JavaThread "AsyncHttpClient-1-1" daemon [_thread_blocked, id=8328, stack(0x0000004330500000,0x0000004330600000)]
  0x0000022feab6e030 JavaThread "Exec Default Executor" daemon [_thread_in_native, id=3416, stack(0x0000004330800000,0x0000004330900000)]
  0x0000022feaa642f0 JavaThread "Driver Service Executor" daemon [_thread_blocked, id=11340, stack(0x0000004330900000,0x0000004330a00000)]
  0x0000022feaa64810 JavaThread "Driver Service Executor" daemon [_thread_blocked, id=6548, stack(0x0000004330a00000,0x0000004330b00000)]
  0x0000022feac9bcf0 JavaThread "Exec Stream Pumper" daemon [_thread_in_native, id=9440, stack(0x0000004330c00000,0x0000004330d00000)]
  0x0000022feac9c240 JavaThread "Exec Stream Pumper" daemon [_thread_in_native, id=16996, stack(0x0000004330d00000,0x0000004330e00000)]
  0x0000022feac9c790 JavaThread "AsyncHttpClient-1-2" daemon [_thread_in_native, id=4452, stack(0x0000004330f00000,0x0000004331000000)]
  0x0000022feac9cce0 JavaThread "AsyncHttpClient-1-3" daemon [_thread_in_native, id=18004, stack(0x000000432e600000,0x000000432e700000)]
  0x0000022feabcdd00 JavaThread "AsyncHttpClient-1-4" daemon [_thread_in_native, id=18016, stack(0x000000432e700000,0x000000432e800000)]

Other Threads:
  0x0000022fe8fbef70 VMThread "VM Thread" [stack: 0x000000432ef00000,0x000000432f000000] [id=15544]
  0x0000022fe99cc2e0 WatcherThread [stack: 0x000000432fa00000,0x000000432fb00000] [id=12996]
  0x0000022fcf1ba870 GCTaskThread "GC Thread#0" [stack: 0x000000432ea00000,0x000000432eb00000] [id=6160]
  0x0000022fea5cc520 GCTaskThread "GC Thread#1" [stack: 0x000000432fc00000,0x000000432fd00000] [id=428]
  0x0000022fea5cc830 GCTaskThread "GC Thread#2" [stack: 0x000000432ff00000,0x0000004330000000] [id=3724]
  0x0000022fea5ccb40 GCTaskThread "GC Thread#3" [stack: 0x0000004330000000,0x0000004330100000] [id=3988]
  0x0000022fea5cce50 GCTaskThread "GC Thread#4" [stack: 0x0000004330100000,0x0000004330200000] [id=10832]
=>0x0000022fea5cd160 GCTaskThread "GC Thread#5" [stack: 0x0000004330200000,0x0000004330300000] [id=16024]
  0x0000022fea61bef0 GCTaskThread "GC Thread#6" [stack: 0x0000004330300000,0x0000004330400000] [id=256]
  0x0000022fea700e70 GCTaskThread "GC Thread#7" [stack: 0x0000004330600000,0x0000004330700000] [id=3328]
  0x0000022fcf1cd610 ConcurrentGCThread "G1 Main Marker" [stack: 0x000000432eb00000,0x000000432ec00000] [id=11144]
  0x0000022fcf1ce820 ConcurrentGCThread "G1 Conc#0" [stack: 0x000000432ec00000,0x000000432ed00000] [id=15036]
  0x0000022fea7b1070 ConcurrentGCThread "G1 Conc#1" [stack: 0x0000004330700000,0x0000004330800000] [id=13904]
  0x0000022fe8e10090 ConcurrentGCThread "G1 Refine#0" [stack: 0x000000432ed00000,0x000000432ee00000] [id=2108]
  0x0000022fe8e10920 ConcurrentGCThread "G1 Service" [stack: 0x000000432ee00000,0x000000432ef00000] [id=9536]

Threads with active compile tasks:

VM state: at safepoint (normal execution)

VM Mutex/Monitor currently owned by a thread:  ([mutex/lock_event])
[0x0000022fcf174520] FreeList_lock - owner thread: 0x0000022fea5cd160
[0x0000022fcf1764f0] Threads_lock - owner thread: 0x0000022fe8fbef70
[0x0000022fcf175ad0] Heap_lock - owner thread: 0x0000022fcf179bb0

Heap address: 0x0000000081600000, size: 2026 MB, Compressed Oops mode: 32-bit

CDS disabled.
Compressed class space mapped at: 0x0000000100000000-0x0000000140000000, reserved size: 1073741824
Narrow klass base: 0x0000000000000000, Narrow klass shift: 3, Narrow klass range: 0x140000000

GC Precious Log:
 CPUs: 8 total, 8 available
 Memory: 8101M
 Large Page Support: Disabled
 NUMA Support: Disabled
 Compressed Oops: Enabled (32-bit)
 Heap Region Size: 1M
 Heap Min Capacity: 8M
 Heap Initial Capacity: 128M
 Heap Max Capacity: 2026M
 Pre-touch: Disabled
 Parallel Workers: 8
 Concurrent Workers: 2
 Concurrent Refinement Workers: 8
 Periodic GC: Disabled

Heap:
 garbage-first heap   total 40960K, used 39552K [0x0000000081600000, 0x0000000100000000)
  region size 1024K, 11 young (11264K), 0 survivors (0K)
 Metaspace       used 31351K, committed 31552K, reserved 1081344K
  class space    used 3588K, committed 3712K, reserved 1048576K

Heap Regions: E=young(eden), S=young(survivor), O=old, HS=humongous(starts), HC=humongous(continues), CS=collection set, F=free, OA=open archive, CA=closed archive, TAMS=top-at-mark-start (previous, next)
|   0|0x0000000081600000, 0x0000000081700000, 0x0000000081700000|100%| O|  |TAMS 0x0000000081700000, 0x0000000081700000| Untracked 
|   1|0x0000000081700000, 0x0000000081800000, 0x0000000081800000|100%| O|  |TAMS 0x0000000081800000, 0x0000000081800000| Untracked 
|   2|0x0000000081800000, 0x0000000081900000, 0x0000000081900000|100%| O|  |TAMS 0x0000000081900000, 0x0000000081900000| Untracked 
|   3|0x0000000081900000, 0x0000000081a00000, 0x0000000081a00000|100%| O|  |TAMS 0x0000000081957000, 0x0000000081a00000| Untracked 
|   4|0x0000000081a00000, 0x0000000081b00000, 0x0000000081b00000|100%| O|  |TAMS 0x0000000081a00000, 0x0000000081b00000| Untracked 
|   5|0x0000000081b00000, 0x0000000081c00000, 0x0000000081c00000|100%| O|  |TAMS 0x0000000081b00000, 0x0000000081c00000| Untracked 
|   6|0x0000000081c00000, 0x0000000081c47c00, 0x0000000081d00000| 28%| O|  |TAMS 0x0000000081c00000, 0x0000000081c47c00| Untracked 
|   7|0x0000000081d00000, 0x0000000081e00000, 0x0000000081e00000|100%| E|CS|TAMS 0x0000000081d00000, 0x0000000081d00000| Complete 
|   8|0x0000000081e00000, 0x0000000081f00000, 0x0000000081f00000|100%| E|CS|TAMS 0x0000000081e00000, 0x0000000081e00000| Complete 
|   9|0x0000000081f00000, 0x0000000082000000, 0x0000000082000000|100%|HS|  |TAMS 0x0000000081f00000, 0x0000000081f00000| Complete 
|  10|0x0000000082000000, 0x0000000082100000, 0x0000000082100000|100%|HC|  |TAMS 0x0000000082000000, 0x0000000082000000| Complete 
|  11|0x0000000082100000, 0x0000000082200000, 0x0000000082200000|100%|HC|  |TAMS 0x0000000082100000, 0x0000000082100000| Complete 
|  12|0x0000000082200000, 0x0000000082300000, 0x0000000082300000|100%|HC|  |TAMS 0x0000000082200000, 0x0000000082200000| Complete 
|  13|0x0000000082300000, 0x0000000082400000, 0x0000000082400000|100%|HC|  |TAMS 0x0000000082300000, 0x0000000082300000| Complete 
|  14|0x0000000082400000, 0x0000000082500000, 0x0000000082500000|100%|HC|  |TAMS 0x0000000082400000, 0x0000000082400000| Complete 
|  15|0x0000000082500000, 0x0000000082600000, 0x0000000082600000|100%|HC|  |TAMS 0x0000000082500000, 0x0000000082500000| Complete 
|  16|0x0000000082600000, 0x0000000082700000, 0x0000000082700000|100%|HC|  |TAMS 0x0000000082600000, 0x0000000082600000| Complete 
|  17|0x0000000082700000, 0x0000000082800000, 0x0000000082800000|100%|HC|  |TAMS 0x0000000082700000, 0x0000000082700000| Complete 
|  18|0x0000000082800000, 0x0000000082900000, 0x0000000082900000|100%|HC|  |TAMS 0x0000000082800000, 0x0000000082800000| Complete 
|  19|0x0000000082900000, 0x0000000082a00000, 0x0000000082a00000|100%|HC|  |TAMS 0x0000000082900000, 0x0000000082900000| Complete 
|  20|0x0000000082a00000, 0x0000000082b00000, 0x0000000082b00000|100%|HC|  |TAMS 0x0000000082a00000, 0x0000000082a00000| Complete 
|  21|0x0000000082b00000, 0x0000000082c00000, 0x0000000082c00000|100%|HC|  |TAMS 0x0000000082b00000, 0x0000000082b00000| Complete 
|  22|0x0000000082c00000, 0x0000000082d00000, 0x0000000082d00000|100%|HC|  |TAMS 0x0000000082c00000, 0x0000000082c00000| Complete 
|  23|0x0000000082d00000, 0x0000000082e00000, 0x0000000082e00000|100%|HC|  |TAMS 0x0000000082d00000, 0x0000000082d00000| Complete 
|  24|0x0000000082e00000, 0x0000000082f00000, 0x0000000082f00000|100%|HC|  |TAMS 0x0000000082e00000, 0x0000000082e00000| Complete 
|  25|0x0000000082f00000, 0x0000000083000000, 0x0000000083000000|100%|HC|  |TAMS 0x0000000082f00000, 0x0000000082f00000| Complete 
|  26|0x0000000083000000, 0x0000000083100000, 0x0000000083100000|100%| E|CS|TAMS 0x0000000083000000, 0x0000000083000000| Complete 
|  27|0x0000000083100000, 0x0000000083200000, 0x0000000083200000|100%| E|CS|TAMS 0x0000000083100000, 0x0000000083100000| Complete 
|  28|0x0000000083200000, 0x0000000083300000, 0x0000000083300000|100%| E|CS|TAMS 0x0000000083200000, 0x0000000083200000| Complete 
|  29|0x0000000083300000, 0x0000000083400000, 0x0000000083400000|100%| E|CS|TAMS 0x0000000083300000, 0x0000000083300000| Complete 
|  30|0x0000000083400000, 0x0000000083500000, 0x0000000083500000|100%| E|CS|TAMS 0x0000000083400000, 0x0000000083400000| Complete 
|  31|0x0000000083500000, 0x0000000083600000, 0x0000000083600000|100%| E|CS|TAMS 0x0000000083500000, 0x0000000083500000| Complete 
|  32|0x0000000083600000, 0x0000000083700000, 0x0000000083700000|100%| E|CS|TAMS 0x0000000083600000, 0x0000000083600000| Complete 
|  33|0x0000000083700000, 0x0000000083800000, 0x0000000083800000|100%| E|CS|TAMS 0x0000000083700000, 0x0000000083700000| Complete 
|  34|0x0000000083800000, 0x0000000083900000, 0x0000000083900000|100%| E|CS|TAMS 0x0000000083800000, 0x0000000083800000| Complete 
|  35|0x0000000083900000, 0x0000000083958500, 0x0000000083a00000| 34%| E|CS|TAMS 0x0000000083900000, 0x0000000083900000| Complete 
| 101|0x0000000087b00000, 0x0000000087c00000, 0x0000000087c00000|100%| E|CS|TAMS 0x0000000087b00000, 0x0000000087b00000| Complete 
| 105|0x0000000087f00000, 0x0000000088000000, 0x0000000088000000|100%| E|CS|TAMS 0x0000000087f00000, 0x0000000087f00000| Complete 
| 106|0x0000000088000000, 0x0000000088100000, 0x0000000088100000|100%| E|CS|TAMS 0x0000000088000000, 0x0000000088000000| Complete 
| 127|0x0000000089500000, 0x0000000089600000, 0x0000000089600000|100%| E|CS|TAMS 0x0000000089500000, 0x0000000089500000| Complete 

Card table byte_map: [0x0000022fe1e20000,0x0000022fe2220000] _byte_map_base: 0x0000022fe1a15000

Marking Bits (Prev, Next): (CMBitMap*) 0x0000022fcf1bcf40, (CMBitMap*) 0x0000022fcf1bcf00
 Prev Bits: [0x0000022fe45d0000, 0x0000022fe6578000)
 Next Bits: [0x0000022fe2620000, 0x0000022fe45c8000)

Polling page: 0x0000022fce950000

Metaspace:

Usage:
  Non-class:     27.11 MB used.
      Class:      3.50 MB used.
       Both:     30.62 MB used.

Virtual space:
  Non-class space:       32.00 MB reserved,      27.19 MB ( 85%) committed,  4 nodes.
      Class space:        1.00 GB reserved,       3.62 MB ( <1%) committed,  1 nodes.
              Both:        1.03 GB reserved,      30.81 MB (  3%) committed. 

Chunk freelists:
   Non-Class:  64.00 KB
       Class:  327.00 KB
        Both:  391.00 KB

MaxMetaspaceSize: 17179869184.00 GB
CompressedClassSpaceSize: 1.00 GB
 - commit_granule_bytes: 65536.
 - commit_granule_words: 8192.
 - virtual_space_node_default_size: 1048576.
 - enlarge_chunks_in_place: 1.
 - new_chunks_are_fully_committed: 0.
 - uncommit_free_chunks: 1.
 - use_allocation_guard: 0.
 - handle_deallocations: 1.


Internal statistics:

num_allocs_failed_limit: 3.
num_arena_births: 216.
num_arena_deaths: 0.
num_vsnodes_births: 5.
num_vsnodes_deaths: 0.
num_space_committed: 493.
num_space_uncommitted: 0.
num_chunks_returned_to_freelist: 3.
num_chunks_taken_from_freelist: 868.
num_chunk_merges: 0.
num_chunk_splits: 562.
num_chunks_enlarged: 431.
num_purges: 0.

CodeHeap 'non-profiled nmethods': size=120000Kb used=1007Kb max_used=1007Kb free=118992Kb
 bounds [0x0000022fda1c0000, 0x0000022fda430000, 0x0000022fe16f0000]
CodeHeap 'profiled nmethods': size=120000Kb used=4102Kb max_used=4102Kb free=115897Kb
 bounds [0x0000022fd2c90000, 0x0000022fd30a0000, 0x0000022fda1c0000]
CodeHeap 'non-nmethods': size=5760Kb used=1276Kb max_used=1340Kb free=4484Kb
 bounds [0x0000022fd26f0000, 0x0000022fd2960000, 0x0000022fd2c90000]
 total_blobs=2795 nmethods=2216 adapters=491
 compilation: enabled
              stopped_count=0, restarted_count=0
 full_count=0

Compilation events (20 events):
Event: 104.758 Thread 0x0000022fe9928b70 2208       3       java.util.concurrent.ConcurrentHashMap::values (25 bytes)
Event: 104.758 Thread 0x0000022fe9928b70 nmethod 2208 0x0000022fd308df90 code [0x0000022fd308e160, 0x0000022fd308e4f8]
Event: 105.858 Thread 0x0000022fe9928b70 2209       3       org.asynchttpclient.netty.channel.DefaultChannelPool::access$500 (4 bytes)
Event: 105.858 Thread 0x0000022fe9928b70 nmethod 2209 0x0000022fd308e610 code [0x0000022fd308e7a0, 0x0000022fd308e898]
Event: 119.048 Thread 0x0000022fe9928b70 2210       3       io.netty.channel.socket.nio.NioSocketChannel::javaChannel (8 bytes)
Event: 119.049 Thread 0x0000022fe9928b70 nmethod 2210 0x0000022fd308e910 code [0x0000022fd308eac0, 0x0000022fd308ecd8]
Event: 119.844 Thread 0x0000022fe9928b70 2211       3       org.asynchttpclient.util.DateUtils::unpreciseMillisTime (4 bytes)
Event: 119.844 Thread 0x0000022fe9928b70 nmethod 2211 0x0000022fd308ed90 code [0x0000022fd308ef20, 0x0000022fd308f038]
Event: 119.844 Thread 0x0000022fe9928b70 2212       3       java.util.Formatter::checkText (58 bytes)
Event: 119.845 Thread 0x0000022fe9928b70 nmethod 2212 0x0000022fd308f110 code [0x0000022fd308f3a0, 0x0000022fd308ffd8]
Event: 119.845 Thread 0x0000022fe9928b70 2213       3       java.util.regex.Matcher::find (35 bytes)
Event: 119.845 Thread 0x0000022fe9928b70 nmethod 2213 0x0000022fd3090510 code [0x0000022fd3090700, 0x0000022fd3090af8]
Event: 119.845 Thread 0x0000022fe9928b70 2214       3       com.google.common.collect.TransformedIterator::hasNext (10 bytes)
Event: 119.846 Thread 0x0000022fe9928b70 nmethod 2214 0x0000022fd3090c90 code [0x0000022fd3090e40, 0x0000022fd3091008]
Event: 119.846 Thread 0x0000022fe9928b70 2215       3       java.util.ArrayList::spliterator (12 bytes)
Event: 119.846 Thread 0x0000022fe9928b70 nmethod 2215 0x0000022fd3091110 code [0x0000022fd30912c0, 0x0000022fd3091558]
Event: 119.846 Thread 0x0000022fe9928b70 2216       3       java.util.ArrayList$ArrayListSpliterator::<init> (26 bytes)
Event: 119.846 Thread 0x0000022fe9928b70 nmethod 2216 0x0000022fd3091690 code [0x0000022fd3091840, 0x0000022fd3091a18]
Event: 119.848 Thread 0x0000022fe9928170 2217       4       java.lang.ref.Cleaner$1::apply (9 bytes)
Event: 119.848 Thread 0x0000022fe9928170 nmethod 2217 0x0000022fda2bbb90 code [0x0000022fda2bbd20, 0x0000022fda2bbdd8]

GC Heap History (7 events):
Event: 0.936 GC heap before
{Heap before GC invocations=0 (full 0):
 garbage-first heap   total 131072K, used 22528K [0x0000000081600000, 0x0000000100000000)
  region size 1024K, 23 young (23552K), 0 survivors (0K)
 Metaspace       used 15158K, committed 15360K, reserved 1064960K
  class space    used 1503K, committed 1600K, reserved 1048576K
}
Event: 0.941 GC heap after
{Heap after GC invocations=1 (full 0):
 garbage-first heap   total 131072K, used 6492K [0x0000000081600000, 0x0000000100000000)
  region size 1024K, 3 young (3072K), 3 survivors (3072K)
 Metaspace       used 15158K, committed 15360K, reserved 1064960K
  class space    used 1503K, committed 1600K, reserved 1048576K
}
Event: 1.315 GC heap before
{Heap before GC invocations=1 (full 0):
 garbage-first heap   total 131072K, used 26972K [0x0000000081600000, 0x0000000100000000)
  region size 1024K, 24 young (24576K), 3 survivors (3072K)
 Metaspace       used 20990K, committed 21248K, reserved 1073152K
  class space    used 2217K, committed 2368K, reserved 1048576K
}
Event: 1.319 GC heap after
{Heap after GC invocations=2 (full 0):
 garbage-first heap   total 131072K, used 8681K [0x0000000081600000, 0x0000000100000000)
  region size 1024K, 3 young (3072K), 3 survivors (3072K)
 Metaspace       used 20990K, committed 21248K, reserved 1073152K
  class space    used 2217K, committed 2368K, reserved 1048576K
}
Event: 2.584 GC heap before
{Heap before GC invocations=3 (full 0):
 garbage-first heap   total 37888K, used 33257K [0x0000000081600000, 0x0000000100000000)
  region size 1024K, 28 young (28672K), 3 survivors (3072K)
 Metaspace       used 28476K, committed 28736K, reserved 1081344K
  class space    used 3234K, committed 3328K, reserved 1048576K
}
Event: 2.588 GC heap after
{Heap after GC invocations=4 (full 0):
 garbage-first heap   total 40960K, used 10880K [0x0000000081600000, 0x0000000100000000)
  region size 1024K, 5 young (5120K), 5 survivors (5120K)
 Metaspace       used 28476K, committed 28736K, reserved 1081344K
  class space    used 3234K, committed 3328K, reserved 1048576K
}
Event: 119.849 GC heap before
{Heap before GC invocations=4 (full 0):
 garbage-first heap   total 40960K, used 39552K [0x0000000081600000, 0x0000000100000000)
  region size 1024K, 16 young (16384K), 5 survivors (5120K)
 Metaspace       used 31351K, committed 31552K, reserved 1081344K
  class space    used 3588K, committed 3712K, reserved 1048576K
}

Deoptimization events (20 events):
Event: 1.598 Thread 0x0000022feaafa980 DEOPT PACKING pc=0x0000022fda250378 sp=0x0000004330bfdec0
Event: 1.598 Thread 0x0000022feaafa980 DEOPT UNPACKING pc=0x0000022fd273d72e sp=0x0000004330bfde00 mode 2
Event: 1.601 Thread 0x0000022feaafa980 Uncommon trap: trap_request=0xffffff45 fr.pc=0x0000022fda233cd8 relative=0x00000000000000b8
Event: 1.601 Thread 0x0000022feaafa980 Uncommon trap: reason=unstable_if action=reinterpret pc=0x0000022fda233cd8 method=java.lang.CharacterDataLatin1.digit(II)I @ 12 c2
Event: 1.601 Thread 0x0000022feaafa980 DEOPT PACKING pc=0x0000022fda233cd8 sp=0x0000004330bfe420
Event: 1.601 Thread 0x0000022feaafa980 DEOPT UNPACKING pc=0x0000022fd273d72e sp=0x0000004330bfe2d8 mode 2
Event: 1.613 Thread 0x0000022feaafa980 Uncommon trap: trap_request=0xffffff45 fr.pc=0x0000022fda2340c8 relative=0x00000000000000a8
Event: 1.613 Thread 0x0000022feaafa980 Uncommon trap: reason=unstable_if action=reinterpret pc=0x0000022fda2340c8 method=java.lang.CharacterDataLatin1.digit(II)I @ 12 c2
Event: 1.613 Thread 0x0000022feaafa980 DEOPT PACKING pc=0x0000022fda2340c8 sp=0x0000004330bfe370
Event: 1.613 Thread 0x0000022feaafa980 DEOPT UNPACKING pc=0x0000022fd273d72e sp=0x0000004330bfe2e8 mode 2
Event: 2.448 Thread 0x0000022fcf179bb0 DEOPT PACKING pc=0x0000022fd2ee3b91 sp=0x000000432e9fa770
Event: 2.448 Thread 0x0000022fcf179bb0 DEOPT UNPACKING pc=0x0000022fd273dece sp=0x000000432e9f9c80 mode 0
Event: 72.149 Thread 0x0000022fcf179bb0 Uncommon trap: trap_request=0xffffff45 fr.pc=0x0000022fda2382ec relative=0x000000000000104c
Event: 72.149 Thread 0x0000022fcf179bb0 Uncommon trap: reason=unstable_if action=reinterpret pc=0x0000022fda2382ec method=java.util.concurrent.ConcurrentHashMap.putVal(Ljava/lang/Object;Ljava/lang/Object;Z)Ljava/lang/Object; @ 256 c2
Event: 72.149 Thread 0x0000022fcf179bb0 DEOPT PACKING pc=0x0000022fda2382ec sp=0x000000432e9fd1c0
Event: 72.149 Thread 0x0000022fcf179bb0 DEOPT UNPACKING pc=0x0000022fd273d72e sp=0x000000432e9fd128 mode 2
Event: 96.108 Thread 0x0000022fcf179bb0 Uncommon trap: trap_request=0xffffff45 fr.pc=0x0000022fda289b44 relative=0x0000000000006c64
Event: 96.109 Thread 0x0000022fcf179bb0 Uncommon trap: reason=unstable_if action=reinterpret pc=0x0000022fda289b44 method=jdk.internal.org.objectweb.asm.Frame.execute(IILjdk/internal/org/objectweb/asm/Symbol;Ljdk/internal/org/objectweb/asm/SymbolTable;)V @ 1 c2
Event: 96.109 Thread 0x0000022fcf179bb0 DEOPT PACKING pc=0x0000022fda289b44 sp=0x000000432e9fd1d0
Event: 96.109 Thread 0x0000022fcf179bb0 DEOPT UNPACKING pc=0x0000022fd273d72e sp=0x000000432e9fd188 mode 2

Classes unloaded (0 events):
No events

Classes redefined (0 events):
No events

Internal exceptions (20 events):
Event: 1.632 Thread 0x0000022feab6e030 Exception <a 'java/lang/NoSuchMethodError'{0x0000000082c21a28}: 'java.lang.Object java.lang.invoke.DirectMethodHandle$Holder.invokeStaticInit(java.lang.Object, java.lang.Object, long, java.lang.Object)'> (0x0000000082c21a28) 
thrown [t:\workspace\open\src\hotspot\share\interpreter\linkResolver.cpp, line 790]
Event: 1.633 Thread 0x0000022feab6e030 Exception <a 'java/lang/NoSuchMethodError'{0x0000000082c27da0}: 'java.lang.Object java.lang.invoke.DirectMethodHandle$Holder.newInvokeSpecial(java.lang.Object, java.lang.Object, long)'> (0x0000000082c27da0) 
thrown [t:\workspace\open\src\hotspot\share\interpreter\linkResolver.cpp, line 790]
Event: 1.633 Thread 0x0000022feab6e030 Exception <a 'java/lang/NoSuchMethodError'{0x0000000082c2bb10}: 'java.lang.Object java.lang.invoke.Invokers$Holder.linkToTargetMethod(java.lang.Object, long, java.lang.Object)'> (0x0000000082c2bb10) 
thrown [t:\workspace\open\src\hotspot\share\interpreter\linkResolver.cpp, line 790]
Event: 1.646 Thread 0x0000022feaafa980 Exception <a 'java/net/ConnectException'{0x0000000082cab580}: Connection refused: no further information> (0x0000000082cab580) 
thrown [t:\workspace\open\src\hotspot\share\prims\jni.cpp, line 600]
Event: 1.646 Thread 0x0000022feaafa980 Exception <a 'java/net/SocketException'{0x0000000082cab8b8}: Socket is not connected: shutdown> (0x0000000082cab8b8) 
thrown [t:\workspace\open\src\hotspot\share\prims\jni.cpp, line 600]
Event: 1.687 Thread 0x0000022feaafa980 Exception <a 'java/net/ConnectException'{0x0000000082cac850}: Connection refused: no further information> (0x0000000082cac850) 
thrown [t:\workspace\open\src\hotspot\share\prims\jni.cpp, line 600]
Event: 1.687 Thread 0x0000022feaafa980 Exception <a 'java/net/SocketException'{0x0000000082cacb88}: Socket is not connected: shutdown> (0x0000000082cacb88) 
thrown [t:\workspace\open\src\hotspot\share\prims\jni.cpp, line 600]
Event: 1.770 Thread 0x0000022feaafa980 Exception <a 'java/net/ConnectException'{0x0000000082cadb20}: Connection refused: no further information> (0x0000000082cadb20) 
thrown [t:\workspace\open\src\hotspot\share\prims\jni.cpp, line 600]
Event: 1.770 Thread 0x0000022feaafa980 Exception <a 'java/net/SocketException'{0x0000000082cade58}: Socket is not connected: shutdown> (0x0000000082cade58) 
thrown [t:\workspace\open\src\hotspot\share\prims\jni.cpp, line 600]
Event: 1.957 Thread 0x0000022feaafa980 Exception <a 'java/net/ConnectException'{0x0000000082caedf0}: Connection refused: no further information> (0x0000000082caedf0) 
thrown [t:\workspace\open\src\hotspot\share\prims\jni.cpp, line 600]
Event: 1.957 Thread 0x0000022feaafa980 Exception <a 'java/net/SocketException'{0x0000000082caf128}: Socket is not connected: shutdown> (0x0000000082caf128) 
thrown [t:\workspace\open\src\hotspot\share\prims\jni.cpp, line 600]
Event: 2.325 Thread 0x0000022fcf179bb0 Exception <a 'java/lang/NoSuchMethodError'{0x0000000082b08ea8}: 'double java.lang.invoke.DirectMethodHandle$Holder.invokeVirtual(java.lang.Object, java.lang.Object)'> (0x0000000082b08ea8) 
thrown [t:\workspace\open\src\hotspot\share\interpreter\linkResolver.cpp, line 790]
Event: 2.326 Thread 0x0000022fcf179bb0 Exception <a 'java/lang/NoSuchMethodError'{0x0000000082b0f8b8}: 'float java.lang.invoke.DirectMethodHandle$Holder.invokeVirtual(java.lang.Object, java.lang.Object)'> (0x0000000082b0f8b8) 
thrown [t:\workspace\open\src\hotspot\share\interpreter\linkResolver.cpp, line 790]
Event: 2.327 Thread 0x0000022fcf179bb0 Exception <a 'java/lang/NoSuchMethodError'{0x0000000082b18b60}: 'long java.lang.invoke.DirectMethodHandle$Holder.invokeVirtual(java.lang.Object, java.lang.Object)'> (0x0000000082b18b60) 
thrown [t:\workspace\open\src\hotspot\share\interpreter\linkResolver.cpp, line 790]
Event: 2.356 Thread 0x0000022fcf179bb0 Exception <a 'java/lang/NoSuchMethodError'{0x0000000082a61b88}: 'void java.lang.invoke.DirectMethodHandle$Holder.invokeStatic(java.lang.Object, java.lang.Object, int)'> (0x0000000082a61b88) 
thrown [t:\workspace\open\src\hotspot\share\interpreter\linkResolver.cpp, line 790]
Event: 2.371 Thread 0x0000022fcf179bb0 Exception <a 'java/lang/NoSuchMethodError'{0x000000008291f450}: 'java.lang.Object java.lang.invoke.DirectMethodHandle$Holder.newInvokeSpecial(java.lang.Object, java.lang.Object, java.lang.Object, java.lang.Object, java.lang.Object)'> (0x000000008291f450) 
thrown [t:\workspace\open\src\hotspot\share\interpreter\linkResolver.cpp, line 790]
Event: 2.388 Thread 0x0000022fcf179bb0 Exception <a 'java/lang/NoSuchMethodError'{0x00000000829fc4a0}: 'int java.lang.invoke.DirectMethodHandle$Holder.invokeSpecialIFC(java.lang.Object, java.lang.Object, java.lang.Object)'> (0x00000000829fc4a0) 
thrown [t:\workspace\open\src\hotspot\share\interpreter\linkResolver.cpp, line 790]
Event: 2.441 Thread 0x0000022fcf179bb0 Exception <a 'java/lang/NoSuchMethodError'{0x0000000082560858}: 'void java.lang.invoke.DirectMethodHandle$Holder.invokeSpecial(java.lang.Object, java.lang.Object, java.lang.Object, java.lang.Object, java.lang.Object, java.lang.Object)'> (0x0000000082560858) 
thrown [t:\workspace\open\src\hotspot\share\interpreter\linkResolver.cpp, line 790]
Event: 71.097 Thread 0x0000022fcf179bb0 Exception <a 'java/lang/NoSuchMethodError'{0x0000000087fec0b0}: 'java.lang.Object java.lang.invoke.DirectMethodHandle$Holder.invokeSpecialIFC(java.lang.Object, java.lang.Object, java.lang.Object)'> (0x0000000087fec0b0) 
thrown [t:\workspace\open\src\hotspot\share\interpreter\linkResolver.cpp, line 790]
Event: 72.206 Thread 0x0000022fcf179bb0 Exception <a 'java/lang/ClassNotFoundException'{0x0000000087bdea48}: sun/util/logging/resources/spi/loggingProvider> (0x0000000087bdea48) 
thrown [t:\workspace\open\src\hotspot\share\classfile\systemDictionary.cpp, line 256]

Events (20 events):
Event: 73.405 loading class java/util/stream/SortedOps$SizedRefSortingSink done
Event: 74.114 Executing  VM operation: Cleanup
Event: 74.114 Executing  VM operation: Cleanup done
Event: 92.242 Executing  VM operation: Cleanup
Event: 92.242 Executing  VM operation: Cleanup done
Event: 96.100 loading class java/lang/annotation/ElementType
Event: 96.101 loading class java/lang/annotation/ElementType done
Event: 96.113 loading class java/util/AbstractList$ListItr
Event: 96.113 loading class java/util/AbstractList$ListItr done
Event: 96.270 Executing  VM operation: Cleanup
Event: 96.270 Executing  VM operation: Cleanup done
Event: 99.837 loading class java/net/URLEncoder
Event: 99.883 loading class java/net/URLEncoder done
Event: 99.883 loading class java/io/CharArrayWriter
Event: 99.883 loading class java/io/CharArrayWriter done
Event: 100.297 Executing  VM operation: Cleanup
Event: 100.297 Executing  VM operation: Cleanup done
Event: 104.319 Executing  VM operation: Cleanup
Event: 104.320 Executing  VM operation: Cleanup done
Event: 119.848 Executing  VM operation: G1CollectForAllocation


Dynamic libraries:
0x00007ff7eb790000 - 0x00007ff7eb79e000 	C:\Users\lenovo\.p2\pool\plugins\org.eclipse.justj.openjdk.hotspot.jre.full.win32.x86_64_16.0.2.v20210721-1149\jre\bin\javaw.exe
0x00007ff9d58d0000 - 0x00007ff9d5ac5000 	C:\WINDOWS\SYSTEM32\ntdll.dll
0x00007ff9d4c90000 - 0x00007ff9d4d4e000 	C:\WINDOWS\System32\KERNEL32.DLL
0x00007ff9d3570000 - 0x00007ff9d3838000 	C:\WINDOWS\System32\KERNELBASE.dll
0x00007ff9d2ff0000 - 0x00007ff9d30f0000 	C:\WINDOWS\System32\ucrtbase.dll
0x00007ff9cc680000 - 0x00007ff9cc698000 	C:\Users\lenovo\.p2\pool\plugins\org.eclipse.justj.openjdk.hotspot.jre.full.win32.x86_64_16.0.2.v20210721-1149\jre\bin\jli.dll
0x00007ff9cdb20000 - 0x00007ff9cdb39000 	C:\Users\lenovo\.p2\pool\plugins\org.eclipse.justj.openjdk.hotspot.jre.full.win32.x86_64_16.0.2.v20210721-1149\jre\bin\VCRUNTIME140.dll
0x00007ff9d4e70000 - 0x00007ff9d5011000 	C:\WINDOWS\System32\USER32.dll
0x00007ff9b62b0000 - 0x00007ff9b654a000 	C:\WINDOWS\WinSxS\amd64_microsoft.windows.common-controls_6595b64144ccf1df_6.0.19041.1110_none_60b5254171f9507e\COMCTL32.dll
0x00007ff9d3840000 - 0x00007ff9d3862000 	C:\WINDOWS\System32\win32u.dll
0x00007ff9d4bf0000 - 0x00007ff9d4c1b000 	C:\WINDOWS\System32\GDI32.dll
0x00007ff9d3c80000 - 0x00007ff9d3d1e000 	C:\WINDOWS\System32\msvcrt.dll
0x00007ff9d3250000 - 0x00007ff9d335b000 	C:\WINDOWS\System32\gdi32full.dll
0x00007ff9d34d0000 - 0x00007ff9d356d000 	C:\WINDOWS\System32\msvcp_win.dll
0x00007ff9d5860000 - 0x00007ff9d5890000 	C:\WINDOWS\System32\IMM32.DLL
0x00007ff9cc670000 - 0x00007ff9cc67c000 	C:\Users\lenovo\.p2\pool\plugins\org.eclipse.justj.openjdk.hotspot.jre.full.win32.x86_64_16.0.2.v20210721-1149\jre\bin\vcruntime140_1.dll
0x00007ff9b3090000 - 0x00007ff9b3121000 	C:\Users\lenovo\.p2\pool\plugins\org.eclipse.justj.openjdk.hotspot.jre.full.win32.x86_64_16.0.2.v20210721-1149\jre\bin\msvcp140.dll
0x00007ff97f080000 - 0x00007ff97fc2b000 	C:\Users\lenovo\.p2\pool\plugins\org.eclipse.justj.openjdk.hotspot.jre.full.win32.x86_64_16.0.2.v20210721-1149\jre\bin\server\jvm.dll
0x00007ff9d4d50000 - 0x00007ff9d4dfc000 	C:\WINDOWS\System32\ADVAPI32.dll
0x00007ff9d57c0000 - 0x00007ff9d585b000 	C:\WINDOWS\System32\sechost.dll
0x00007ff9d5630000 - 0x00007ff9d575a000 	C:\WINDOWS\System32\RPCRT4.dll
0x00007ff9d4be0000 - 0x00007ff9d4be8000 	C:\WINDOWS\System32\PSAPI.DLL
0x00007ff9bb4e0000 - 0x00007ff9bb4e9000 	C:\WINDOWS\SYSTEM32\WSOCK32.dll
0x00007ff9d4e00000 - 0x00007ff9d4e6b000 	C:\WINDOWS\System32\WS2_32.dll
0x00007ff9cc150000 - 0x00007ff9cc15a000 	C:\WINDOWS\SYSTEM32\VERSION.dll
0x00007ff9b5280000 - 0x00007ff9b52a7000 	C:\WINDOWS\SYSTEM32\WINMM.dll
0x00007ff9d0ef0000 - 0x00007ff9d0f02000 	C:\WINDOWS\SYSTEM32\kernel.appcore.dll
0x00007ff9c36f0000 - 0x00007ff9c36fa000 	C:\Users\lenovo\.p2\pool\plugins\org.eclipse.justj.openjdk.hotspot.jre.full.win32.x86_64_16.0.2.v20210721-1149\jre\bin\jimage.dll
0x00007ff9c2100000 - 0x00007ff9c22e4000 	C:\WINDOWS\SYSTEM32\DBGHELP.DLL
0x00007ff9c20d0000 - 0x00007ff9c20fc000 	C:\WINDOWS\SYSTEM32\dbgcore.DLL
0x00007ff9d3440000 - 0x00007ff9d34c3000 	C:\WINDOWS\System32\bcryptPrimitives.dll
0x00007ff983f80000 - 0x00007ff983fa5000 	C:\Users\lenovo\.p2\pool\plugins\org.eclipse.justj.openjdk.hotspot.jre.full.win32.x86_64_16.0.2.v20210721-1149\jre\bin\java.dll
0x00007ff984e30000 - 0x00007ff984e48000 	C:\Users\lenovo\.p2\pool\plugins\org.eclipse.justj.openjdk.hotspot.jre.full.win32.x86_64_16.0.2.v20210721-1149\jre\bin\zip.dll
0x00007ff9d44a0000 - 0x00007ff9d4bdf000 	C:\WINDOWS\System32\SHELL32.dll
0x00007ff9d10f0000 - 0x00007ff9d1880000 	C:\WINDOWS\SYSTEM32\windows.storage.dll
0x00007ff9d3920000 - 0x00007ff9d3c75000 	C:\WINDOWS\System32\combase.dll
0x00007ff9d2a40000 - 0x00007ff9d2a6e000 	C:\WINDOWS\SYSTEM32\Wldp.dll
0x00007ff9d5580000 - 0x00007ff9d562d000 	C:\WINDOWS\System32\SHCORE.dll
0x00007ff9d3d20000 - 0x00007ff9d3d75000 	C:\WINDOWS\System32\shlwapi.dll
0x00007ff9d2f30000 - 0x00007ff9d2f4f000 	C:\WINDOWS\SYSTEM32\profapi.dll
0x00007ff97f060000 - 0x00007ff97f079000 	C:\Users\lenovo\.p2\pool\plugins\org.eclipse.justj.openjdk.hotspot.jre.full.win32.x86_64_16.0.2.v20210721-1149\jre\bin\net.dll
0x00007ff9c4560000 - 0x00007ff9c466c000 	C:\WINDOWS\SYSTEM32\WINHTTP.dll
0x00007ff9d27a0000 - 0x00007ff9d280a000 	C:\WINDOWS\system32\mswsock.dll
0x00007ff97f040000 - 0x00007ff97f053000 	C:\Users\lenovo\.p2\pool\plugins\org.eclipse.justj.openjdk.hotspot.jre.full.win32.x86_64_16.0.2.v20210721-1149\jre\bin\nio.dll
0x00007ff9d24e0000 - 0x00007ff9d25ab000 	C:\WINDOWS\SYSTEM32\DNSAPI.dll
0x00007ff9d2440000 - 0x00007ff9d247b000 	C:\WINDOWS\SYSTEM32\IPHLPAPI.DLL
0x00007ff9d3f70000 - 0x00007ff9d3f78000 	C:\WINDOWS\System32\NSI.dll
0x00007ff9c42b0000 - 0x00007ff9c42ba000 	C:\Windows\System32\rasadhlp.dll
0x00007ff9c3b50000 - 0x00007ff9c3bcf000 	C:\WINDOWS\System32\fwpuclnt.dll
0x00007ff9d33b0000 - 0x00007ff9d33d7000 	C:\WINDOWS\System32\bcrypt.dll
0x00007ff9d2990000 - 0x00007ff9d29a8000 	C:\WINDOWS\SYSTEM32\CRYPTSP.dll
0x00007ff9d20b0000 - 0x00007ff9d20e4000 	C:\WINDOWS\system32\rsaenh.dll
0x00007ff9d2eb0000 - 0x00007ff9d2ede000 	C:\WINDOWS\SYSTEM32\USERENV.dll
0x00007ff9d29b0000 - 0x00007ff9d29bc000 	C:\WINDOWS\SYSTEM32\CRYPTBASE.dll
0x00007ff9c9650000 - 0x00007ff9c9667000 	C:\WINDOWS\SYSTEM32\dhcpcsvc6.DLL
0x00007ff9c9630000 - 0x00007ff9c964d000 	C:\WINDOWS\SYSTEM32\dhcpcsvc.DLL
0x00007ff9b8950000 - 0x00007ff9b8960000 	C:\Users\lenovo\.p2\pool\plugins\org.eclipse.justj.openjdk.hotspot.jre.full.win32.x86_64_16.0.2.v20210721-1149\jre\bin\verify.dll
0x00007ff9ceea0000 - 0x00007ff9ceea9000 	C:\Users\lenovo\.p2\pool\plugins\org.eclipse.justj.openjdk.hotspot.jre.full.win32.x86_64_16.0.2.v20210721-1149\jre\bin\management.dll
0x00007ff9cc7f0000 - 0x00007ff9cc7fb000 	C:\Users\lenovo\.p2\pool\plugins\org.eclipse.justj.openjdk.hotspot.jre.full.win32.x86_64_16.0.2.v20210721-1149\jre\bin\management_ext.dll
0x00007ff9b90b0000 - 0x00007ff9b90be000 	C:\Users\lenovo\.p2\pool\plugins\org.eclipse.justj.openjdk.hotspot.jre.full.win32.x86_64_16.0.2.v20210721-1149\jre\bin\sunmscapi.dll
0x00007ff9d30f0000 - 0x00007ff9d3246000 	C:\WINDOWS\System32\CRYPT32.dll
0x00007ff9d2ab0000 - 0x00007ff9d2ad7000 	C:\WINDOWS\SYSTEM32\ncrypt.dll
0x00007ff9d2a70000 - 0x00007ff9d2aab000 	C:\WINDOWS\SYSTEM32\NTASN1.dll
0x00007ff9cef00000 - 0x00007ff9cef07000 	C:\WINDOWS\system32\wshunix.dll
0x00007ff9bfed0000 - 0x00007ff9bfee7000 	C:\WINDOWS\system32\napinsp.dll
0x00007ff9bfe80000 - 0x00007ff9bfe9b000 	C:\WINDOWS\system32\pnrpnsp.dll
0x00007ff9cdbb0000 - 0x00007ff9cdbc5000 	C:\WINDOWS\system32\wshbth.dll
0x00007ff9cc120000 - 0x00007ff9cc13d000 	C:\WINDOWS\system32\NLAapi.dll
0x00007ff9bfdc0000 - 0x00007ff9bfdd2000 	C:\WINDOWS\System32\winrnr.dll

dbghelp: loaded successfully - version: 4.0.5 - missing functions: none
symbol engine: initialized successfully - sym options: 0x614 - pdb path: .;C:\Users\lenovo\.p2\pool\plugins\org.eclipse.justj.openjdk.hotspot.jre.full.win32.x86_64_16.0.2.v20210721-1149\jre\bin;C:\WINDOWS\SYSTEM32;C:\WINDOWS\WinSxS\amd64_microsoft.windows.common-controls_6595b64144ccf1df_6.0.19041.1110_none_60b5254171f9507e;C:\Users\lenovo\.p2\pool\plugins\org.eclipse.justj.openjdk.hotspot.jre.full.win32.x86_64_16.0.2.v20210721-1149\jre\bin\server

VM Arguments:
jvm_args: -ea -Dfile.encoding=Cp1252 -XX:+ShowCodeDetailsInExceptionMessages 
java_command: org.testng.remote.RemoteTestNG -serport 63692 -protocol json -d F:\eclipse-workspace\SDET_2_PRA\test-output C:\Users\lenovo\AppData\Local\Temp\testng-eclipse-1132713161\testng-customsuite.xml
java_class_path (initial): F:\KCSM7\eclipse\configuration\org.eclipse.osgi\442\0\.cp\lib\testng-remote.jar;F:\eclipse-workspace\SDET_2_PRA\target\test-classes;F:\eclipse-workspace\SDET_2_PRA\target\classes;C:\Users\lenovo\.p2\pool\plugins\org.testng_7.4.0.r202105021533.jar;C:\Users\lenovo\.p2\pool\plugins\com.beust.jcommander_1.78.0.jar;C:\Users\lenovo\.p2\pool\plugins\org.apache-extras.beanshell.bsh_2.0.0.b6.jar;C:\Users\lenovo\.p2\pool\plugins\org.yaml.snakeyaml_1.21.0.jar;C:\Users\lenovo\.p2\pool\plugins\org.webjars.jquery_3.5.1.jar;C:\Users\lenovo\.m2\repository\org\seleniumhq\selenium\selenium-java\4.1.0\selenium-java-4.1.0.jar;C:\Users\lenovo\.m2\repository\org\seleniumhq\selenium\selenium-api\4.1.0\selenium-api-4.1.0.jar;C:\Users\lenovo\.m2\repository\org\seleniumhq\selenium\selenium-chrome-driver\4.1.0\selenium-chrome-driver-4.1.0.jar;C:\Users\lenovo\.m2\repository\com\google\auto\service\auto-service-annotations\1.0.1\auto-service-annotations-1.0.1.jar;C:\Users\lenovo\.m2\repository\com\google\auto\service\auto-service\1.0.1\auto-service-1.0.1.jar;C:\Users\lenovo\.m2\repository\com\google\auto\auto-common\1.2\auto-common-1.2.jar;C:\Users\lenovo\.m2\repository\com\google\guava\guava\31.0.1-jre\guava-31.0.1-jre.jar;C:\Users\lenovo\.m2\repository\com\google\guava\failureaccess\1.0.1\failureaccess-1.0.1.jar;C:\Users\lenovo\.m2\repository\com\google\guava\listenablefuture\9999.0-empty-to-avoid-conflict-with-guava\listenablefuture-9999.0-empty-to-avoid-conflict-with-guava.jar;C:\Users\lenovo\.m2\repository\com\google\code\findbugs\jsr305\3.0.2\jsr305-3.0.2.jar;C:\Users\lenovo\.m2\repository\org\checkerframework\checker-qual\3.12.0\checker-qual-3.12.0.jar;C:\Users\lenovo\.m2\repository\com\google\errorprone\error_prone_annotations\2.7.1\error_prone_annotations-2.7.1.jar;C:\Users\lenovo\.m2\repository\com\google\j2objc\j2objc-annotations\1.3\j2objc-annotations-1.3.jar;C:\Users\lenovo\.m2\repository\org\seleniumhq\selenium\selenium-chromium-driver\4.1.0\selenium-c
Launcher Type: SUN_STANDARD

[Global flags]
     intx CICompilerCount                          = 4                                         {product} {ergonomic}
     uint ConcGCThreads                            = 2                                         {product} {ergonomic}
     uint G1ConcRefinementThreads                  = 8                                         {product} {ergonomic}
   size_t G1HeapRegionSize                         = 1048576                                   {product} {ergonomic}
    uintx GCDrainStackTargetSize                   = 64                                        {product} {ergonomic}
   size_t InitialHeapSize                          = 134217728                                 {product} {ergonomic}
   size_t MarkStackSize                            = 4194304                                   {product} {ergonomic}
   size_t MaxHeapSize                              = 2124414976                                {product} {ergonomic}
   size_t MaxNewSize                               = 1274019840                                {product} {ergonomic}
   size_t MinHeapDeltaBytes                        = 1048576                                   {product} {ergonomic}
   size_t MinHeapSize                              = 8388608                                   {product} {ergonomic}
    uintx NonNMethodCodeHeapSize                   = 5839372                                {pd product} {ergonomic}
    uintx NonProfiledCodeHeapSize                  = 122909434                              {pd product} {ergonomic}
    uintx ProfiledCodeHeapSize                     = 122909434                              {pd product} {ergonomic}
    uintx ReservedCodeCacheSize                    = 251658240                              {pd product} {ergonomic}
     bool SegmentedCodeCache                       = true                                      {product} {ergonomic}
     bool ShowCodeDetailsInExceptionMessages       = true                                   {manageable} {command line}
   size_t SoftMaxHeapSize                          = 2124414976                             {manageable} {ergonomic}
     bool UseCompressedClassPointers               = true                           {product lp64_product} {ergonomic}
     bool UseCompressedOops                        = true                           {product lp64_product} {ergonomic}
     bool UseG1GC                                  = true                                      {product} {ergonomic}
     bool UseLargePagesIndividualAllocation        = false                                  {pd product} {ergonomic}

Logging:
Log output configuration:
 #0: stdout all=warning uptime,level,tags
 #1: stderr all=off uptime,level,tags

Environment Variables:
JAVA_HOME=C:\Program Files\Java\jdk1.8.0_162
PATH=C:/Users/lenovo/.p2/pool/plugins/org.eclipse.justj.openjdk.hotspot.jre.full.win32.x86_64_16.0.2.v20210721-1149/jre/bin/server;C:/Users/lenovo/.p2/pool/plugins/org.eclipse.justj.openjdk.hotspot.jre.full.win32.x86_64_16.0.2.v20210721-1149/jre/bin;F:\oracle\product\10.2.0\db_1\bin;C:\ProgramData\Oracle\Java\javapath;C:\WINDOWS\system32\wbem;C:\WINDOWS;C:\WINDOWS\System32\Wbem;"C:\WINDOWS\System32\WindowsPowerShell\v1.0\;C:\Program Files\Java\jdk1.8.0_102";C:\WINDOWS\System32\OpenSSH\;C:\Program Files (x86)\OpenCTM 1.0.3\bin;C:\Program Files (x86)\Brackets\command;C:\Program Files\Java;C:\Program Files\Java\jdk1.8.0_162\bin;C:\WINDOWS\system32;C:\WINDOWS\System32\WindowsPowerShell\v1.0\;C:\Program Files\nodejs\;C:\apache-maven-3.8.4-bin\apache-maven-3.8.4\bin;C:\Program Files\Git\cmd;C:\Users\lenovo\AppData\Local\Microsoft\WindowsApps;;C:\Users\lenovo\AppData\Local\Programs\Microsoft VS Code\bin;C:\Users\lenovo\AppData\Roaming\npm;C:\WINDOWS\system32;
USERNAME=lenovo
OS=Windows_NT
PROCESSOR_IDENTIFIER=Intel64 Family 6 Model 142 Stepping 10, GenuineIntel



---------------  S Y S T E M  ---------------

OS:
 Windows 10 , 64 bit Build 19041 (10.0.19041.1348)
OS uptime: 0 days 2:04 hours

CPU: total 8 (initial active 8) (4 cores per cpu, 2 threads per core) family 6 model 142 stepping 10 microcode 0xb4, cx8, cmov, fxsr, ht, mmx, 3dnowpref, sse, sse2, sse3, ssse3, sse4.1, sse4.2, popcnt, lzcnt, tsc, tscinvbit, avx, avx2, aes, erms, clmul, bmi1, bmi2, adx, fma, vzeroupper, clflush, clflushopt

Memory: 4k page, system-wide physical 8101M (194M free)
TotalPageFile size 32677M (AvailPageFile size 9M)
current process WorkingSet (physical memory assigned to process): 170M, peak: 182M
current process commit charge ("private bytes"): 204M, peak: 235M

vm_info: OpenJDK 64-Bit Server VM (16.0.2+7-67) for windows-amd64 JRE (16.0.2+7-67), built on Jun  8 2021 23:21:43 by "mach5one" with MS VC++ 16.7 (VS2019)

END.
